[2020-11-17T09:13:17.374] [DEBUG] net_none - ::1 - - "POST /user/auth HTTP/1.1" 200 266 "http://localhost:8080/" "Mozilla/5.0 (Windows NT 10.0; Win64; x64) AppleWebKit/537.36 (KHTML, like Gecko) Chrome/86.0.4240.198 Safari/537.36"
[2020-11-17T09:13:22.447] [DEBUG] net_none - ::1 - - "POST /user/login HTTP/1.1" 200 266 "http://localhost:8080/" "Mozilla/5.0 (Windows NT 10.0; Win64; x64) AppleWebKit/537.36 (KHTML, like Gecko) Chrome/86.0.4240.198 Safari/537.36"
[2020-11-17T09:13:23.451] [DEBUG] net_none - ::1 - - "GET /codeSegment/get HTTP/1.1" 304 - "http://localhost:8080/" "Mozilla/5.0 (Windows NT 10.0; Win64; x64) AppleWebKit/537.36 (KHTML, like Gecko) Chrome/86.0.4240.198 Safari/537.36"
[2020-11-17T09:13:23.456] [DEBUG] net_none - ::1 - - "GET /project/get-all?account=123 HTTP/1.1" 304 - "http://localhost:8080/" "Mozilla/5.0 (Windows NT 10.0; Win64; x64) AppleWebKit/537.36 (KHTML, like Gecko) Chrome/86.0.4240.198 Safari/537.36"
[2020-11-17T09:15:26.022] [DEBUG] net_none - ::1 - - "GET /codeSegment/get HTTP/1.1" 304 - "http://localhost:8080/" "Mozilla/5.0 (Windows NT 10.0; Win64; x64) AppleWebKit/537.36 (KHTML, like Gecko) Chrome/86.0.4240.198 Safari/537.36"
[2020-11-17T09:15:26.024] [DEBUG] net_none - ::1 - - "GET /project/get-all?account=123 HTTP/1.1" 304 - "http://localhost:8080/" "Mozilla/5.0 (Windows NT 10.0; Win64; x64) AppleWebKit/537.36 (KHTML, like Gecko) Chrome/86.0.4240.198 Safari/537.36"
[2020-11-17T09:15:28.072] [DEBUG] net_none - ::1 - - "GET /codeSegment/get?sortType=1 HTTP/1.1" 200 41 "http://localhost:8080/" "Mozilla/5.0 (Windows NT 10.0; Win64; x64) AppleWebKit/537.36 (KHTML, like Gecko) Chrome/86.0.4240.198 Safari/537.36"
[2020-11-17T09:15:30.846] [DEBUG] net_none - ::1 - - "GET /collection/get?account_id= HTTP/1.1" 200 49 "http://localhost:8080/" "Mozilla/5.0 (Windows NT 10.0; Win64; x64) AppleWebKit/537.36 (KHTML, like Gecko) Chrome/86.0.4240.198 Safari/537.36"
[2020-11-17T09:15:31.692] [DEBUG] net_none - ::1 - - "GET /codeSegment/get?sortType=1 HTTP/1.1" 304 - "http://localhost:8080/" "Mozilla/5.0 (Windows NT 10.0; Win64; x64) AppleWebKit/537.36 (KHTML, like Gecko) Chrome/86.0.4240.198 Safari/537.36"
[2020-11-17T09:15:32.622] [DEBUG] net_none - ::1 - - "GET /collection/get?account_id= HTTP/1.1" 304 - "http://localhost:8080/" "Mozilla/5.0 (Windows NT 10.0; Win64; x64) AppleWebKit/537.36 (KHTML, like Gecko) Chrome/86.0.4240.198 Safari/537.36"
[2020-11-17T09:15:32.915] [DEBUG] net_none - ::1 - - "GET /codeSegment/get?sortType=1 HTTP/1.1" 304 - "http://localhost:8080/" "Mozilla/5.0 (Windows NT 10.0; Win64; x64) AppleWebKit/537.36 (KHTML, like Gecko) Chrome/86.0.4240.198 Safari/537.36"
[2020-11-17T09:15:33.364] [DEBUG] net_none - ::1 - - "GET /project/get-all?account=123 HTTP/1.1" 304 - "http://localhost:8080/" "Mozilla/5.0 (Windows NT 10.0; Win64; x64) AppleWebKit/537.36 (KHTML, like Gecko) Chrome/86.0.4240.198 Safari/537.36"
[2020-11-17T09:15:33.810] [DEBUG] net_none - ::1 - - "GET /codeSegment/get?sortType=1 HTTP/1.1" 304 - "http://localhost:8080/" "Mozilla/5.0 (Windows NT 10.0; Win64; x64) AppleWebKit/537.36 (KHTML, like Gecko) Chrome/86.0.4240.198 Safari/537.36"
[2020-11-17T09:15:34.503] [DEBUG] net_none - ::1 - - "GET /collection/get?account_id= HTTP/1.1" 304 - "http://localhost:8080/" "Mozilla/5.0 (Windows NT 10.0; Win64; x64) AppleWebKit/537.36 (KHTML, like Gecko) Chrome/86.0.4240.198 Safari/537.36"
[2020-11-17T09:15:35.094] [DEBUG] net_none - ::1 - - "GET /codeSegment/get?sortType=1 HTTP/1.1" 304 - "http://localhost:8080/" "Mozilla/5.0 (Windows NT 10.0; Win64; x64) AppleWebKit/537.36 (KHTML, like Gecko) Chrome/86.0.4240.198 Safari/537.36"
[2020-11-17T09:15:35.452] [DEBUG] net_none - ::1 - - "GET /project/get-all?account=123 HTTP/1.1" 304 - "http://localhost:8080/" "Mozilla/5.0 (Windows NT 10.0; Win64; x64) AppleWebKit/537.36 (KHTML, like Gecko) Chrome/86.0.4240.198 Safari/537.36"
[2020-11-17T09:15:36.110] [DEBUG] net_none - ::1 - - "GET /codeSegment/get?sortType=1 HTTP/1.1" 304 - "http://localhost:8080/" "Mozilla/5.0 (Windows NT 10.0; Win64; x64) AppleWebKit/537.36 (KHTML, like Gecko) Chrome/86.0.4240.198 Safari/537.36"
[2020-11-17T09:15:37.199] [DEBUG] net_none - ::1 - - "GET /project/get-all?account=123 HTTP/1.1" 304 - "http://localhost:8080/" "Mozilla/5.0 (Windows NT 10.0; Win64; x64) AppleWebKit/537.36 (KHTML, like Gecko) Chrome/86.0.4240.198 Safari/537.36"
[2020-11-17T09:15:37.895] [DEBUG] net_none - ::1 - - "GET /codeSegment/get?sortType=1 HTTP/1.1" 304 - "http://localhost:8080/" "Mozilla/5.0 (Windows NT 10.0; Win64; x64) AppleWebKit/537.36 (KHTML, like Gecko) Chrome/86.0.4240.198 Safari/537.36"
[2020-11-17T09:15:44.198] [DEBUG] net_none - ::1 - - "GET /project/get-all?account=123 HTTP/1.1" 304 - "http://localhost:8080/" "Mozilla/5.0 (Windows NT 10.0; Win64; x64) AppleWebKit/537.36 (KHTML, like Gecko) Chrome/86.0.4240.198 Safari/537.36"
[2020-11-17T09:15:49.469] [DEBUG] net_none - ::1 - - "GET /codeSegment/get?sortType=1 HTTP/1.1" 304 - "http://localhost:8080/" "Mozilla/5.0 (Windows NT 10.0; Win64; x64) AppleWebKit/537.36 (KHTML, like Gecko) Chrome/86.0.4240.198 Safari/537.36"
[2020-11-17T09:15:55.485] [DEBUG] net_none - ::1 - - "GET /project/get-all?account=123 HTTP/1.1" 304 - "http://localhost:8080/" "Mozilla/5.0 (Windows NT 10.0; Win64; x64) AppleWebKit/537.36 (KHTML, like Gecko) Chrome/86.0.4240.198 Safari/537.36"
[2020-11-17T09:16:55.413] [DEBUG] net_none - ::1 - - "GET /collection/get?account_id= HTTP/1.1" 304 - "http://localhost:8080/" "Mozilla/5.0 (Windows NT 10.0; Win64; x64) AppleWebKit/537.36 (KHTML, like Gecko) Chrome/86.0.4240.198 Safari/537.36"
[2020-11-17T09:16:56.213] [DEBUG] net_none - ::1 - - "GET /codeSegment/get?sortType=1 HTTP/1.1" 304 - "http://localhost:8080/" "Mozilla/5.0 (Windows NT 10.0; Win64; x64) AppleWebKit/537.36 (KHTML, like Gecko) Chrome/86.0.4240.198 Safari/537.36"
[2020-11-17T09:16:56.663] [DEBUG] net_none - ::1 - - "GET /project/get-all?account=123 HTTP/1.1" 304 - "http://localhost:8080/" "Mozilla/5.0 (Windows NT 10.0; Win64; x64) AppleWebKit/537.36 (KHTML, like Gecko) Chrome/86.0.4240.198 Safari/537.36"
[2020-11-17T09:16:56.876] [DEBUG] net_none - ::1 - - "GET /project/get-all?account=123 HTTP/1.1" 304 - "http://localhost:8080/" "Mozilla/5.0 (Windows NT 10.0; Win64; x64) AppleWebKit/537.36 (KHTML, like Gecko) Chrome/86.0.4240.198 Safari/537.36"
[2020-11-17T09:16:57.191] [DEBUG] net_none - ::1 - - "GET /collection/get?account_id= HTTP/1.1" 304 - "http://localhost:8080/" "Mozilla/5.0 (Windows NT 10.0; Win64; x64) AppleWebKit/537.36 (KHTML, like Gecko) Chrome/86.0.4240.198 Safari/537.36"
[2020-11-17T09:17:34.627] [DEBUG] net_none - ::1 - - "GET /file/get?pageNum=1&pageSize=10 HTTP/1.1" 200 116 "http://localhost:8080/" "Mozilla/5.0 (Windows NT 10.0; Win64; x64) AppleWebKit/537.36 (KHTML, like Gecko) Chrome/86.0.4240.198 Safari/537.36"
[2020-11-17T09:17:35.816] [DEBUG] net_none - ::1 - - "GET /file/get?pageNum=1&pageSize=10 HTTP/1.1" 304 - "http://localhost:8080/" "Mozilla/5.0 (Windows NT 10.0; Win64; x64) AppleWebKit/537.36 (KHTML, like Gecko) Chrome/86.0.4240.198 Safari/537.36"
[2020-11-17T09:18:57.175] [DEBUG] net_none - ::1 - - "GET /codeSegment/get?sortType=1 HTTP/1.1" 304 - "http://localhost:8080/" "Mozilla/5.0 (Windows NT 10.0; Win64; x64) AppleWebKit/537.36 (KHTML, like Gecko) Chrome/86.0.4240.198 Safari/537.36"
[2020-11-17T09:18:58.476] [DEBUG] net_none - ::1 - - "GET /file/get?pageNum=1&pageSize=10 HTTP/1.1" 304 - "http://localhost:8080/" "Mozilla/5.0 (Windows NT 10.0; Win64; x64) AppleWebKit/537.36 (KHTML, like Gecko) Chrome/86.0.4240.198 Safari/537.36"
[2020-11-17T09:18:58.975] [DEBUG] net_none - ::1 - - "GET /codeSegment/get?sortType=1 HTTP/1.1" 304 - "http://localhost:8080/" "Mozilla/5.0 (Windows NT 10.0; Win64; x64) AppleWebKit/537.36 (KHTML, like Gecko) Chrome/86.0.4240.198 Safari/537.36"
[2020-11-17T09:28:40.135] [DEBUG] net_none - ::1 - - "GET /codeSegment/get?sortType=1 HTTP/1.1" 304 - "http://localhost:8080/" "Mozilla/5.0 (Windows NT 10.0; Win64; x64) AppleWebKit/537.36 (KHTML, like Gecko) Chrome/86.0.4240.198 Safari/537.36"
[2020-11-17T09:28:41.682] [DEBUG] net_none - ::1 - - "GET /codeSegment/get?sortType=1 HTTP/1.1" 304 - "http://localhost:8080/" "Mozilla/5.0 (Windows NT 10.0; Win64; x64) AppleWebKit/537.36 (KHTML, like Gecko) Chrome/86.0.4240.198 Safari/537.36"
[2020-11-17T09:28:42.899] [DEBUG] net_none - ::1 - - "GET /codeSegment/get?sortType=1 HTTP/1.1" 304 - "http://localhost:8080/" "Mozilla/5.0 (Windows NT 10.0; Win64; x64) AppleWebKit/537.36 (KHTML, like Gecko) Chrome/86.0.4240.198 Safari/537.36"
[2020-11-17T09:28:44.806] [DEBUG] net_none - ::1 - - "GET /codeSegment/get?sortType=1 HTTP/1.1" 304 - "http://localhost:8080/" "Mozilla/5.0 (Windows NT 10.0; Win64; x64) AppleWebKit/537.36 (KHTML, like Gecko) Chrome/86.0.4240.198 Safari/537.36"
[2020-11-17T09:28:54.561] [DEBUG] net_none - ::1 - - "POST /codeSegment/create HTTP/1.1" 200 43 "http://localhost:8080/" "Mozilla/5.0 (Windows NT 10.0; Win64; x64) AppleWebKit/537.36 (KHTML, like Gecko) Chrome/86.0.4240.198 Safari/537.36"
[2020-11-17T09:29:08.093] [DEBUG] net_none - ::1 - - "POST /codeSegment/update HTTP/1.1" 200 33 "http://localhost:8080/" "Mozilla/5.0 (Windows NT 10.0; Win64; x64) AppleWebKit/537.36 (KHTML, like Gecko) Chrome/86.0.4240.198 Safari/537.36"
