[2020-10-10T10:25:04.030] [DEBUG] net_none - ::1 - - "OPTIONS /user/auth HTTP/1.1" 200 4 "http://localhost:8080/" "Mozilla/5.0 (Windows NT 10.0; Win64; x64) AppleWebKit/537.36 (KHTML, like Gecko) Chrome/86.0.4240.75 Safari/537.36"
[2020-10-10T10:25:04.057] [DEBUG] net_none - ::1 - - "POST /user/auth HTTP/1.1" 200 70 "http://localhost:8080/" "Mozilla/5.0 (Windows NT 10.0; Win64; x64) AppleWebKit/537.36 (KHTML, like Gecko) Chrome/86.0.4240.75 Safari/537.36"
[2020-10-10T10:25:12.483] [DEBUG] net_none - ::1 - - "OPTIONS /user/register HTTP/1.1" 200 4 "http://localhost:8080/" "Mozilla/5.0 (Windows NT 10.0; Win64; x64) AppleWebKit/537.36 (KHTML, like Gecko) Chrome/86.0.4240.75 Safari/537.36"
[2020-10-10T10:28:59.751] [DEBUG] net_none - ::1 - - "OPTIONS /user/auth HTTP/1.1" 200 4 "http://localhost:8080/" "Mozilla/5.0 (Windows NT 10.0; Win64; x64) AppleWebKit/537.36 (KHTML, like Gecko) Chrome/86.0.4240.75 Safari/537.36"
[2020-10-10T10:28:59.777] [DEBUG] net_none - ::1 - - "POST /user/auth HTTP/1.1" 200 70 "http://localhost:8080/" "Mozilla/5.0 (Windows NT 10.0; Win64; x64) AppleWebKit/537.36 (KHTML, like Gecko) Chrome/86.0.4240.75 Safari/537.36"
[2020-10-10T10:29:07.483] [DEBUG] net_none - ::1 - - "OPTIONS /user/register HTTP/1.1" 200 4 "http://localhost:8080/" "Mozilla/5.0 (Windows NT 10.0; Win64; x64) AppleWebKit/537.36 (KHTML, like Gecko) Chrome/86.0.4240.75 Safari/537.36"
[2020-10-10T10:29:07.527] [DEBUG] net_none - ::1 - - "POST /user/register HTTP/1.1" 200 245 "http://localhost:8080/" "Mozilla/5.0 (Windows NT 10.0; Win64; x64) AppleWebKit/537.36 (KHTML, like Gecko) Chrome/86.0.4240.75 Safari/537.36"
[2020-10-10T10:29:12.226] [DEBUG] net_none - ::1 - - "OPTIONS /user/login HTTP/1.1" 200 4 "http://localhost:8080/" "Mozilla/5.0 (Windows NT 10.0; Win64; x64) AppleWebKit/537.36 (KHTML, like Gecko) Chrome/86.0.4240.75 Safari/537.36"
[2020-10-10T10:29:12.237] [DEBUG] net_none - ::1 - - "POST /user/login HTTP/1.1" 200 266 "http://localhost:8080/" "Mozilla/5.0 (Windows NT 10.0; Win64; x64) AppleWebKit/537.36 (KHTML, like Gecko) Chrome/86.0.4240.75 Safari/537.36"
[2020-10-10T10:29:16.843] [DEBUG] net_none - ::1 - - "OPTIONS /codeSegment/get HTTP/1.1" 200 64 "http://localhost:8080/" "Mozilla/5.0 (Windows NT 10.0; Win64; x64) AppleWebKit/537.36 (KHTML, like Gecko) Chrome/86.0.4240.75 Safari/537.36"
[2020-10-10T10:29:16.849] [DEBUG] net_none - ::1 - - "OPTIONS /project/get-all?account=slw HTTP/1.1" 200 64 "http://localhost:8080/" "Mozilla/5.0 (Windows NT 10.0; Win64; x64) AppleWebKit/537.36 (KHTML, like Gecko) Chrome/86.0.4240.75 Safari/537.36"
[2020-10-10T10:29:16.858] [DEBUG] net_none - ::1 - - "GET /codeSegment/get HTTP/1.1" 200 41 "http://localhost:8080/" "Mozilla/5.0 (Windows NT 10.0; Win64; x64) AppleWebKit/537.36 (KHTML, like Gecko) Chrome/86.0.4240.75 Safari/537.36"
[2020-10-10T10:29:16.867] [DEBUG] net_none - ::1 - - "GET /project/get-all?account=slw HTTP/1.1" 200 41 "http://localhost:8080/" "Mozilla/5.0 (Windows NT 10.0; Win64; x64) AppleWebKit/537.36 (KHTML, like Gecko) Chrome/86.0.4240.75 Safari/537.36"
[2020-10-10T10:29:20.777] [DEBUG] net_none - ::1 - - "OPTIONS /file/get?pageNum=1&pageSize=10 HTTP/1.1" 200 64 "http://localhost:8080/" "Mozilla/5.0 (Windows NT 10.0; Win64; x64) AppleWebKit/537.36 (KHTML, like Gecko) Chrome/86.0.4240.75 Safari/537.36"
[2020-10-10T10:29:20.784] [DEBUG] net_none - ::1 - - "GET /file/get?pageNum=1&pageSize=10 HTTP/1.1" 200 116 "http://localhost:8080/" "Mozilla/5.0 (Windows NT 10.0; Win64; x64) AppleWebKit/537.36 (KHTML, like Gecko) Chrome/86.0.4240.75 Safari/537.36"
[2020-10-10T10:29:26.646] [DEBUG] net_none - ::1 - - "OPTIONS /file/create HTTP/1.1" 200 64 "http://localhost:8080/" "Mozilla/5.0 (Windows NT 10.0; Win64; x64) AppleWebKit/537.36 (KHTML, like Gecko) Chrome/86.0.4240.75 Safari/537.36"
[2020-10-10T10:29:26.655] [DEBUG] net_none - ::1 - - "POST /file/create HTTP/1.1" 200 33 "http://localhost:8080/" "Mozilla/5.0 (Windows NT 10.0; Win64; x64) AppleWebKit/537.36 (KHTML, like Gecko) Chrome/86.0.4240.75 Safari/537.36"
[2020-10-10T10:29:26.677] [DEBUG] net_none - ::1 - - "OPTIONS /file/get?pageNum=1&pageSize=10 HTTP/1.1" 200 64 "http://localhost:8080/" "Mozilla/5.0 (Windows NT 10.0; Win64; x64) AppleWebKit/537.36 (KHTML, like Gecko) Chrome/86.0.4240.75 Safari/537.36"
[2020-10-10T10:29:26.688] [DEBUG] net_none - ::1 - - "GET /file/get?pageNum=1&pageSize=10 HTTP/1.1" 200 261 "http://localhost:8080/" "Mozilla/5.0 (Windows NT 10.0; Win64; x64) AppleWebKit/537.36 (KHTML, like Gecko) Chrome/86.0.4240.75 Safari/537.36"
[2020-10-10T10:33:52.986] [DEBUG] net_none - ::1 - - "OPTIONS /file/get?pageNum=1&pageSize=10 HTTP/1.1" 200 64 "http://localhost:8080/" "Mozilla/5.0 (Windows NT 10.0; Win64; x64) AppleWebKit/537.36 (KHTML, like Gecko) Chrome/86.0.4240.75 Safari/537.36"
[2020-10-10T10:33:53.003] [DEBUG] net_none - ::1 - - "GET /file/get?pageNum=1&pageSize=10 HTTP/1.1" 200 1697 "http://localhost:8080/" "Mozilla/5.0 (Windows NT 10.0; Win64; x64) AppleWebKit/537.36 (KHTML, like Gecko) Chrome/86.0.4240.75 Safari/537.36"
[2020-10-10T10:33:56.506] [DEBUG] net_none - ::1 - - "OPTIONS /file/get?pageNum=2&pageSize=10 HTTP/1.1" 200 64 "http://localhost:8080/" "Mozilla/5.0 (Windows NT 10.0; Win64; x64) AppleWebKit/537.36 (KHTML, like Gecko) Chrome/86.0.4240.75 Safari/537.36"
[2020-10-10T10:33:56.519] [DEBUG] net_none - ::1 - - "GET /file/get?pageNum=2&pageSize=10 HTTP/1.1" 200 1739 "http://localhost:8080/" "Mozilla/5.0 (Windows NT 10.0; Win64; x64) AppleWebKit/537.36 (KHTML, like Gecko) Chrome/86.0.4240.75 Safari/537.36"
[2020-10-10T10:33:56.960] [DEBUG] net_none - ::1 - - "OPTIONS /file/get?pageNum=3&pageSize=10 HTTP/1.1" 200 64 "http://localhost:8080/" "Mozilla/5.0 (Windows NT 10.0; Win64; x64) AppleWebKit/537.36 (KHTML, like Gecko) Chrome/86.0.4240.75 Safari/537.36"
[2020-10-10T10:33:56.974] [DEBUG] net_none - ::1 - - "GET /file/get?pageNum=3&pageSize=10 HTTP/1.1" 200 1731 "http://localhost:8080/" "Mozilla/5.0 (Windows NT 10.0; Win64; x64) AppleWebKit/537.36 (KHTML, like Gecko) Chrome/86.0.4240.75 Safari/537.36"
[2020-10-10T10:33:57.311] [DEBUG] net_none - ::1 - - "OPTIONS /file/get?pageNum=4&pageSize=10 HTTP/1.1" 200 64 "http://localhost:8080/" "Mozilla/5.0 (Windows NT 10.0; Win64; x64) AppleWebKit/537.36 (KHTML, like Gecko) Chrome/86.0.4240.75 Safari/537.36"
[2020-10-10T10:33:57.322] [DEBUG] net_none - ::1 - - "GET /file/get?pageNum=4&pageSize=10 HTTP/1.1" 200 299 "http://localhost:8080/" "Mozilla/5.0 (Windows NT 10.0; Win64; x64) AppleWebKit/537.36 (KHTML, like Gecko) Chrome/86.0.4240.75 Safari/537.36"
[2020-10-10T10:33:59.161] [DEBUG] net_none - ::1 - - "GET /file/get?pageNum=3&pageSize=10 HTTP/1.1" 304 - "http://localhost:8080/" "Mozilla/5.0 (Windows NT 10.0; Win64; x64) AppleWebKit/537.36 (KHTML, like Gecko) Chrome/86.0.4240.75 Safari/537.36"
[2020-10-10T10:33:59.326] [DEBUG] net_none - ::1 - - "GET /file/get?pageNum=2&pageSize=10 HTTP/1.1" 304 - "http://localhost:8080/" "Mozilla/5.0 (Windows NT 10.0; Win64; x64) AppleWebKit/537.36 (KHTML, like Gecko) Chrome/86.0.4240.75 Safari/537.36"
[2020-10-10T10:33:59.481] [DEBUG] net_none - ::1 - - "OPTIONS /file/get?pageNum=1&pageSize=10 HTTP/1.1" 200 64 "http://localhost:8080/" "Mozilla/5.0 (Windows NT 10.0; Win64; x64) AppleWebKit/537.36 (KHTML, like Gecko) Chrome/86.0.4240.75 Safari/537.36"
[2020-10-10T10:33:59.494] [DEBUG] net_none - ::1 - - "GET /file/get?pageNum=1&pageSize=10 HTTP/1.1" 304 - "http://localhost:8080/" "Mozilla/5.0 (Windows NT 10.0; Win64; x64) AppleWebKit/537.36 (KHTML, like Gecko) Chrome/86.0.4240.75 Safari/537.36"
[2020-10-10T10:34:01.498] [DEBUG] net_none - ::1 - - "GET /slw//3189d9c085fe42998caac832ece366c33189d9c085fe42998caac832ece366c3.jpg HTTP/1.1" 200 3818 "http://localhost:8080/" "Mozilla/5.0 (Windows NT 10.0; Win64; x64) AppleWebKit/537.36 (KHTML, like Gecko) Chrome/86.0.4240.75 Safari/537.36"
[2020-10-10T10:34:03.502] [DEBUG] net_none - ::1 - - "GET /slw//noResult%20-%20%E5%89%AF%E6%9C%AC.PNG HTTP/1.1" 200 53288 "http://localhost:8080/" "Mozilla/5.0 (Windows NT 10.0; Win64; x64) AppleWebKit/537.36 (KHTML, like Gecko) Chrome/86.0.4240.75 Safari/537.36"
[2020-10-10T10:34:05.469] [DEBUG] net_none - ::1 - - "GET /slw//noResult.png HTTP/1.1" 200 53288 "http://localhost:8080/" "Mozilla/5.0 (Windows NT 10.0; Win64; x64) AppleWebKit/537.36 (KHTML, like Gecko) Chrome/86.0.4240.75 Safari/537.36"
[2020-10-10T10:34:11.143] [DEBUG] net_none - ::1 - - "OPTIONS /file/get?path=%2F+%E6%B5%8B%E8%AF%952 HTTP/1.1" 200 64 "http://localhost:8080/" "Mozilla/5.0 (Windows NT 10.0; Win64; x64) AppleWebKit/537.36 (KHTML, like Gecko) Chrome/86.0.4240.75 Safari/537.36"
[2020-10-10T10:34:11.152] [DEBUG] net_none - ::1 - - "GET /file/get?path=%2F+%E6%B5%8B%E8%AF%952 HTTP/1.1" 200 265 "http://localhost:8080/" "Mozilla/5.0 (Windows NT 10.0; Win64; x64) AppleWebKit/537.36 (KHTML, like Gecko) Chrome/86.0.4240.75 Safari/537.36"
[2020-10-10T10:34:12.032] [DEBUG] net_none - ::1 - - "OPTIONS /file/get?path=+%E6%B5%8B%E8%AF%952%2F333 HTTP/1.1" 200 64 "http://localhost:8080/" "Mozilla/5.0 (Windows NT 10.0; Win64; x64) AppleWebKit/537.36 (KHTML, like Gecko) Chrome/86.0.4240.75 Safari/537.36"
[2020-10-10T10:34:12.038] [DEBUG] net_none - ::1 - - "GET /file/get?path=+%E6%B5%8B%E8%AF%952%2F333 HTTP/1.1" 200 112 "http://localhost:8080/" "Mozilla/5.0 (Windows NT 10.0; Win64; x64) AppleWebKit/537.36 (KHTML, like Gecko) Chrome/86.0.4240.75 Safari/537.36"
[2020-10-10T10:34:12.905] [DEBUG] net_none - ::1 - - "OPTIONS /file/get?pageNum=1&pageSize=10&path=+%E6%B5%8B%E8%AF%952 HTTP/1.1" 200 64 "http://localhost:8080/" "Mozilla/5.0 (Windows NT 10.0; Win64; x64) AppleWebKit/537.36 (KHTML, like Gecko) Chrome/86.0.4240.75 Safari/537.36"
[2020-10-10T10:34:12.913] [DEBUG] net_none - ::1 - - "GET /file/get?pageNum=1&pageSize=10&path=+%E6%B5%8B%E8%AF%952 HTTP/1.1" 200 269 "http://localhost:8080/" "Mozilla/5.0 (Windows NT 10.0; Win64; x64) AppleWebKit/537.36 (KHTML, like Gecko) Chrome/86.0.4240.75 Safari/537.36"
[2020-10-10T10:34:13.214] [DEBUG] net_none - ::1 - - "OPTIONS /file/get?pageNum=1&pageSize=10 HTTP/1.1" 200 64 "http://localhost:8080/" "Mozilla/5.0 (Windows NT 10.0; Win64; x64) AppleWebKit/537.36 (KHTML, like Gecko) Chrome/86.0.4240.75 Safari/537.36"
[2020-10-10T10:34:13.227] [DEBUG] net_none - ::1 - - "GET /file/get?pageNum=1&pageSize=10 HTTP/1.1" 304 - "http://localhost:8080/" "Mozilla/5.0 (Windows NT 10.0; Win64; x64) AppleWebKit/537.36 (KHTML, like Gecko) Chrome/86.0.4240.75 Safari/537.36"
[2020-10-10T10:34:43.082] [DEBUG] net_none - ::1 - - "OPTIONS /file/get?path=%2F+%E6%B5%8B%E8%AF%952 HTTP/1.1" 200 64 "http://localhost:8080/" "Mozilla/5.0 (Windows NT 10.0; Win64; x64) AppleWebKit/537.36 (KHTML, like Gecko) Chrome/86.0.4240.75 Safari/537.36"
[2020-10-10T10:34:43.089] [DEBUG] net_none - ::1 - - "GET /file/get?path=%2F+%E6%B5%8B%E8%AF%952 HTTP/1.1" 304 - "http://localhost:8080/" "Mozilla/5.0 (Windows NT 10.0; Win64; x64) AppleWebKit/537.36 (KHTML, like Gecko) Chrome/86.0.4240.75 Safari/537.36"
[2020-10-10T10:35:22.670] [DEBUG] net_none - ::1 - - "OPTIONS /file/get?path=+%E6%B5%8B%E8%AF%952%2F333 HTTP/1.1" 200 64 "http://localhost:8080/" "Mozilla/5.0 (Windows NT 10.0; Win64; x64) AppleWebKit/537.36 (KHTML, like Gecko) Chrome/86.0.4240.75 Safari/537.36"
[2020-10-10T10:35:22.677] [DEBUG] net_none - ::1 - - "GET /file/get?path=+%E6%B5%8B%E8%AF%952%2F333 HTTP/1.1" 304 - "http://localhost:8080/" "Mozilla/5.0 (Windows NT 10.0; Win64; x64) AppleWebKit/537.36 (KHTML, like Gecko) Chrome/86.0.4240.75 Safari/537.36"
[2020-10-10T10:37:04.432] [DEBUG] net_none - ::1 - - "OPTIONS /file/get?pageNum=1&pageSize=10 HTTP/1.1" 200 64 "http://localhost:8080/" "Mozilla/5.0 (Windows NT 10.0; Win64; x64) AppleWebKit/537.36 (KHTML, like Gecko) Chrome/86.0.4240.75 Safari/537.36"
[2020-10-10T10:37:04.447] [DEBUG] net_none - ::1 - - "GET /file/get?pageNum=1&pageSize=10 HTTP/1.1" 304 - "http://localhost:8080/" "Mozilla/5.0 (Windows NT 10.0; Win64; x64) AppleWebKit/537.36 (KHTML, like Gecko) Chrome/86.0.4240.75 Safari/537.36"
[2020-10-10T10:37:06.656] [DEBUG] net_none - ::1 - - "OPTIONS /file/get?path=%2F+%E6%B5%8B%E8%AF%952 HTTP/1.1" 200 64 "http://localhost:8080/" "Mozilla/5.0 (Windows NT 10.0; Win64; x64) AppleWebKit/537.36 (KHTML, like Gecko) Chrome/86.0.4240.75 Safari/537.36"
[2020-10-10T10:37:06.665] [DEBUG] net_none - ::1 - - "GET /file/get?path=%2F+%E6%B5%8B%E8%AF%952 HTTP/1.1" 304 - "http://localhost:8080/" "Mozilla/5.0 (Windows NT 10.0; Win64; x64) AppleWebKit/537.36 (KHTML, like Gecko) Chrome/86.0.4240.75 Safari/537.36"
[2020-10-10T10:37:07.307] [DEBUG] net_none - ::1 - - "OPTIONS /file/get?path=+%E6%B5%8B%E8%AF%952%2F333 HTTP/1.1" 200 64 "http://localhost:8080/" "Mozilla/5.0 (Windows NT 10.0; Win64; x64) AppleWebKit/537.36 (KHTML, like Gecko) Chrome/86.0.4240.75 Safari/537.36"
[2020-10-10T10:37:07.313] [DEBUG] net_none - ::1 - - "GET /file/get?path=+%E6%B5%8B%E8%AF%952%2F333 HTTP/1.1" 304 - "http://localhost:8080/" "Mozilla/5.0 (Windows NT 10.0; Win64; x64) AppleWebKit/537.36 (KHTML, like Gecko) Chrome/86.0.4240.75 Safari/537.36"
[2020-10-10T10:39:14.872] [DEBUG] net_none - ::1 - - "OPTIONS /file/batch-upload HTTP/1.1" 200 64 "http://localhost:8080/" "Mozilla/5.0 (Windows NT 10.0; Win64; x64) AppleWebKit/537.36 (KHTML, like Gecko) Chrome/86.0.4240.75 Safari/537.36"
[2020-10-10T10:39:14.929] [DEBUG] net_none - ::1 - - "POST /file/batch-upload HTTP/1.1" 200 33 "http://localhost:8080/" "Mozilla/5.0 (Windows NT 10.0; Win64; x64) AppleWebKit/537.36 (KHTML, like Gecko) Chrome/86.0.4240.75 Safari/537.36"
[2020-10-10T10:39:33.083] [DEBUG] net_none - ::1 - - "OPTIONS /file/get?pageNum=1&pageSize=10&path=+%E6%B5%8B%E8%AF%952 HTTP/1.1" 200 64 "http://localhost:8080/" "Mozilla/5.0 (Windows NT 10.0; Win64; x64) AppleWebKit/537.36 (KHTML, like Gecko) Chrome/86.0.4240.75 Safari/537.36"
[2020-10-10T10:39:33.090] [DEBUG] net_none - ::1 - - "GET /file/get?pageNum=1&pageSize=10&path=+%E6%B5%8B%E8%AF%952 HTTP/1.1" 304 - "http://localhost:8080/" "Mozilla/5.0 (Windows NT 10.0; Win64; x64) AppleWebKit/537.36 (KHTML, like Gecko) Chrome/86.0.4240.75 Safari/537.36"
[2020-10-10T10:39:33.937] [DEBUG] net_none - ::1 - - "OPTIONS /file/get?path=+%E6%B5%8B%E8%AF%952%2F333 HTTP/1.1" 200 64 "http://localhost:8080/" "Mozilla/5.0 (Windows NT 10.0; Win64; x64) AppleWebKit/537.36 (KHTML, like Gecko) Chrome/86.0.4240.75 Safari/537.36"
[2020-10-10T10:39:33.943] [DEBUG] net_none - ::1 - - "GET /file/get?path=+%E6%B5%8B%E8%AF%952%2F333 HTTP/1.1" 304 - "http://localhost:8080/" "Mozilla/5.0 (Windows NT 10.0; Win64; x64) AppleWebKit/537.36 (KHTML, like Gecko) Chrome/86.0.4240.75 Safari/537.36"
[2020-10-10T10:42:22.562] [DEBUG] net_none - ::1 - - "OPTIONS /file/get?pageNum=1&pageSize=10 HTTP/1.1" 200 64 "http://localhost:8080/" "Mozilla/5.0 (Windows NT 10.0; Win64; x64) AppleWebKit/537.36 (KHTML, like Gecko) Chrome/86.0.4240.75 Safari/537.36"
[2020-10-10T10:42:22.581] [DEBUG] net_none - ::1 - - "GET /file/get?pageNum=1&pageSize=10 HTTP/1.1" 200 1698 "http://localhost:8080/" "Mozilla/5.0 (Windows NT 10.0; Win64; x64) AppleWebKit/537.36 (KHTML, like Gecko) Chrome/86.0.4240.75 Safari/537.36"
[2020-10-10T10:42:25.661] [DEBUG] net_none - ::1 - - "OPTIONS /file/get?path=%2F+%E6%B5%8B%E8%AF%952 HTTP/1.1" 200 64 "http://localhost:8080/" "Mozilla/5.0 (Windows NT 10.0; Win64; x64) AppleWebKit/537.36 (KHTML, like Gecko) Chrome/86.0.4240.75 Safari/537.36"
[2020-10-10T10:42:25.667] [DEBUG] net_none - ::1 - - "GET /file/get?path=%2F+%E6%B5%8B%E8%AF%952 HTTP/1.1" 304 - "http://localhost:8080/" "Mozilla/5.0 (Windows NT 10.0; Win64; x64) AppleWebKit/537.36 (KHTML, like Gecko) Chrome/86.0.4240.75 Safari/537.36"
[2020-10-10T10:42:26.412] [DEBUG] net_none - ::1 - - "OPTIONS /file/get?path=+%E6%B5%8B%E8%AF%952%2F333 HTTP/1.1" 200 64 "http://localhost:8080/" "Mozilla/5.0 (Windows NT 10.0; Win64; x64) AppleWebKit/537.36 (KHTML, like Gecko) Chrome/86.0.4240.75 Safari/537.36"
[2020-10-10T10:42:26.419] [DEBUG] net_none - ::1 - - "GET /file/get?path=+%E6%B5%8B%E8%AF%952%2F333 HTTP/1.1" 304 - "http://localhost:8080/" "Mozilla/5.0 (Windows NT 10.0; Win64; x64) AppleWebKit/537.36 (KHTML, like Gecko) Chrome/86.0.4240.75 Safari/537.36"
[2020-10-10T10:42:33.396] [DEBUG] net_none - ::1 - - "OPTIONS /file/batch-upload HTTP/1.1" 200 64 "http://localhost:8080/" "Mozilla/5.0 (Windows NT 10.0; Win64; x64) AppleWebKit/537.36 (KHTML, like Gecko) Chrome/86.0.4240.75 Safari/537.36"
[2020-10-10T10:42:33.428] [DEBUG] net_none - ::1 - - "POST /file/batch-upload HTTP/1.1" 200 33 "http://localhost:8080/" "Mozilla/5.0 (Windows NT 10.0; Win64; x64) AppleWebKit/537.36 (KHTML, like Gecko) Chrome/86.0.4240.75 Safari/537.36"
[2020-10-10T10:42:36.193] [DEBUG] net_none - ::1 - - "OPTIONS /file/get?pageNum=1&pageSize=10&path=+%E6%B5%8B%E8%AF%952 HTTP/1.1" 200 64 "http://localhost:8080/" "Mozilla/5.0 (Windows NT 10.0; Win64; x64) AppleWebKit/537.36 (KHTML, like Gecko) Chrome/86.0.4240.75 Safari/537.36"
[2020-10-10T10:42:36.201] [DEBUG] net_none - ::1 - - "GET /file/get?pageNum=1&pageSize=10&path=+%E6%B5%8B%E8%AF%952 HTTP/1.1" 304 - "http://localhost:8080/" "Mozilla/5.0 (Windows NT 10.0; Win64; x64) AppleWebKit/537.36 (KHTML, like Gecko) Chrome/86.0.4240.75 Safari/537.36"
[2020-10-10T10:42:36.918] [DEBUG] net_none - ::1 - - "OPTIONS /file/get?path=+%E6%B5%8B%E8%AF%952%2F333 HTTP/1.1" 200 64 "http://localhost:8080/" "Mozilla/5.0 (Windows NT 10.0; Win64; x64) AppleWebKit/537.36 (KHTML, like Gecko) Chrome/86.0.4240.75 Safari/537.36"
[2020-10-10T10:42:36.925] [DEBUG] net_none - ::1 - - "GET /file/get?path=+%E6%B5%8B%E8%AF%952%2F333 HTTP/1.1" 304 - "http://localhost:8080/" "Mozilla/5.0 (Windows NT 10.0; Win64; x64) AppleWebKit/537.36 (KHTML, like Gecko) Chrome/86.0.4240.75 Safari/537.36"
[2020-10-10T10:48:43.961] [DEBUG] net_none - ::1 - - "OPTIONS /file/get?pageNum=1&pageSize=10&path=+%E6%B5%8B%E8%AF%952 HTTP/1.1" 200 64 "http://localhost:8080/" "Mozilla/5.0 (Windows NT 10.0; Win64; x64) AppleWebKit/537.36 (KHTML, like Gecko) Chrome/86.0.4240.75 Safari/537.36"
[2020-10-10T10:48:43.982] [DEBUG] net_none - ::1 - - "GET /file/get?pageNum=1&pageSize=10&path=+%E6%B5%8B%E8%AF%952 HTTP/1.1" 304 - "http://localhost:8080/" "Mozilla/5.0 (Windows NT 10.0; Win64; x64) AppleWebKit/537.36 (KHTML, like Gecko) Chrome/86.0.4240.75 Safari/537.36"
[2020-10-10T10:49:03.798] [DEBUG] net_none - ::1 - - "OPTIONS /file/get?path=+%E6%B5%8B%E8%AF%952%2F333 HTTP/1.1" 200 64 "http://localhost:8080/" "Mozilla/5.0 (Windows NT 10.0; Win64; x64) AppleWebKit/537.36 (KHTML, like Gecko) Chrome/86.0.4240.75 Safari/537.36"
[2020-10-10T10:49:03.813] [DEBUG] net_none - ::1 - - "GET /file/get?path=+%E6%B5%8B%E8%AF%952%2F333 HTTP/1.1" 304 - "http://localhost:8080/" "Mozilla/5.0 (Windows NT 10.0; Win64; x64) AppleWebKit/537.36 (KHTML, like Gecko) Chrome/86.0.4240.75 Safari/537.36"
[2020-10-10T10:50:34.573] [DEBUG] net_none - ::1 - - "OPTIONS /user/auth HTTP/1.1" 200 4 "http://localhost:8080/" "Mozilla/5.0 (Windows NT 10.0; Win64; x64) AppleWebKit/537.36 (KHTML, like Gecko) Chrome/86.0.4240.75 Safari/537.36"
[2020-10-10T10:50:34.630] [DEBUG] net_none - ::1 - - "POST /user/auth HTTP/1.1" 200 266 "http://localhost:8080/" "Mozilla/5.0 (Windows NT 10.0; Win64; x64) AppleWebKit/537.36 (KHTML, like Gecko) Chrome/86.0.4240.75 Safari/537.36"
[2020-10-10T10:50:35.669] [DEBUG] net_none - ::1 - - "OPTIONS /codeSegment/get HTTP/1.1" 200 64 "http://localhost:8080/" "Mozilla/5.0 (Windows NT 10.0; Win64; x64) AppleWebKit/537.36 (KHTML, like Gecko) Chrome/86.0.4240.75 Safari/537.36"
[2020-10-10T10:50:35.673] [DEBUG] net_none - ::1 - - "OPTIONS /project/get-all?account=slw HTTP/1.1" 200 64 "http://localhost:8080/" "Mozilla/5.0 (Windows NT 10.0; Win64; x64) AppleWebKit/537.36 (KHTML, like Gecko) Chrome/86.0.4240.75 Safari/537.36"
[2020-10-10T10:50:35.682] [DEBUG] net_none - ::1 - - "GET /codeSegment/get HTTP/1.1" 200 41 "http://localhost:8080/" "Mozilla/5.0 (Windows NT 10.0; Win64; x64) AppleWebKit/537.36 (KHTML, like Gecko) Chrome/86.0.4240.75 Safari/537.36"
[2020-10-10T10:50:35.689] [DEBUG] net_none - ::1 - - "GET /project/get-all?account=slw HTTP/1.1" 200 41 "http://localhost:8080/" "Mozilla/5.0 (Windows NT 10.0; Win64; x64) AppleWebKit/537.36 (KHTML, like Gecko) Chrome/86.0.4240.75 Safari/537.36"
[2020-10-10T10:50:37.348] [DEBUG] net_none - ::1 - - "OPTIONS /file/get?pageNum=1&pageSize=10 HTTP/1.1" 200 64 "http://localhost:8080/" "Mozilla/5.0 (Windows NT 10.0; Win64; x64) AppleWebKit/537.36 (KHTML, like Gecko) Chrome/86.0.4240.75 Safari/537.36"
[2020-10-10T10:50:37.361] [DEBUG] net_none - ::1 - - "GET /file/get?pageNum=1&pageSize=10 HTTP/1.1" 304 - "http://localhost:8080/" "Mozilla/5.0 (Windows NT 10.0; Win64; x64) AppleWebKit/537.36 (KHTML, like Gecko) Chrome/86.0.4240.75 Safari/537.36"
[2020-10-10T10:50:38.463] [DEBUG] net_none - ::1 - - "OPTIONS /file/get?path=%2F+%E6%B5%8B%E8%AF%952 HTTP/1.1" 200 64 "http://localhost:8080/" "Mozilla/5.0 (Windows NT 10.0; Win64; x64) AppleWebKit/537.36 (KHTML, like Gecko) Chrome/86.0.4240.75 Safari/537.36"
[2020-10-10T10:50:38.469] [DEBUG] net_none - ::1 - - "GET /file/get?path=%2F+%E6%B5%8B%E8%AF%952 HTTP/1.1" 304 - "http://localhost:8080/" "Mozilla/5.0 (Windows NT 10.0; Win64; x64) AppleWebKit/537.36 (KHTML, like Gecko) Chrome/86.0.4240.75 Safari/537.36"
[2020-10-10T10:50:39.092] [DEBUG] net_none - ::1 - - "OPTIONS /file/get?path=+%E6%B5%8B%E8%AF%952%2F333 HTTP/1.1" 200 64 "http://localhost:8080/" "Mozilla/5.0 (Windows NT 10.0; Win64; x64) AppleWebKit/537.36 (KHTML, like Gecko) Chrome/86.0.4240.75 Safari/537.36"
[2020-10-10T10:50:39.100] [DEBUG] net_none - ::1 - - "GET /file/get?path=+%E6%B5%8B%E8%AF%952%2F333 HTTP/1.1" 304 - "http://localhost:8080/" "Mozilla/5.0 (Windows NT 10.0; Win64; x64) AppleWebKit/537.36 (KHTML, like Gecko) Chrome/86.0.4240.75 Safari/537.36"
[2020-10-10T10:50:43.964] [DEBUG] net_none - ::1 - - "OPTIONS /file/batch-upload HTTP/1.1" 200 64 "http://localhost:8080/" "Mozilla/5.0 (Windows NT 10.0; Win64; x64) AppleWebKit/537.36 (KHTML, like Gecko) Chrome/86.0.4240.75 Safari/537.36"
[2020-10-10T10:50:44.007] [DEBUG] net_none - ::1 - - "POST /file/batch-upload HTTP/1.1" 200 33 "http://localhost:8080/" "Mozilla/5.0 (Windows NT 10.0; Win64; x64) AppleWebKit/537.36 (KHTML, like Gecko) Chrome/86.0.4240.75 Safari/537.36"
[2020-10-10T10:55:10.888] [DEBUG] net_none - ::1 - - "OPTIONS /file/get?pageNum=1&pageSize=10 HTTP/1.1" 200 64 "http://localhost:8080/" "Mozilla/5.0 (Windows NT 10.0; Win64; x64) AppleWebKit/537.36 (KHTML, like Gecko) Chrome/86.0.4240.75 Safari/537.36"
[2020-10-10T10:55:10.907] [DEBUG] net_none - ::1 - - "GET /file/get?pageNum=1&pageSize=10 HTTP/1.1" 304 - "http://localhost:8080/" "Mozilla/5.0 (Windows NT 10.0; Win64; x64) AppleWebKit/537.36 (KHTML, like Gecko) Chrome/86.0.4240.75 Safari/537.36"
[2020-10-10T10:55:21.599] [DEBUG] net_none - ::1 - - "OPTIONS /user/auth HTTP/1.1" 200 4 "http://localhost:8080/" "Mozilla/5.0 (Windows NT 10.0; Win64; x64) AppleWebKit/537.36 (KHTML, like Gecko) Chrome/86.0.4240.75 Safari/537.36"
[2020-10-10T10:55:21.607] [DEBUG] net_none - ::1 - - "POST /user/auth HTTP/1.1" 200 266 "http://localhost:8080/" "Mozilla/5.0 (Windows NT 10.0; Win64; x64) AppleWebKit/537.36 (KHTML, like Gecko) Chrome/86.0.4240.75 Safari/537.36"
[2020-10-10T10:55:23.110] [DEBUG] net_none - ::1 - - "OPTIONS /codeSegment/get HTTP/1.1" 200 64 "http://localhost:8080/" "Mozilla/5.0 (Windows NT 10.0; Win64; x64) AppleWebKit/537.36 (KHTML, like Gecko) Chrome/86.0.4240.75 Safari/537.36"
[2020-10-10T10:55:23.113] [DEBUG] net_none - ::1 - - "OPTIONS /project/get-all?account=slw HTTP/1.1" 200 64 "http://localhost:8080/" "Mozilla/5.0 (Windows NT 10.0; Win64; x64) AppleWebKit/537.36 (KHTML, like Gecko) Chrome/86.0.4240.75 Safari/537.36"
[2020-10-10T10:55:23.121] [DEBUG] net_none - ::1 - - "GET /codeSegment/get HTTP/1.1" 304 - "http://localhost:8080/" "Mozilla/5.0 (Windows NT 10.0; Win64; x64) AppleWebKit/537.36 (KHTML, like Gecko) Chrome/86.0.4240.75 Safari/537.36"
[2020-10-10T10:55:23.122] [DEBUG] net_none - ::1 - - "GET /project/get-all?account=slw HTTP/1.1" 304 - "http://localhost:8080/" "Mozilla/5.0 (Windows NT 10.0; Win64; x64) AppleWebKit/537.36 (KHTML, like Gecko) Chrome/86.0.4240.75 Safari/537.36"
[2020-10-10T10:55:24.963] [DEBUG] net_none - ::1 - - "OPTIONS /file/get?pageNum=1&pageSize=10 HTTP/1.1" 200 64 "http://localhost:8080/" "Mozilla/5.0 (Windows NT 10.0; Win64; x64) AppleWebKit/537.36 (KHTML, like Gecko) Chrome/86.0.4240.75 Safari/537.36"
[2020-10-10T10:55:24.976] [DEBUG] net_none - ::1 - - "GET /file/get?pageNum=1&pageSize=10 HTTP/1.1" 304 - "http://localhost:8080/" "Mozilla/5.0 (Windows NT 10.0; Win64; x64) AppleWebKit/537.36 (KHTML, like Gecko) Chrome/86.0.4240.75 Safari/537.36"
[2020-10-10T10:55:25.820] [DEBUG] net_none - ::1 - - "OPTIONS /file/get?path=%2F+%E6%B5%8B%E8%AF%952 HTTP/1.1" 200 64 "http://localhost:8080/" "Mozilla/5.0 (Windows NT 10.0; Win64; x64) AppleWebKit/537.36 (KHTML, like Gecko) Chrome/86.0.4240.75 Safari/537.36"
[2020-10-10T10:55:25.825] [DEBUG] net_none - ::1 - - "GET /file/get?path=%2F+%E6%B5%8B%E8%AF%952 HTTP/1.1" 304 - "http://localhost:8080/" "Mozilla/5.0 (Windows NT 10.0; Win64; x64) AppleWebKit/537.36 (KHTML, like Gecko) Chrome/86.0.4240.75 Safari/537.36"
[2020-10-10T10:55:26.455] [DEBUG] net_none - ::1 - - "OPTIONS /file/get?path=+%E6%B5%8B%E8%AF%952%2F333 HTTP/1.1" 200 64 "http://localhost:8080/" "Mozilla/5.0 (Windows NT 10.0; Win64; x64) AppleWebKit/537.36 (KHTML, like Gecko) Chrome/86.0.4240.75 Safari/537.36"
[2020-10-10T10:55:26.460] [DEBUG] net_none - ::1 - - "GET /file/get?path=+%E6%B5%8B%E8%AF%952%2F333 HTTP/1.1" 304 - "http://localhost:8080/" "Mozilla/5.0 (Windows NT 10.0; Win64; x64) AppleWebKit/537.36 (KHTML, like Gecko) Chrome/86.0.4240.75 Safari/537.36"
[2020-10-10T10:55:32.258] [DEBUG] net_none - ::1 - - "OPTIONS /file/batch-upload HTTP/1.1" 200 64 "http://localhost:8080/" "Mozilla/5.0 (Windows NT 10.0; Win64; x64) AppleWebKit/537.36 (KHTML, like Gecko) Chrome/86.0.4240.75 Safari/537.36"
[2020-10-10T10:55:32.439] [DEBUG] net_none - ::1 - - "POST /file/batch-upload HTTP/1.1" 200 33 "http://localhost:8080/" "Mozilla/5.0 (Windows NT 10.0; Win64; x64) AppleWebKit/537.36 (KHTML, like Gecko) Chrome/86.0.4240.75 Safari/537.36"
[2020-10-10T10:55:32.973] [DEBUG] net_none - ::1 - - "OPTIONS /file/get?pageNum=1&pageSize=10&path=+%E6%B5%8B%E8%AF%952%2F333 HTTP/1.1" 200 64 "http://localhost:8080/" "Mozilla/5.0 (Windows NT 10.0; Win64; x64) AppleWebKit/537.36 (KHTML, like Gecko) Chrome/86.0.4240.75 Safari/537.36"
[2020-10-10T10:55:32.987] [DEBUG] net_none - ::1 - - "GET /file/get?pageNum=1&pageSize=10&path=+%E6%B5%8B%E8%AF%952%2F333 HTTP/1.1" 200 116 "http://localhost:8080/" "Mozilla/5.0 (Windows NT 10.0; Win64; x64) AppleWebKit/537.36 (KHTML, like Gecko) Chrome/86.0.4240.75 Safari/537.36"
[2020-10-10T10:56:03.820] [DEBUG] net_none - ::1 - - "OPTIONS /file/get?pageNum=1&pageSize=10 HTTP/1.1" 200 64 "http://localhost:8080/" "Mozilla/5.0 (Windows NT 10.0; Win64; x64) AppleWebKit/537.36 (KHTML, like Gecko) Chrome/86.0.4240.75 Safari/537.36"
[2020-10-10T10:56:03.838] [DEBUG] net_none - ::1 - - "GET /file/get?pageNum=1&pageSize=10 HTTP/1.1" 200 1703 "http://localhost:8080/" "Mozilla/5.0 (Windows NT 10.0; Win64; x64) AppleWebKit/537.36 (KHTML, like Gecko) Chrome/86.0.4240.75 Safari/537.36"
[2020-10-10T10:56:05.519] [DEBUG] net_none - ::1 - - "OPTIONS /file/get?path=%2F+%E6%B5%8B%E8%AF%952 HTTP/1.1" 200 64 "http://localhost:8080/" "Mozilla/5.0 (Windows NT 10.0; Win64; x64) AppleWebKit/537.36 (KHTML, like Gecko) Chrome/86.0.4240.75 Safari/537.36"
[2020-10-10T10:56:05.528] [DEBUG] net_none - ::1 - - "GET /file/get?path=%2F+%E6%B5%8B%E8%AF%952 HTTP/1.1" 200 467 "http://localhost:8080/" "Mozilla/5.0 (Windows NT 10.0; Win64; x64) AppleWebKit/537.36 (KHTML, like Gecko) Chrome/86.0.4240.75 Safari/537.36"
[2020-10-10T10:56:06.183] [DEBUG] net_none - ::1 - - "OPTIONS /file/get?path=+%E6%B5%8B%E8%AF%952%2F333 HTTP/1.1" 200 64 "http://localhost:8080/" "Mozilla/5.0 (Windows NT 10.0; Win64; x64) AppleWebKit/537.36 (KHTML, like Gecko) Chrome/86.0.4240.75 Safari/537.36"
[2020-10-10T10:56:06.190] [DEBUG] net_none - ::1 - - "GET /file/get?path=+%E6%B5%8B%E8%AF%952%2F333 HTTP/1.1" 304 - "http://localhost:8080/" "Mozilla/5.0 (Windows NT 10.0; Win64; x64) AppleWebKit/537.36 (KHTML, like Gecko) Chrome/86.0.4240.75 Safari/537.36"
[2020-10-10T10:56:14.839] [DEBUG] net_none - ::1 - - "OPTIONS /file/batch-upload HTTP/1.1" 200 64 "http://localhost:8080/" "Mozilla/5.0 (Windows NT 10.0; Win64; x64) AppleWebKit/537.36 (KHTML, like Gecko) Chrome/86.0.4240.75 Safari/537.36"
[2020-10-10T10:56:14.937] [DEBUG] net_none - ::1 - - "POST /file/batch-upload HTTP/1.1" 200 33 "http://localhost:8080/" "Mozilla/5.0 (Windows NT 10.0; Win64; x64) AppleWebKit/537.36 (KHTML, like Gecko) Chrome/86.0.4240.75 Safari/537.36"
[2020-10-10T10:56:15.482] [DEBUG] net_none - ::1 - - "OPTIONS /file/get?pageNum=1&pageSize=10&path=+%E6%B5%8B%E8%AF%952%2F333 HTTP/1.1" 200 64 "http://localhost:8080/" "Mozilla/5.0 (Windows NT 10.0; Win64; x64) AppleWebKit/537.36 (KHTML, like Gecko) Chrome/86.0.4240.75 Safari/537.36"
[2020-10-10T10:56:15.496] [DEBUG] net_none - ::1 - - "GET /file/get?pageNum=1&pageSize=10&path=+%E6%B5%8B%E8%AF%952%2F333 HTTP/1.1" 200 316 "http://localhost:8080/" "Mozilla/5.0 (Windows NT 10.0; Win64; x64) AppleWebKit/537.36 (KHTML, like Gecko) Chrome/86.0.4240.75 Safari/537.36"
[2020-10-10T10:56:17.174] [DEBUG] net_none - ::1 - - "OPTIONS /file/get?path=+%E6%B5%8B%E8%AF%952333%2F%E6%96%B0%E5%BB%BA%E6%96%87%E4%BB%B6%E5%A4%B9+(2) HTTP/1.1" 200 64 "http://localhost:8080/" "Mozilla/5.0 (Windows NT 10.0; Win64; x64) AppleWebKit/537.36 (KHTML, like Gecko) Chrome/86.0.4240.75 Safari/537.36"
[2020-10-10T10:56:17.233] [DEBUG] net_none - ::1 - - "GET /file/get?path=+%E6%B5%8B%E8%AF%952333%2F%E6%96%B0%E5%BB%BA%E6%96%87%E4%BB%B6%E5%A4%B9+(2) HTTP/1.1" 200 36 "http://localhost:8080/" "Mozilla/5.0 (Windows NT 10.0; Win64; x64) AppleWebKit/537.36 (KHTML, like Gecko) Chrome/86.0.4240.75 Safari/537.36"
[2020-10-10T10:56:17.497] [DEBUG] net_none - ::1 - - "GET /file/get?path=+%E6%B5%8B%E8%AF%952333%2F%E6%96%B0%E5%BB%BA%E6%96%87%E4%BB%B6%E5%A4%B9+(2) HTTP/1.1" 304 - "http://localhost:8080/" "Mozilla/5.0 (Windows NT 10.0; Win64; x64) AppleWebKit/537.36 (KHTML, like Gecko) Chrome/86.0.4240.75 Safari/537.36"
[2020-10-10T10:56:18.111] [DEBUG] net_none - ::1 - - "GET /file/get?path=+%E6%B5%8B%E8%AF%952333%2F%E6%96%B0%E5%BB%BA%E6%96%87%E4%BB%B6%E5%A4%B9+(2) HTTP/1.1" 304 - "http://localhost:8080/" "Mozilla/5.0 (Windows NT 10.0; Win64; x64) AppleWebKit/537.36 (KHTML, like Gecko) Chrome/86.0.4240.75 Safari/537.36"
[2020-10-10T10:56:18.713] [DEBUG] net_none - ::1 - - "GET /file/get?path=+%E6%B5%8B%E8%AF%952333%2F%E6%96%B0%E5%BB%BA%E6%96%87%E4%BB%B6%E5%A4%B9+(2) HTTP/1.1" 304 - "http://localhost:8080/" "Mozilla/5.0 (Windows NT 10.0; Win64; x64) AppleWebKit/537.36 (KHTML, like Gecko) Chrome/86.0.4240.75 Safari/537.36"
[2020-10-10T10:56:39.388] [DEBUG] net_none - ::1 - - "OPTIONS /file/get?pageNum=1&pageSize=10&path=+%E6%B5%8B%E8%AF%952 HTTP/1.1" 200 64 "http://localhost:8080/" "Mozilla/5.0 (Windows NT 10.0; Win64; x64) AppleWebKit/537.36 (KHTML, like Gecko) Chrome/86.0.4240.75 Safari/537.36"
[2020-10-10T10:56:39.411] [DEBUG] net_none - ::1 - - "GET /file/get?pageNum=1&pageSize=10&path=+%E6%B5%8B%E8%AF%952 HTTP/1.1" 200 476 "http://localhost:8080/" "Mozilla/5.0 (Windows NT 10.0; Win64; x64) AppleWebKit/537.36 (KHTML, like Gecko) Chrome/86.0.4240.75 Safari/537.36"
[2020-10-10T10:56:40.236] [DEBUG] net_none - ::1 - - "OPTIONS /file/get?path=+%E6%B5%8B%E8%AF%952%2F333 HTTP/1.1" 200 64 "http://localhost:8080/" "Mozilla/5.0 (Windows NT 10.0; Win64; x64) AppleWebKit/537.36 (KHTML, like Gecko) Chrome/86.0.4240.75 Safari/537.36"
[2020-10-10T10:56:40.245] [DEBUG] net_none - ::1 - - "GET /file/get?path=+%E6%B5%8B%E8%AF%952%2F333 HTTP/1.1" 200 312 "http://localhost:8080/" "Mozilla/5.0 (Windows NT 10.0; Win64; x64) AppleWebKit/537.36 (KHTML, like Gecko) Chrome/86.0.4240.75 Safari/537.36"
[2020-10-10T10:56:41.909] [DEBUG] net_none - ::1 - - "OPTIONS /file/get?path=+%E6%B5%8B%E8%AF%952333%2F%E6%96%B0%E5%BB%BA%E6%96%87%E4%BB%B6%E5%A4%B9+(2) HTTP/1.1" 200 64 "http://localhost:8080/" "Mozilla/5.0 (Windows NT 10.0; Win64; x64) AppleWebKit/537.36 (KHTML, like Gecko) Chrome/86.0.4240.75 Safari/537.36"
[2020-10-10T10:56:41.943] [DEBUG] net_none - ::1 - - "GET /file/get?path=+%E6%B5%8B%E8%AF%952333%2F%E6%96%B0%E5%BB%BA%E6%96%87%E4%BB%B6%E5%A4%B9+(2) HTTP/1.1" 304 - "http://localhost:8080/" "Mozilla/5.0 (Windows NT 10.0; Win64; x64) AppleWebKit/537.36 (KHTML, like Gecko) Chrome/86.0.4240.75 Safari/537.36"
[2020-10-10T10:56:43.044] [DEBUG] net_none - ::1 - - "GET /file/get?pageNum=1&pageSize=10&path=+%E6%B5%8B%E8%AF%952 HTTP/1.1" 304 - "http://localhost:8080/" "Mozilla/5.0 (Windows NT 10.0; Win64; x64) AppleWebKit/537.36 (KHTML, like Gecko) Chrome/86.0.4240.75 Safari/537.36"
[2020-10-10T10:56:48.599] [DEBUG] net_none - ::1 - - "OPTIONS /file/get?path=+%E6%B5%8B%E8%AF%952%2F333 HTTP/1.1" 200 64 "http://localhost:8080/" "Mozilla/5.0 (Windows NT 10.0; Win64; x64) AppleWebKit/537.36 (KHTML, like Gecko) Chrome/86.0.4240.75 Safari/537.36"
[2020-10-10T10:56:48.608] [DEBUG] net_none - ::1 - - "GET /file/get?path=+%E6%B5%8B%E8%AF%952%2F333 HTTP/1.1" 304 - "http://localhost:8080/" "Mozilla/5.0 (Windows NT 10.0; Win64; x64) AppleWebKit/537.36 (KHTML, like Gecko) Chrome/86.0.4240.75 Safari/537.36"
[2020-10-10T10:57:23.808] [DEBUG] net_none - ::1 - - "OPTIONS /file/get?pageNum=1&pageSize=10 HTTP/1.1" 200 64 "http://localhost:8080/" "Mozilla/5.0 (Windows NT 10.0; Win64; x64) AppleWebKit/537.36 (KHTML, like Gecko) Chrome/86.0.4240.75 Safari/537.36"
[2020-10-10T10:57:23.832] [DEBUG] net_none - ::1 - - "GET /file/get?pageNum=1&pageSize=10 HTTP/1.1" 200 1703 "http://localhost:8080/" "Mozilla/5.0 (Windows NT 10.0; Win64; x64) AppleWebKit/537.36 (KHTML, like Gecko) Chrome/86.0.4240.75 Safari/537.36"
[2020-10-10T10:57:24.662] [DEBUG] net_none - ::1 - - "OPTIONS /file/get?path=%2F+%E6%B5%8B%E8%AF%952 HTTP/1.1" 200 64 "http://localhost:8080/" "Mozilla/5.0 (Windows NT 10.0; Win64; x64) AppleWebKit/537.36 (KHTML, like Gecko) Chrome/86.0.4240.75 Safari/537.36"
[2020-10-10T10:57:24.674] [DEBUG] net_none - ::1 - - "GET /file/get?path=%2F+%E6%B5%8B%E8%AF%952 HTTP/1.1" 200 472 "http://localhost:8080/" "Mozilla/5.0 (Windows NT 10.0; Win64; x64) AppleWebKit/537.36 (KHTML, like Gecko) Chrome/86.0.4240.75 Safari/537.36"
[2020-10-10T10:57:28.078] [DEBUG] net_none - ::1 - - "OPTIONS /file/delete HTTP/1.1" 200 64 "http://localhost:8080/" "Mozilla/5.0 (Windows NT 10.0; Win64; x64) AppleWebKit/537.36 (KHTML, like Gecko) Chrome/86.0.4240.75 Safari/537.36"
[2020-10-10T10:57:28.110] [DEBUG] net_none - ::1 - - "POST /file/delete HTTP/1.1" 200 31 "http://localhost:8080/" "Mozilla/5.0 (Windows NT 10.0; Win64; x64) AppleWebKit/537.36 (KHTML, like Gecko) Chrome/86.0.4240.75 Safari/537.36"
[2020-10-10T10:57:28.135] [DEBUG] net_none - ::1 - - "OPTIONS /file/get?pageNum=1&pageSize=10&path=+%E6%B5%8B%E8%AF%952 HTTP/1.1" 200 64 "http://localhost:8080/" "Mozilla/5.0 (Windows NT 10.0; Win64; x64) AppleWebKit/537.36 (KHTML, like Gecko) Chrome/86.0.4240.75 Safari/537.36"
[2020-10-10T10:57:28.146] [DEBUG] net_none - ::1 - - "GET /file/get?pageNum=1&pageSize=10&path=+%E6%B5%8B%E8%AF%952 HTTP/1.1" 200 279 "http://localhost:8080/" "Mozilla/5.0 (Windows NT 10.0; Win64; x64) AppleWebKit/537.36 (KHTML, like Gecko) Chrome/86.0.4240.75 Safari/537.36"
[2020-10-10T10:57:29.286] [DEBUG] net_none - ::1 - - "OPTIONS /file/get?path=+%E6%B5%8B%E8%AF%952%2F333 HTTP/1.1" 200 64 "http://localhost:8080/" "Mozilla/5.0 (Windows NT 10.0; Win64; x64) AppleWebKit/537.36 (KHTML, like Gecko) Chrome/86.0.4240.75 Safari/537.36"
[2020-10-10T10:57:29.295] [DEBUG] net_none - ::1 - - "GET /file/get?path=+%E6%B5%8B%E8%AF%952%2F333 HTTP/1.1" 304 - "http://localhost:8080/" "Mozilla/5.0 (Windows NT 10.0; Win64; x64) AppleWebKit/537.36 (KHTML, like Gecko) Chrome/86.0.4240.75 Safari/537.36"
[2020-10-10T10:57:29.920] [DEBUG] net_none - ::1 - - "OPTIONS /file/get?path=+%E6%B5%8B%E8%AF%952333%2F%E6%96%B0%E5%BB%BA%E6%96%87%E4%BB%B6%E5%A4%B9+(2) HTTP/1.1" 200 64 "http://localhost:8080/" "Mozilla/5.0 (Windows NT 10.0; Win64; x64) AppleWebKit/537.36 (KHTML, like Gecko) Chrome/86.0.4240.75 Safari/537.36"
[2020-10-10T10:57:29.952] [DEBUG] net_none - ::1 - - "GET /file/get?path=+%E6%B5%8B%E8%AF%952333%2F%E6%96%B0%E5%BB%BA%E6%96%87%E4%BB%B6%E5%A4%B9+(2) HTTP/1.1" 304 - "http://localhost:8080/" "Mozilla/5.0 (Windows NT 10.0; Win64; x64) AppleWebKit/537.36 (KHTML, like Gecko) Chrome/86.0.4240.75 Safari/537.36"
[2020-10-10T10:57:30.518] [DEBUG] net_none - ::1 - - "GET /file/get?path=+%E6%B5%8B%E8%AF%952333%2F%E6%96%B0%E5%BB%BA%E6%96%87%E4%BB%B6%E5%A4%B9+(2) HTTP/1.1" 304 - "http://localhost:8080/" "Mozilla/5.0 (Windows NT 10.0; Win64; x64) AppleWebKit/537.36 (KHTML, like Gecko) Chrome/86.0.4240.75 Safari/537.36"
[2020-10-10T10:57:30.841] [DEBUG] net_none - ::1 - - "GET /file/get?path=+%E6%B5%8B%E8%AF%952333%2F%E6%96%B0%E5%BB%BA%E6%96%87%E4%BB%B6%E5%A4%B9+(2) HTTP/1.1" 304 - "http://localhost:8080/" "Mozilla/5.0 (Windows NT 10.0; Win64; x64) AppleWebKit/537.36 (KHTML, like Gecko) Chrome/86.0.4240.75 Safari/537.36"
[2020-10-10T10:57:37.665] [DEBUG] net_none - ::1 - - "OPTIONS /user/auth HTTP/1.1" 200 4 "http://localhost:8080/" "Mozilla/5.0 (Windows NT 10.0; Win64; x64) AppleWebKit/537.36 (KHTML, like Gecko) Chrome/86.0.4240.75 Safari/537.36"
[2020-10-10T10:57:37.688] [DEBUG] net_none - ::1 - - "POST /user/auth HTTP/1.1" 200 266 "http://localhost:8080/" "Mozilla/5.0 (Windows NT 10.0; Win64; x64) AppleWebKit/537.36 (KHTML, like Gecko) Chrome/86.0.4240.75 Safari/537.36"
[2020-10-10T10:57:38.687] [DEBUG] net_none - ::1 - - "OPTIONS /codeSegment/get HTTP/1.1" 200 64 "http://localhost:8080/" "Mozilla/5.0 (Windows NT 10.0; Win64; x64) AppleWebKit/537.36 (KHTML, like Gecko) Chrome/86.0.4240.75 Safari/537.36"
[2020-10-10T10:57:38.689] [DEBUG] net_none - ::1 - - "OPTIONS /project/get-all?account=slw HTTP/1.1" 200 64 "http://localhost:8080/" "Mozilla/5.0 (Windows NT 10.0; Win64; x64) AppleWebKit/537.36 (KHTML, like Gecko) Chrome/86.0.4240.75 Safari/537.36"
[2020-10-10T10:57:38.699] [DEBUG] net_none - ::1 - - "GET /codeSegment/get HTTP/1.1" 304 - "http://localhost:8080/" "Mozilla/5.0 (Windows NT 10.0; Win64; x64) AppleWebKit/537.36 (KHTML, like Gecko) Chrome/86.0.4240.75 Safari/537.36"
[2020-10-10T10:57:38.705] [DEBUG] net_none - ::1 - - "GET /project/get-all?account=slw HTTP/1.1" 304 - "http://localhost:8080/" "Mozilla/5.0 (Windows NT 10.0; Win64; x64) AppleWebKit/537.36 (KHTML, like Gecko) Chrome/86.0.4240.75 Safari/537.36"
[2020-10-10T10:57:40.413] [DEBUG] net_none - ::1 - - "OPTIONS /file/get?pageNum=1&pageSize=10 HTTP/1.1" 200 64 "http://localhost:8080/" "Mozilla/5.0 (Windows NT 10.0; Win64; x64) AppleWebKit/537.36 (KHTML, like Gecko) Chrome/86.0.4240.75 Safari/537.36"
[2020-10-10T10:57:40.428] [DEBUG] net_none - ::1 - - "GET /file/get?pageNum=1&pageSize=10 HTTP/1.1" 200 1703 "http://localhost:8080/" "Mozilla/5.0 (Windows NT 10.0; Win64; x64) AppleWebKit/537.36 (KHTML, like Gecko) Chrome/86.0.4240.75 Safari/537.36"
[2020-10-10T10:57:41.650] [DEBUG] net_none - ::1 - - "OPTIONS /file/get?path=%2F+%E6%B5%8B%E8%AF%952 HTTP/1.1" 200 64 "http://localhost:8080/" "Mozilla/5.0 (Windows NT 10.0; Win64; x64) AppleWebKit/537.36 (KHTML, like Gecko) Chrome/86.0.4240.75 Safari/537.36"
[2020-10-10T10:57:41.658] [DEBUG] net_none - ::1 - - "GET /file/get?path=%2F+%E6%B5%8B%E8%AF%952 HTTP/1.1" 200 275 "http://localhost:8080/" "Mozilla/5.0 (Windows NT 10.0; Win64; x64) AppleWebKit/537.36 (KHTML, like Gecko) Chrome/86.0.4240.75 Safari/537.36"
[2020-10-10T10:57:42.250] [DEBUG] net_none - ::1 - - "OPTIONS /file/get?path=+%E6%B5%8B%E8%AF%952%2F333 HTTP/1.1" 200 64 "http://localhost:8080/" "Mozilla/5.0 (Windows NT 10.0; Win64; x64) AppleWebKit/537.36 (KHTML, like Gecko) Chrome/86.0.4240.75 Safari/537.36"
[2020-10-10T10:57:42.256] [DEBUG] net_none - ::1 - - "GET /file/get?path=+%E6%B5%8B%E8%AF%952%2F333 HTTP/1.1" 304 - "http://localhost:8080/" "Mozilla/5.0 (Windows NT 10.0; Win64; x64) AppleWebKit/537.36 (KHTML, like Gecko) Chrome/86.0.4240.75 Safari/537.36"
[2020-10-10T10:57:43.014] [DEBUG] net_none - ::1 - - "OPTIONS /file/get?path=+%E6%B5%8B%E8%AF%952333%2F%E6%96%B0%E5%BB%BA%E6%96%87%E4%BB%B6%E5%A4%B9+(2) HTTP/1.1" 200 64 "http://localhost:8080/" "Mozilla/5.0 (Windows NT 10.0; Win64; x64) AppleWebKit/537.36 (KHTML, like Gecko) Chrome/86.0.4240.75 Safari/537.36"
[2020-10-10T10:57:43.048] [DEBUG] net_none - ::1 - - "GET /file/get?path=+%E6%B5%8B%E8%AF%952333%2F%E6%96%B0%E5%BB%BA%E6%96%87%E4%BB%B6%E5%A4%B9+(2) HTTP/1.1" 304 - "http://localhost:8080/" "Mozilla/5.0 (Windows NT 10.0; Win64; x64) AppleWebKit/537.36 (KHTML, like Gecko) Chrome/86.0.4240.75 Safari/537.36"
[2020-10-10T10:58:41.434] [DEBUG] net_none - ::1 - - "OPTIONS /user/auth HTTP/1.1" 200 4 "http://localhost:8080/" "Mozilla/5.0 (Windows NT 10.0; Win64; x64) AppleWebKit/537.36 (KHTML, like Gecko) Chrome/86.0.4240.75 Safari/537.36"
[2020-10-10T10:58:41.445] [DEBUG] net_none - ::1 - - "POST /user/auth HTTP/1.1" 200 266 "http://localhost:8080/" "Mozilla/5.0 (Windows NT 10.0; Win64; x64) AppleWebKit/537.36 (KHTML, like Gecko) Chrome/86.0.4240.75 Safari/537.36"
[2020-10-10T10:58:42.679] [DEBUG] net_none - ::1 - - "OPTIONS /codeSegment/get HTTP/1.1" 200 64 "http://localhost:8080/" "Mozilla/5.0 (Windows NT 10.0; Win64; x64) AppleWebKit/537.36 (KHTML, like Gecko) Chrome/86.0.4240.75 Safari/537.36"
[2020-10-10T10:58:42.681] [DEBUG] net_none - ::1 - - "OPTIONS /project/get-all?account=slw HTTP/1.1" 200 64 "http://localhost:8080/" "Mozilla/5.0 (Windows NT 10.0; Win64; x64) AppleWebKit/537.36 (KHTML, like Gecko) Chrome/86.0.4240.75 Safari/537.36"
[2020-10-10T10:58:42.689] [DEBUG] net_none - ::1 - - "GET /codeSegment/get HTTP/1.1" 304 - "http://localhost:8080/" "Mozilla/5.0 (Windows NT 10.0; Win64; x64) AppleWebKit/537.36 (KHTML, like Gecko) Chrome/86.0.4240.75 Safari/537.36"
[2020-10-10T10:58:42.691] [DEBUG] net_none - ::1 - - "GET /project/get-all?account=slw HTTP/1.1" 304 - "http://localhost:8080/" "Mozilla/5.0 (Windows NT 10.0; Win64; x64) AppleWebKit/537.36 (KHTML, like Gecko) Chrome/86.0.4240.75 Safari/537.36"
[2020-10-10T10:58:45.392] [DEBUG] net_none - ::1 - - "OPTIONS /file/get?pageNum=1&pageSize=10 HTTP/1.1" 200 64 "http://localhost:8080/" "Mozilla/5.0 (Windows NT 10.0; Win64; x64) AppleWebKit/537.36 (KHTML, like Gecko) Chrome/86.0.4240.75 Safari/537.36"
[2020-10-10T10:58:45.404] [DEBUG] net_none - ::1 - - "GET /file/get?pageNum=1&pageSize=10 HTTP/1.1" 200 1697 "http://localhost:8080/" "Mozilla/5.0 (Windows NT 10.0; Win64; x64) AppleWebKit/537.36 (KHTML, like Gecko) Chrome/86.0.4240.75 Safari/537.36"
[2020-10-10T10:58:46.336] [DEBUG] net_none - ::1 - - "OPTIONS /file/get?path=%2F+%E6%B5%8B%E8%AF%952 HTTP/1.1" 200 64 "http://localhost:8080/" "Mozilla/5.0 (Windows NT 10.0; Win64; x64) AppleWebKit/537.36 (KHTML, like Gecko) Chrome/86.0.4240.75 Safari/537.36"
[2020-10-10T10:58:46.343] [DEBUG] net_none - ::1 - - "GET /file/get?path=%2F+%E6%B5%8B%E8%AF%952 HTTP/1.1" 200 265 "http://localhost:8080/" "Mozilla/5.0 (Windows NT 10.0; Win64; x64) AppleWebKit/537.36 (KHTML, like Gecko) Chrome/86.0.4240.75 Safari/537.36"
[2020-10-10T10:58:46.912] [DEBUG] net_none - ::1 - - "OPTIONS /file/get?path=+%E6%B5%8B%E8%AF%952%2F333 HTTP/1.1" 200 64 "http://localhost:8080/" "Mozilla/5.0 (Windows NT 10.0; Win64; x64) AppleWebKit/537.36 (KHTML, like Gecko) Chrome/86.0.4240.75 Safari/537.36"
[2020-10-10T10:58:46.922] [DEBUG] net_none - ::1 - - "GET /file/get?path=+%E6%B5%8B%E8%AF%952%2F333 HTTP/1.1" 200 112 "http://localhost:8080/" "Mozilla/5.0 (Windows NT 10.0; Win64; x64) AppleWebKit/537.36 (KHTML, like Gecko) Chrome/86.0.4240.75 Safari/537.36"
[2020-10-10T10:58:53.053] [DEBUG] net_none - ::1 - - "OPTIONS /file/batch-upload HTTP/1.1" 200 64 "http://localhost:8080/" "Mozilla/5.0 (Windows NT 10.0; Win64; x64) AppleWebKit/537.36 (KHTML, like Gecko) Chrome/86.0.4240.75 Safari/537.36"
[2020-10-10T10:58:53.117] [DEBUG] net_none - ::1 - - "POST /file/batch-upload HTTP/1.1" 200 33 "http://localhost:8080/" "Mozilla/5.0 (Windows NT 10.0; Win64; x64) AppleWebKit/537.36 (KHTML, like Gecko) Chrome/86.0.4240.75 Safari/537.36"
[2020-10-10T10:58:53.656] [DEBUG] net_none - ::1 - - "OPTIONS /file/get?pageNum=1&pageSize=10&path=+%E6%B5%8B%E8%AF%952%2F333 HTTP/1.1" 200 64 "http://localhost:8080/" "Mozilla/5.0 (Windows NT 10.0; Win64; x64) AppleWebKit/537.36 (KHTML, like Gecko) Chrome/86.0.4240.75 Safari/537.36"
[2020-10-10T10:58:53.665] [DEBUG] net_none - ::1 - - "GET /file/get?pageNum=1&pageSize=10&path=+%E6%B5%8B%E8%AF%952%2F333 HTTP/1.1" 200 316 "http://localhost:8080/" "Mozilla/5.0 (Windows NT 10.0; Win64; x64) AppleWebKit/537.36 (KHTML, like Gecko) Chrome/86.0.4240.75 Safari/537.36"
[2020-10-10T10:58:54.807] [DEBUG] net_none - ::1 - - "OPTIONS /file/get?path=+%E6%B5%8B%E8%AF%952333%2F%E6%96%B0%E5%BB%BA%E6%96%87%E4%BB%B6%E5%A4%B9+(2) HTTP/1.1" 200 64 "http://localhost:8080/" "Mozilla/5.0 (Windows NT 10.0; Win64; x64) AppleWebKit/537.36 (KHTML, like Gecko) Chrome/86.0.4240.75 Safari/537.36"
[2020-10-10T10:58:54.833] [DEBUG] net_none - ::1 - - "GET /file/get?path=+%E6%B5%8B%E8%AF%952333%2F%E6%96%B0%E5%BB%BA%E6%96%87%E4%BB%B6%E5%A4%B9+(2) HTTP/1.1" 304 - "http://localhost:8080/" "Mozilla/5.0 (Windows NT 10.0; Win64; x64) AppleWebKit/537.36 (KHTML, like Gecko) Chrome/86.0.4240.75 Safari/537.36"
[2020-10-10T10:59:17.722] [DEBUG] net_none - ::1 - - "OPTIONS /file/get?pageNum=1&pageSize=10&path=+%E6%B5%8B%E8%AF%952 HTTP/1.1" 200 64 "http://localhost:8080/" "Mozilla/5.0 (Windows NT 10.0; Win64; x64) AppleWebKit/537.36 (KHTML, like Gecko) Chrome/86.0.4240.75 Safari/537.36"
[2020-10-10T10:59:17.735] [DEBUG] net_none - ::1 - - "GET /file/get?pageNum=1&pageSize=10&path=+%E6%B5%8B%E8%AF%952 HTTP/1.1" 200 279 "http://localhost:8080/" "Mozilla/5.0 (Windows NT 10.0; Win64; x64) AppleWebKit/537.36 (KHTML, like Gecko) Chrome/86.0.4240.75 Safari/537.36"
[2020-10-10T10:59:19.595] [DEBUG] net_none - ::1 - - "OPTIONS /file/get?pageNum=1&pageSize=10 HTTP/1.1" 200 64 "http://localhost:8080/" "Mozilla/5.0 (Windows NT 10.0; Win64; x64) AppleWebKit/537.36 (KHTML, like Gecko) Chrome/86.0.4240.75 Safari/537.36"
[2020-10-10T10:59:19.611] [DEBUG] net_none - ::1 - - "GET /file/get?pageNum=1&pageSize=10 HTTP/1.1" 200 1702 "http://localhost:8080/" "Mozilla/5.0 (Windows NT 10.0; Win64; x64) AppleWebKit/537.36 (KHTML, like Gecko) Chrome/86.0.4240.75 Safari/537.36"
[2020-10-10T10:59:20.531] [DEBUG] net_none - ::1 - - "OPTIONS /file/get?path=%2F111 HTTP/1.1" 200 64 "http://localhost:8080/" "Mozilla/5.0 (Windows NT 10.0; Win64; x64) AppleWebKit/537.36 (KHTML, like Gecko) Chrome/86.0.4240.75 Safari/537.36"
[2020-10-10T10:59:20.538] [DEBUG] net_none - ::1 - - "GET /file/get?path=%2F111 HTTP/1.1" 200 112 "http://localhost:8080/" "Mozilla/5.0 (Windows NT 10.0; Win64; x64) AppleWebKit/537.36 (KHTML, like Gecko) Chrome/86.0.4240.75 Safari/537.36"
[2020-10-10T10:59:21.544] [DEBUG] net_none - ::1 - - "GET /file/get?pageNum=1&pageSize=10 HTTP/1.1" 304 - "http://localhost:8080/" "Mozilla/5.0 (Windows NT 10.0; Win64; x64) AppleWebKit/537.36 (KHTML, like Gecko) Chrome/86.0.4240.75 Safari/537.36"
[2020-10-10T10:59:22.499] [DEBUG] net_none - ::1 - - "OPTIONS /file/get?path=%2F1111 HTTP/1.1" 200 64 "http://localhost:8080/" "Mozilla/5.0 (Windows NT 10.0; Win64; x64) AppleWebKit/537.36 (KHTML, like Gecko) Chrome/86.0.4240.75 Safari/537.36"
[2020-10-10T10:59:22.506] [DEBUG] net_none - ::1 - - "GET /file/get?path=%2F1111 HTTP/1.1" 200 112 "http://localhost:8080/" "Mozilla/5.0 (Windows NT 10.0; Win64; x64) AppleWebKit/537.36 (KHTML, like Gecko) Chrome/86.0.4240.75 Safari/537.36"
[2020-10-10T10:59:23.402] [DEBUG] net_none - ::1 - - "GET /file/get?pageNum=1&pageSize=10 HTTP/1.1" 304 - "http://localhost:8080/" "Mozilla/5.0 (Windows NT 10.0; Win64; x64) AppleWebKit/537.36 (KHTML, like Gecko) Chrome/86.0.4240.75 Safari/537.36"
[2020-10-10T10:59:24.704] [DEBUG] net_none - ::1 - - "OPTIONS /file/get?path=%2F%E6%B5%8B%E8%AF%951 HTTP/1.1" 200 64 "http://localhost:8080/" "Mozilla/5.0 (Windows NT 10.0; Win64; x64) AppleWebKit/537.36 (KHTML, like Gecko) Chrome/86.0.4240.75 Safari/537.36"
[2020-10-10T10:59:24.711] [DEBUG] net_none - ::1 - - "GET /file/get?path=%2F%E6%B5%8B%E8%AF%951 HTTP/1.1" 200 112 "http://localhost:8080/" "Mozilla/5.0 (Windows NT 10.0; Win64; x64) AppleWebKit/537.36 (KHTML, like Gecko) Chrome/86.0.4240.75 Safari/537.36"
[2020-10-10T10:59:25.858] [DEBUG] net_none - ::1 - - "OPTIONS /file/get?pageNum=1&pageSize=10 HTTP/1.1" 200 64 "http://localhost:8080/" "Mozilla/5.0 (Windows NT 10.0; Win64; x64) AppleWebKit/537.36 (KHTML, like Gecko) Chrome/86.0.4240.75 Safari/537.36"
[2020-10-10T10:59:25.877] [DEBUG] net_none - ::1 - - "GET /file/get?pageNum=1&pageSize=10 HTTP/1.1" 304 - "http://localhost:8080/" "Mozilla/5.0 (Windows NT 10.0; Win64; x64) AppleWebKit/537.36 (KHTML, like Gecko) Chrome/86.0.4240.75 Safari/537.36"
[2020-10-10T10:59:27.310] [DEBUG] net_none - ::1 - - "OPTIONS /file/get?path=%2F%E6%B5%8B%E8%AF%951+-+%E5%89%AF%E6%9C%AC+(10) HTTP/1.1" 200 64 "http://localhost:8080/" "Mozilla/5.0 (Windows NT 10.0; Win64; x64) AppleWebKit/537.36 (KHTML, like Gecko) Chrome/86.0.4240.75 Safari/537.36"
[2020-10-10T10:59:27.317] [DEBUG] net_none - ::1 - - "GET /file/get?path=%2F%E6%B5%8B%E8%AF%951+-+%E5%89%AF%E6%9C%AC+(10) HTTP/1.1" 200 112 "http://localhost:8080/" "Mozilla/5.0 (Windows NT 10.0; Win64; x64) AppleWebKit/537.36 (KHTML, like Gecko) Chrome/86.0.4240.75 Safari/537.36"
[2020-10-10T10:59:28.352] [DEBUG] net_none - ::1 - - "GET /file/get?pageNum=1&pageSize=10 HTTP/1.1" 304 - "http://localhost:8080/" "Mozilla/5.0 (Windows NT 10.0; Win64; x64) AppleWebKit/537.36 (KHTML, like Gecko) Chrome/86.0.4240.75 Safari/537.36"
[2020-10-10T10:59:29.120] [DEBUG] net_none - ::1 - - "OPTIONS /file/get?path=%2F+%E6%B5%8B%E8%AF%952 HTTP/1.1" 200 64 "http://localhost:8080/" "Mozilla/5.0 (Windows NT 10.0; Win64; x64) AppleWebKit/537.36 (KHTML, like Gecko) Chrome/86.0.4240.75 Safari/537.36"
[2020-10-10T10:59:29.129] [DEBUG] net_none - ::1 - - "GET /file/get?path=%2F+%E6%B5%8B%E8%AF%952 HTTP/1.1" 200 275 "http://localhost:8080/" "Mozilla/5.0 (Windows NT 10.0; Win64; x64) AppleWebKit/537.36 (KHTML, like Gecko) Chrome/86.0.4240.75 Safari/537.36"
[2020-10-10T10:59:30.597] [DEBUG] net_none - ::1 - - "OPTIONS /file/get?path=+%E6%B5%8B%E8%AF%952%2F333 HTTP/1.1" 200 64 "http://localhost:8080/" "Mozilla/5.0 (Windows NT 10.0; Win64; x64) AppleWebKit/537.36 (KHTML, like Gecko) Chrome/86.0.4240.75 Safari/537.36"
[2020-10-10T10:59:30.605] [DEBUG] net_none - ::1 - - "GET /file/get?path=+%E6%B5%8B%E8%AF%952%2F333 HTTP/1.1" 200 312 "http://localhost:8080/" "Mozilla/5.0 (Windows NT 10.0; Win64; x64) AppleWebKit/537.36 (KHTML, like Gecko) Chrome/86.0.4240.75 Safari/537.36"
[2020-10-10T10:59:45.087] [DEBUG] net_none - ::1 - - "OPTIONS /file/get?path=+%E6%B5%8B%E8%AF%952333%2F%E6%96%B0%E5%BB%BA%E6%96%87%E4%BB%B6%E5%A4%B9+(2) HTTP/1.1" 200 64 "http://localhost:8080/" "Mozilla/5.0 (Windows NT 10.0; Win64; x64) AppleWebKit/537.36 (KHTML, like Gecko) Chrome/86.0.4240.75 Safari/537.36"
[2020-10-10T10:59:45.120] [DEBUG] net_none - ::1 - - "GET /file/get?path=+%E6%B5%8B%E8%AF%952333%2F%E6%96%B0%E5%BB%BA%E6%96%87%E4%BB%B6%E5%A4%B9+(2) HTTP/1.1" 304 - "http://localhost:8080/" "Mozilla/5.0 (Windows NT 10.0; Win64; x64) AppleWebKit/537.36 (KHTML, like Gecko) Chrome/86.0.4240.75 Safari/537.36"
[2020-10-10T11:00:46.295] [DEBUG] net_none - ::1 - - "OPTIONS /file/get?pageNum=1&pageSize=10 HTTP/1.1" 200 64 "http://localhost:8080/" "Mozilla/5.0 (Windows NT 10.0; Win64; x64) AppleWebKit/537.36 (KHTML, like Gecko) Chrome/86.0.4240.75 Safari/537.36"
[2020-10-10T11:00:46.321] [DEBUG] net_none - ::1 - - "GET /file/get?pageNum=1&pageSize=10 HTTP/1.1" 304 - "http://localhost:8080/" "Mozilla/5.0 (Windows NT 10.0; Win64; x64) AppleWebKit/537.36 (KHTML, like Gecko) Chrome/86.0.4240.75 Safari/537.36"
[2020-10-10T11:00:48.400] [DEBUG] net_none - ::1 - - "OPTIONS /file/get?path=%2F+%E6%B5%8B%E8%AF%952 HTTP/1.1" 200 64 "http://localhost:8080/" "Mozilla/5.0 (Windows NT 10.0; Win64; x64) AppleWebKit/537.36 (KHTML, like Gecko) Chrome/86.0.4240.75 Safari/537.36"
[2020-10-10T11:00:48.408] [DEBUG] net_none - ::1 - - "GET /file/get?path=%2F+%E6%B5%8B%E8%AF%952 HTTP/1.1" 304 - "http://localhost:8080/" "Mozilla/5.0 (Windows NT 10.0; Win64; x64) AppleWebKit/537.36 (KHTML, like Gecko) Chrome/86.0.4240.75 Safari/537.36"
[2020-10-10T11:00:50.546] [DEBUG] net_none - ::1 - - "GET /file/get?pageNum=1&pageSize=10 HTTP/1.1" 304 - "http://localhost:8080/" "Mozilla/5.0 (Windows NT 10.0; Win64; x64) AppleWebKit/537.36 (KHTML, like Gecko) Chrome/86.0.4240.75 Safari/537.36"
[2020-10-10T11:00:51.747] [DEBUG] net_none - ::1 - - "GET /file/get?path=%2F+%E6%B5%8B%E8%AF%952 HTTP/1.1" 304 - "http://localhost:8080/" "Mozilla/5.0 (Windows NT 10.0; Win64; x64) AppleWebKit/537.36 (KHTML, like Gecko) Chrome/86.0.4240.75 Safari/537.36"
[2020-10-10T11:00:52.289] [DEBUG] net_none - ::1 - - "OPTIONS /file/get?path=+%E6%B5%8B%E8%AF%952%2F333 HTTP/1.1" 200 64 "http://localhost:8080/" "Mozilla/5.0 (Windows NT 10.0; Win64; x64) AppleWebKit/537.36 (KHTML, like Gecko) Chrome/86.0.4240.75 Safari/537.36"
[2020-10-10T11:00:52.299] [DEBUG] net_none - ::1 - - "GET /file/get?path=+%E6%B5%8B%E8%AF%952%2F333 HTTP/1.1" 304 - "http://localhost:8080/" "Mozilla/5.0 (Windows NT 10.0; Win64; x64) AppleWebKit/537.36 (KHTML, like Gecko) Chrome/86.0.4240.75 Safari/537.36"
[2020-10-10T11:00:53.093] [DEBUG] net_none - ::1 - - "OPTIONS /file/get?path=+%E6%B5%8B%E8%AF%952333%2F%E6%96%B0%E5%BB%BA%E6%96%87%E4%BB%B6%E5%A4%B9+(2) HTTP/1.1" 200 64 "http://localhost:8080/" "Mozilla/5.0 (Windows NT 10.0; Win64; x64) AppleWebKit/537.36 (KHTML, like Gecko) Chrome/86.0.4240.75 Safari/537.36"
[2020-10-10T11:00:53.122] [DEBUG] net_none - ::1 - - "GET /file/get?path=+%E6%B5%8B%E8%AF%952333%2F%E6%96%B0%E5%BB%BA%E6%96%87%E4%BB%B6%E5%A4%B9+(2) HTTP/1.1" 304 - "http://localhost:8080/" "Mozilla/5.0 (Windows NT 10.0; Win64; x64) AppleWebKit/537.36 (KHTML, like Gecko) Chrome/86.0.4240.75 Safari/537.36"
[2020-10-10T11:02:12.402] [DEBUG] net_none - ::1 - - "OPTIONS /user/auth HTTP/1.1" 200 4 "http://localhost:8080/" "Mozilla/5.0 (Windows NT 10.0; Win64; x64) AppleWebKit/537.36 (KHTML, like Gecko) Chrome/86.0.4240.75 Safari/537.36"
[2020-10-10T11:02:12.410] [DEBUG] net_none - ::1 - - "POST /user/auth HTTP/1.1" 200 266 "http://localhost:8080/" "Mozilla/5.0 (Windows NT 10.0; Win64; x64) AppleWebKit/537.36 (KHTML, like Gecko) Chrome/86.0.4240.75 Safari/537.36"
[2020-10-10T11:02:13.449] [DEBUG] net_none - ::1 - - "OPTIONS /codeSegment/get HTTP/1.1" 200 64 "http://localhost:8080/" "Mozilla/5.0 (Windows NT 10.0; Win64; x64) AppleWebKit/537.36 (KHTML, like Gecko) Chrome/86.0.4240.75 Safari/537.36"
[2020-10-10T11:02:13.451] [DEBUG] net_none - ::1 - - "OPTIONS /project/get-all?account=slw HTTP/1.1" 200 64 "http://localhost:8080/" "Mozilla/5.0 (Windows NT 10.0; Win64; x64) AppleWebKit/537.36 (KHTML, like Gecko) Chrome/86.0.4240.75 Safari/537.36"
[2020-10-10T11:02:13.457] [DEBUG] net_none - ::1 - - "GET /codeSegment/get HTTP/1.1" 304 - "http://localhost:8080/" "Mozilla/5.0 (Windows NT 10.0; Win64; x64) AppleWebKit/537.36 (KHTML, like Gecko) Chrome/86.0.4240.75 Safari/537.36"
[2020-10-10T11:02:13.460] [DEBUG] net_none - ::1 - - "GET /project/get-all?account=slw HTTP/1.1" 304 - "http://localhost:8080/" "Mozilla/5.0 (Windows NT 10.0; Win64; x64) AppleWebKit/537.36 (KHTML, like Gecko) Chrome/86.0.4240.75 Safari/537.36"
[2020-10-10T11:02:14.912] [DEBUG] net_none - ::1 - - "OPTIONS /file/get?pageNum=1&pageSize=10 HTTP/1.1" 200 64 "http://localhost:8080/" "Mozilla/5.0 (Windows NT 10.0; Win64; x64) AppleWebKit/537.36 (KHTML, like Gecko) Chrome/86.0.4240.75 Safari/537.36"
[2020-10-10T11:02:14.924] [DEBUG] net_none - ::1 - - "GET /file/get?pageNum=1&pageSize=10 HTTP/1.1" 200 1723 "http://localhost:8080/" "Mozilla/5.0 (Windows NT 10.0; Win64; x64) AppleWebKit/537.36 (KHTML, like Gecko) Chrome/86.0.4240.75 Safari/537.36"
[2020-10-10T11:02:20.589] [DEBUG] net_none - ::1 - - "OPTIONS /file/get?path=%2F111 HTTP/1.1" 200 64 "http://localhost:8080/" "Mozilla/5.0 (Windows NT 10.0; Win64; x64) AppleWebKit/537.36 (KHTML, like Gecko) Chrome/86.0.4240.75 Safari/537.36"
[2020-10-10T11:02:20.595] [DEBUG] net_none - ::1 - - "GET /file/get?path=%2F111 HTTP/1.1" 304 - "http://localhost:8080/" "Mozilla/5.0 (Windows NT 10.0; Win64; x64) AppleWebKit/537.36 (KHTML, like Gecko) Chrome/86.0.4240.75 Safari/537.36"
[2020-10-10T11:02:26.603] [DEBUG] net_none - ::1 - - "OPTIONS /file/batch-upload HTTP/1.1" 200 64 "http://localhost:8080/" "Mozilla/5.0 (Windows NT 10.0; Win64; x64) AppleWebKit/537.36 (KHTML, like Gecko) Chrome/86.0.4240.75 Safari/537.36"
[2020-10-10T11:02:26.709] [DEBUG] net_none - ::1 - - "POST /file/batch-upload HTTP/1.1" 200 33 "http://localhost:8080/" "Mozilla/5.0 (Windows NT 10.0; Win64; x64) AppleWebKit/537.36 (KHTML, like Gecko) Chrome/86.0.4240.75 Safari/537.36"
[2020-10-10T11:02:27.259] [DEBUG] net_none - ::1 - - "OPTIONS /file/get?pageNum=1&pageSize=10&path=111 HTTP/1.1" 200 64 "http://localhost:8080/" "Mozilla/5.0 (Windows NT 10.0; Win64; x64) AppleWebKit/537.36 (KHTML, like Gecko) Chrome/86.0.4240.75 Safari/537.36"
[2020-10-10T11:02:27.271] [DEBUG] net_none - ::1 - - "GET /file/get?pageNum=1&pageSize=10&path=111 HTTP/1.1" 200 306 "http://localhost:8080/" "Mozilla/5.0 (Windows NT 10.0; Win64; x64) AppleWebKit/537.36 (KHTML, like Gecko) Chrome/86.0.4240.75 Safari/537.36"
[2020-10-10T11:02:28.711] [DEBUG] net_none - ::1 - - "OPTIONS /file/get?path=111%2F%E6%96%B0%E5%BB%BA%E6%96%87%E4%BB%B6%E5%A4%B9+(2) HTTP/1.1" 200 64 "http://localhost:8080/" "Mozilla/5.0 (Windows NT 10.0; Win64; x64) AppleWebKit/537.36 (KHTML, like Gecko) Chrome/86.0.4240.75 Safari/537.36"
[2020-10-10T11:02:28.721] [DEBUG] net_none - ::1 - - "GET /file/get?path=111%2F%E6%96%B0%E5%BB%BA%E6%96%87%E4%BB%B6%E5%A4%B9+(2) HTTP/1.1" 200 1238 "http://localhost:8080/" "Mozilla/5.0 (Windows NT 10.0; Win64; x64) AppleWebKit/537.36 (KHTML, like Gecko) Chrome/86.0.4240.75 Safari/537.36"
[2020-10-10T11:02:30.831] [DEBUG] net_none - ::1 - - "GET /file/get?pageNum=1&pageSize=10&path=111 HTTP/1.1" 304 - "http://localhost:8080/" "Mozilla/5.0 (Windows NT 10.0; Win64; x64) AppleWebKit/537.36 (KHTML, like Gecko) Chrome/86.0.4240.75 Safari/537.36"
[2020-10-10T11:02:35.778] [DEBUG] net_none - ::1 - - "OPTIONS /file/rename HTTP/1.1" 200 64 "http://localhost:8080/" "Mozilla/5.0 (Windows NT 10.0; Win64; x64) AppleWebKit/537.36 (KHTML, like Gecko) Chrome/86.0.4240.75 Safari/537.36"
[2020-10-10T11:02:35.787] [DEBUG] net_none - ::1 - - "POST /file/rename HTTP/1.1" 200 34 "http://localhost:8080/" "Mozilla/5.0 (Windows NT 10.0; Win64; x64) AppleWebKit/537.36 (KHTML, like Gecko) Chrome/86.0.4240.75 Safari/537.36"
[2020-10-10T11:02:47.014] [DEBUG] net_none - ::1 - - "OPTIONS /file/get?pageNum=1&pageSize=10 HTTP/1.1" 200 64 "http://localhost:8080/" "Mozilla/5.0 (Windows NT 10.0; Win64; x64) AppleWebKit/537.36 (KHTML, like Gecko) Chrome/86.0.4240.75 Safari/537.36"
[2020-10-10T11:02:47.028] [DEBUG] net_none - ::1 - - "GET /file/get?pageNum=1&pageSize=10 HTTP/1.1" 200 1734 "http://localhost:8080/" "Mozilla/5.0 (Windows NT 10.0; Win64; x64) AppleWebKit/537.36 (KHTML, like Gecko) Chrome/86.0.4240.75 Safari/537.36"
[2020-10-10T11:02:48.461] [DEBUG] net_none - ::1 - - "OPTIONS /file/get?path=%2F111 HTTP/1.1" 200 64 "http://localhost:8080/" "Mozilla/5.0 (Windows NT 10.0; Win64; x64) AppleWebKit/537.36 (KHTML, like Gecko) Chrome/86.0.4240.75 Safari/537.36"
[2020-10-10T11:02:48.470] [DEBUG] net_none - ::1 - - "GET /file/get?path=%2F111 HTTP/1.1" 304 - "http://localhost:8080/" "Mozilla/5.0 (Windows NT 10.0; Win64; x64) AppleWebKit/537.36 (KHTML, like Gecko) Chrome/86.0.4240.75 Safari/537.36"
[2020-10-10T11:02:49.738] [DEBUG] net_none - ::1 - - "GET /file/get?pageNum=1&pageSize=10 HTTP/1.1" 304 - "http://localhost:8080/" "Mozilla/5.0 (Windows NT 10.0; Win64; x64) AppleWebKit/537.36 (KHTML, like Gecko) Chrome/86.0.4240.75 Safari/537.36"
[2020-10-10T11:02:50.405] [DEBUG] net_none - ::1 - - "OPTIONS /file/get?path=%2F1111 HTTP/1.1" 200 64 "http://localhost:8080/" "Mozilla/5.0 (Windows NT 10.0; Win64; x64) AppleWebKit/537.36 (KHTML, like Gecko) Chrome/86.0.4240.75 Safari/537.36"
[2020-10-10T11:02:50.412] [DEBUG] net_none - ::1 - - "GET /file/get?path=%2F1111 HTTP/1.1" 304 - "http://localhost:8080/" "Mozilla/5.0 (Windows NT 10.0; Win64; x64) AppleWebKit/537.36 (KHTML, like Gecko) Chrome/86.0.4240.75 Safari/537.36"
[2020-10-10T11:02:51.365] [DEBUG] net_none - ::1 - - "GET /file/get?pageNum=1&pageSize=10 HTTP/1.1" 304 - "http://localhost:8080/" "Mozilla/5.0 (Windows NT 10.0; Win64; x64) AppleWebKit/537.36 (KHTML, like Gecko) Chrome/86.0.4240.75 Safari/537.36"
[2020-10-10T11:02:53.570] [DEBUG] net_none - ::1 - - "OPTIONS /file/get?path=%2F111 HTTP/1.1" 200 64 "http://localhost:8080/" "Mozilla/5.0 (Windows NT 10.0; Win64; x64) AppleWebKit/537.36 (KHTML, like Gecko) Chrome/86.0.4240.75 Safari/537.36"
[2020-10-10T11:02:53.577] [DEBUG] net_none - ::1 - - "GET /file/get?path=%2F111 HTTP/1.1" 304 - "http://localhost:8080/" "Mozilla/5.0 (Windows NT 10.0; Win64; x64) AppleWebKit/537.36 (KHTML, like Gecko) Chrome/86.0.4240.75 Safari/537.36"
[2020-10-10T11:03:30.877] [DEBUG] net_none - ::1 - - "OPTIONS /file/get?pageNum=1&pageSize=10 HTTP/1.1" 200 64 "http://localhost:8080/" "Mozilla/5.0 (Windows NT 10.0; Win64; x64) AppleWebKit/537.36 (KHTML, like Gecko) Chrome/86.0.4240.75 Safari/537.36"
[2020-10-10T11:03:30.894] [DEBUG] net_none - ::1 - - "GET /file/get?pageNum=1&pageSize=10 HTTP/1.1" 304 - "http://localhost:8080/" "Mozilla/5.0 (Windows NT 10.0; Win64; x64) AppleWebKit/537.36 (KHTML, like Gecko) Chrome/86.0.4240.75 Safari/537.36"
[2020-10-10T11:03:32.048] [DEBUG] net_none - ::1 - - "OPTIONS /file/get?path=%2F111 HTTP/1.1" 200 64 "http://localhost:8080/" "Mozilla/5.0 (Windows NT 10.0; Win64; x64) AppleWebKit/537.36 (KHTML, like Gecko) Chrome/86.0.4240.75 Safari/537.36"
[2020-10-10T11:03:32.054] [DEBUG] net_none - ::1 - - "GET /file/get?path=%2F111 HTTP/1.1" 304 - "http://localhost:8080/" "Mozilla/5.0 (Windows NT 10.0; Win64; x64) AppleWebKit/537.36 (KHTML, like Gecko) Chrome/86.0.4240.75 Safari/537.36"
[2020-10-10T11:03:36.432] [DEBUG] net_none - ::1 - - "OPTIONS /file/batch-upload HTTP/1.1" 200 64 "http://localhost:8080/" "Mozilla/5.0 (Windows NT 10.0; Win64; x64) AppleWebKit/537.36 (KHTML, like Gecko) Chrome/86.0.4240.75 Safari/537.36"
[2020-10-10T11:03:36.540] [DEBUG] net_none - ::1 - - "POST /file/batch-upload HTTP/1.1" 200 33 "http://localhost:8080/" "Mozilla/5.0 (Windows NT 10.0; Win64; x64) AppleWebKit/537.36 (KHTML, like Gecko) Chrome/86.0.4240.75 Safari/537.36"
[2020-10-10T11:03:37.067] [DEBUG] net_none - ::1 - - "OPTIONS /file/get?pageNum=1&pageSize=10&path=111 HTTP/1.1" 200 64 "http://localhost:8080/" "Mozilla/5.0 (Windows NT 10.0; Win64; x64) AppleWebKit/537.36 (KHTML, like Gecko) Chrome/86.0.4240.75 Safari/537.36"
[2020-10-10T11:03:37.081] [DEBUG] net_none - ::1 - - "GET /file/get?pageNum=1&pageSize=10&path=111 HTTP/1.1" 200 306 "http://localhost:8080/" "Mozilla/5.0 (Windows NT 10.0; Win64; x64) AppleWebKit/537.36 (KHTML, like Gecko) Chrome/86.0.4240.75 Safari/537.36"
[2020-10-10T11:03:39.174] [DEBUG] net_none - ::1 - - "OPTIONS /file/get?path=111%2F%E6%96%B0%E5%BB%BA%E6%96%87%E4%BB%B6%E5%A4%B9+(2) HTTP/1.1" 200 64 "http://localhost:8080/" "Mozilla/5.0 (Windows NT 10.0; Win64; x64) AppleWebKit/537.36 (KHTML, like Gecko) Chrome/86.0.4240.75 Safari/537.36"
[2020-10-10T11:03:39.183] [DEBUG] net_none - ::1 - - "GET /file/get?path=111%2F%E6%96%B0%E5%BB%BA%E6%96%87%E4%BB%B6%E5%A4%B9+(2) HTTP/1.1" 200 1238 "http://localhost:8080/" "Mozilla/5.0 (Windows NT 10.0; Win64; x64) AppleWebKit/537.36 (KHTML, like Gecko) Chrome/86.0.4240.75 Safari/537.36"
[2020-10-10T11:03:40.636] [DEBUG] net_none - ::1 - - "GET /file/get?pageNum=1&pageSize=10&path=111 HTTP/1.1" 304 - "http://localhost:8080/" "Mozilla/5.0 (Windows NT 10.0; Win64; x64) AppleWebKit/537.36 (KHTML, like Gecko) Chrome/86.0.4240.75 Safari/537.36"
[2020-10-10T11:03:41.011] [DEBUG] net_none - ::1 - - "OPTIONS /file/get?pageNum=1&pageSize=10 HTTP/1.1" 200 64 "http://localhost:8080/" "Mozilla/5.0 (Windows NT 10.0; Win64; x64) AppleWebKit/537.36 (KHTML, like Gecko) Chrome/86.0.4240.75 Safari/537.36"
[2020-10-10T11:03:41.025] [DEBUG] net_none - ::1 - - "GET /file/get?pageNum=1&pageSize=10 HTTP/1.1" 200 1739 "http://localhost:8080/" "Mozilla/5.0 (Windows NT 10.0; Win64; x64) AppleWebKit/537.36 (KHTML, like Gecko) Chrome/86.0.4240.75 Safari/537.36"
[2020-10-10T11:03:41.799] [DEBUG] net_none - ::1 - - "OPTIONS /file/get?path=%2F111 HTTP/1.1" 200 64 "http://localhost:8080/" "Mozilla/5.0 (Windows NT 10.0; Win64; x64) AppleWebKit/537.36 (KHTML, like Gecko) Chrome/86.0.4240.75 Safari/537.36"
[2020-10-10T11:03:41.807] [DEBUG] net_none - ::1 - - "GET /file/get?path=%2F111 HTTP/1.1" 200 302 "http://localhost:8080/" "Mozilla/5.0 (Windows NT 10.0; Win64; x64) AppleWebKit/537.36 (KHTML, like Gecko) Chrome/86.0.4240.75 Safari/537.36"
[2020-10-10T11:03:42.358] [DEBUG] net_none - ::1 - - "GET /file/get?path=111%2F%E6%96%B0%E5%BB%BA%E6%96%87%E4%BB%B6%E5%A4%B9+(2) HTTP/1.1" 304 - "http://localhost:8080/" "Mozilla/5.0 (Windows NT 10.0; Win64; x64) AppleWebKit/537.36 (KHTML, like Gecko) Chrome/86.0.4240.75 Safari/537.36"
[2020-10-10T11:03:43.123] [DEBUG] net_none - ::1 - - "GET /file/get?pageNum=1&pageSize=10 HTTP/1.1" 304 - "http://localhost:8080/" "Mozilla/5.0 (Windows NT 10.0; Win64; x64) AppleWebKit/537.36 (KHTML, like Gecko) Chrome/86.0.4240.75 Safari/537.36"
[2020-10-10T11:03:49.006] [DEBUG] net_none - ::1 - - "OPTIONS /file/get?path=%2F111 HTTP/1.1" 200 64 "http://localhost:8080/" "Mozilla/5.0 (Windows NT 10.0; Win64; x64) AppleWebKit/537.36 (KHTML, like Gecko) Chrome/86.0.4240.75 Safari/537.36"
[2020-10-10T11:03:49.015] [DEBUG] net_none - ::1 - - "GET /file/get?path=%2F111 HTTP/1.1" 304 - "http://localhost:8080/" "Mozilla/5.0 (Windows NT 10.0; Win64; x64) AppleWebKit/537.36 (KHTML, like Gecko) Chrome/86.0.4240.75 Safari/537.36"
[2020-10-10T11:03:52.118] [DEBUG] net_none - ::1 - - "OPTIONS /file/rename HTTP/1.1" 200 64 "http://localhost:8080/" "Mozilla/5.0 (Windows NT 10.0; Win64; x64) AppleWebKit/537.36 (KHTML, like Gecko) Chrome/86.0.4240.75 Safari/537.36"
[2020-10-10T11:03:52.128] [DEBUG] net_none - ::1 - - "POST /file/rename HTTP/1.1" 200 34 "http://localhost:8080/" "Mozilla/5.0 (Windows NT 10.0; Win64; x64) AppleWebKit/537.36 (KHTML, like Gecko) Chrome/86.0.4240.75 Safari/537.36"
[2020-10-10T11:05:51.732] [DEBUG] net_none - ::1 - - "OPTIONS /file/get?pageNum=1&pageSize=10 HTTP/1.1" 200 64 "http://localhost:8080/" "Mozilla/5.0 (Windows NT 10.0; Win64; x64) AppleWebKit/537.36 (KHTML, like Gecko) Chrome/86.0.4240.75 Safari/537.36"
[2020-10-10T11:05:51.748] [DEBUG] net_none - ::1 - - "GET /file/get?pageNum=1&pageSize=10 HTTP/1.1" 200 1741 "http://localhost:8080/" "Mozilla/5.0 (Windows NT 10.0; Win64; x64) AppleWebKit/537.36 (KHTML, like Gecko) Chrome/86.0.4240.75 Safari/537.36"
[2020-10-10T11:05:52.392] [DEBUG] net_none - ::1 - - "OPTIONS /file/get?path=%2F111 HTTP/1.1" 200 64 "http://localhost:8080/" "Mozilla/5.0 (Windows NT 10.0; Win64; x64) AppleWebKit/537.36 (KHTML, like Gecko) Chrome/86.0.4240.75 Safari/537.36"
[2020-10-10T11:05:52.397] [DEBUG] net_none - ::1 - - "GET /file/get?path=%2F111 HTTP/1.1" 200 112 "http://localhost:8080/" "Mozilla/5.0 (Windows NT 10.0; Win64; x64) AppleWebKit/537.36 (KHTML, like Gecko) Chrome/86.0.4240.75 Safari/537.36"
[2020-10-10T11:07:05.570] [DEBUG] net_none - ::1 - - "OPTIONS /user/auth HTTP/1.1" 200 4 "http://localhost:8080/" "Mozilla/5.0 (Windows NT 10.0; Win64; x64) AppleWebKit/537.36 (KHTML, like Gecko) Chrome/86.0.4240.75 Safari/537.36"
[2020-10-10T11:07:05.581] [DEBUG] net_none - ::1 - - "POST /user/auth HTTP/1.1" 200 266 "http://localhost:8080/" "Mozilla/5.0 (Windows NT 10.0; Win64; x64) AppleWebKit/537.36 (KHTML, like Gecko) Chrome/86.0.4240.75 Safari/537.36"
[2020-10-10T11:07:06.683] [DEBUG] net_none - ::1 - - "OPTIONS /codeSegment/get HTTP/1.1" 200 64 "http://localhost:8080/" "Mozilla/5.0 (Windows NT 10.0; Win64; x64) AppleWebKit/537.36 (KHTML, like Gecko) Chrome/86.0.4240.75 Safari/537.36"
[2020-10-10T11:07:06.685] [DEBUG] net_none - ::1 - - "OPTIONS /project/get-all?account=slw HTTP/1.1" 200 64 "http://localhost:8080/" "Mozilla/5.0 (Windows NT 10.0; Win64; x64) AppleWebKit/537.36 (KHTML, like Gecko) Chrome/86.0.4240.75 Safari/537.36"
[2020-10-10T11:07:06.694] [DEBUG] net_none - ::1 - - "GET /codeSegment/get HTTP/1.1" 304 - "http://localhost:8080/" "Mozilla/5.0 (Windows NT 10.0; Win64; x64) AppleWebKit/537.36 (KHTML, like Gecko) Chrome/86.0.4240.75 Safari/537.36"
[2020-10-10T11:07:06.695] [DEBUG] net_none - ::1 - - "GET /project/get-all?account=slw HTTP/1.1" 304 - "http://localhost:8080/" "Mozilla/5.0 (Windows NT 10.0; Win64; x64) AppleWebKit/537.36 (KHTML, like Gecko) Chrome/86.0.4240.75 Safari/537.36"
[2020-10-10T11:10:04.298] [DEBUG] net_none - ::1 - - "OPTIONS /user/auth HTTP/1.1" 200 4 "http://localhost:8080/" "Mozilla/5.0 (Windows NT 10.0; Win64; x64) AppleWebKit/537.36 (KHTML, like Gecko) Chrome/86.0.4240.75 Safari/537.36"
[2020-10-10T11:10:04.308] [DEBUG] net_none - ::1 - - "POST /user/auth HTTP/1.1" 200 266 "http://localhost:8080/" "Mozilla/5.0 (Windows NT 10.0; Win64; x64) AppleWebKit/537.36 (KHTML, like Gecko) Chrome/86.0.4240.75 Safari/537.36"
[2020-10-10T11:10:04.915] [DEBUG] net_none - ::1 - - "OPTIONS /codeSegment/get HTTP/1.1" 200 64 "http://localhost:8080/" "Mozilla/5.0 (Windows NT 10.0; Win64; x64) AppleWebKit/537.36 (KHTML, like Gecko) Chrome/86.0.4240.75 Safari/537.36"
[2020-10-10T11:10:04.918] [DEBUG] net_none - ::1 - - "OPTIONS /project/get-all?account=slw HTTP/1.1" 200 64 "http://localhost:8080/" "Mozilla/5.0 (Windows NT 10.0; Win64; x64) AppleWebKit/537.36 (KHTML, like Gecko) Chrome/86.0.4240.75 Safari/537.36"
[2020-10-10T11:10:04.942] [DEBUG] net_none - ::1 - - "GET /codeSegment/get HTTP/1.1" 304 - "http://localhost:8080/" "Mozilla/5.0 (Windows NT 10.0; Win64; x64) AppleWebKit/537.36 (KHTML, like Gecko) Chrome/86.0.4240.75 Safari/537.36"
[2020-10-10T11:10:04.944] [DEBUG] net_none - ::1 - - "GET /project/get-all?account=slw HTTP/1.1" 304 - "http://localhost:8080/" "Mozilla/5.0 (Windows NT 10.0; Win64; x64) AppleWebKit/537.36 (KHTML, like Gecko) Chrome/86.0.4240.75 Safari/537.36"
[2020-10-10T11:10:14.978] [DEBUG] net_none - ::1 - - "OPTIONS /file/get?pageNum=1&pageSize=10 HTTP/1.1" 200 64 "http://localhost:8080/" "Mozilla/5.0 (Windows NT 10.0; Win64; x64) AppleWebKit/537.36 (KHTML, like Gecko) Chrome/86.0.4240.75 Safari/537.36"
[2020-10-10T11:10:14.999] [DEBUG] net_none - ::1 - - "GET /file/get?pageNum=1&pageSize=10 HTTP/1.1" 304 - "http://localhost:8080/" "Mozilla/5.0 (Windows NT 10.0; Win64; x64) AppleWebKit/537.36 (KHTML, like Gecko) Chrome/86.0.4240.75 Safari/537.36"
[2020-10-10T11:10:17.969] [DEBUG] net_none - ::1 - - "OPTIONS /file/get?path=%2F111 HTTP/1.1" 200 64 "http://localhost:8080/" "Mozilla/5.0 (Windows NT 10.0; Win64; x64) AppleWebKit/537.36 (KHTML, like Gecko) Chrome/86.0.4240.75 Safari/537.36"
[2020-10-10T11:10:17.976] [DEBUG] net_none - ::1 - - "GET /file/get?path=%2F111 HTTP/1.1" 304 - "http://localhost:8080/" "Mozilla/5.0 (Windows NT 10.0; Win64; x64) AppleWebKit/537.36 (KHTML, like Gecko) Chrome/86.0.4240.75 Safari/537.36"
[2020-10-10T11:10:26.069] [DEBUG] net_none - ::1 - - "OPTIONS /file/batch-upload HTTP/1.1" 200 64 "http://localhost:8080/" "Mozilla/5.0 (Windows NT 10.0; Win64; x64) AppleWebKit/537.36 (KHTML, like Gecko) Chrome/86.0.4240.75 Safari/537.36"
[2020-10-10T11:10:26.195] [DEBUG] net_none - ::1 - - "POST /file/batch-upload HTTP/1.1" 200 33 "http://localhost:8080/" "Mozilla/5.0 (Windows NT 10.0; Win64; x64) AppleWebKit/537.36 (KHTML, like Gecko) Chrome/86.0.4240.75 Safari/537.36"
[2020-10-10T11:10:26.736] [DEBUG] net_none - ::1 - - "OPTIONS /file/get?pageNum=1&pageSize=10&path=111 HTTP/1.1" 200 64 "http://localhost:8080/" "Mozilla/5.0 (Windows NT 10.0; Win64; x64) AppleWebKit/537.36 (KHTML, like Gecko) Chrome/86.0.4240.75 Safari/537.36"
[2020-10-10T11:10:26.749] [DEBUG] net_none - ::1 - - "GET /file/get?pageNum=1&pageSize=10&path=111 HTTP/1.1" 200 306 "http://localhost:8080/" "Mozilla/5.0 (Windows NT 10.0; Win64; x64) AppleWebKit/537.36 (KHTML, like Gecko) Chrome/86.0.4240.75 Safari/537.36"
[2020-10-10T11:10:28.191] [DEBUG] net_none - ::1 - - "OPTIONS /file/get?path=111%2F%E6%96%B0%E5%BB%BA%E6%96%87%E4%BB%B6%E5%A4%B9+(2) HTTP/1.1" 200 64 "http://localhost:8080/" "Mozilla/5.0 (Windows NT 10.0; Win64; x64) AppleWebKit/537.36 (KHTML, like Gecko) Chrome/86.0.4240.75 Safari/537.36"
[2020-10-10T11:10:28.200] [DEBUG] net_none - ::1 - - "GET /file/get?path=111%2F%E6%96%B0%E5%BB%BA%E6%96%87%E4%BB%B6%E5%A4%B9+(2) HTTP/1.1" 200 1238 "http://localhost:8080/" "Mozilla/5.0 (Windows NT 10.0; Win64; x64) AppleWebKit/537.36 (KHTML, like Gecko) Chrome/86.0.4240.75 Safari/537.36"
[2020-10-10T11:10:43.026] [DEBUG] net_none - ::1 - - "OPTIONS /file/rename HTTP/1.1" 200 64 "http://localhost:8080/" "Mozilla/5.0 (Windows NT 10.0; Win64; x64) AppleWebKit/537.36 (KHTML, like Gecko) Chrome/86.0.4240.75 Safari/537.36"
[2020-10-10T11:10:43.034] [DEBUG] net_none - ::1 - - "POST /file/rename HTTP/1.1" 200 34 "http://localhost:8080/" "Mozilla/5.0 (Windows NT 10.0; Win64; x64) AppleWebKit/537.36 (KHTML, like Gecko) Chrome/86.0.4240.75 Safari/537.36"
[2020-10-10T11:10:47.430] [DEBUG] net_none - ::1 - - "OPTIONS /file/get?pageNum=1&pageSize=10&path=111 HTTP/1.1" 200 64 "http://localhost:8080/" "Mozilla/5.0 (Windows NT 10.0; Win64; x64) AppleWebKit/537.36 (KHTML, like Gecko) Chrome/86.0.4240.75 Safari/537.36"
[2020-10-10T11:10:47.441] [DEBUG] net_none - ::1 - - "GET /file/get?pageNum=1&pageSize=10&path=111 HTTP/1.1" 200 304 "http://localhost:8080/" "Mozilla/5.0 (Windows NT 10.0; Win64; x64) AppleWebKit/537.36 (KHTML, like Gecko) Chrome/86.0.4240.75 Safari/537.36"
[2020-10-10T11:10:48.196] [DEBUG] net_none - ::1 - - "OPTIONS /file/get?path=111%2F%E6%96%B0%E5%BB%BA%E6%96%87%E4%BB%B6%E5%A4%B9+(2) HTTP/1.1" 200 64 "http://localhost:8080/" "Mozilla/5.0 (Windows NT 10.0; Win64; x64) AppleWebKit/537.36 (KHTML, like Gecko) Chrome/86.0.4240.75 Safari/537.36"
[2020-10-10T11:10:48.204] [DEBUG] net_none - ::1 - - "GET /file/get?path=111%2F%E6%96%B0%E5%BB%BA%E6%96%87%E4%BB%B6%E5%A4%B9+(2) HTTP/1.1" 200 1012 "http://localhost:8080/" "Mozilla/5.0 (Windows NT 10.0; Win64; x64) AppleWebKit/537.36 (KHTML, like Gecko) Chrome/86.0.4240.75 Safari/537.36"
[2020-10-10T11:13:12.291] [DEBUG] net_none - ::1 - - "OPTIONS /file/get?pageNum=1&pageSize=10 HTTP/1.1" 200 64 "http://localhost:8080/" "Mozilla/5.0 (Windows NT 10.0; Win64; x64) AppleWebKit/537.36 (KHTML, like Gecko) Chrome/86.0.4240.75 Safari/537.36"
[2020-10-10T11:13:12.305] [DEBUG] net_none - ::1 - - "GET /file/get?pageNum=1&pageSize=10 HTTP/1.1" 200 1734 "http://localhost:8080/" "Mozilla/5.0 (Windows NT 10.0; Win64; x64) AppleWebKit/537.36 (KHTML, like Gecko) Chrome/86.0.4240.75 Safari/537.36"
[2020-10-10T11:14:35.187] [DEBUG] net_none - ::1 - - "OPTIONS /user/auth HTTP/1.1" 200 4 "http://localhost:8080/" "Mozilla/5.0 (Windows NT 10.0; Win64; x64) AppleWebKit/537.36 (KHTML, like Gecko) Chrome/86.0.4240.75 Safari/537.36"
[2020-10-10T11:14:35.238] [DEBUG] net_none - ::1 - - "POST /user/auth HTTP/1.1" 200 266 "http://localhost:8080/" "Mozilla/5.0 (Windows NT 10.0; Win64; x64) AppleWebKit/537.36 (KHTML, like Gecko) Chrome/86.0.4240.75 Safari/537.36"
[2020-10-10T11:14:36.254] [DEBUG] net_none - ::1 - - "OPTIONS /codeSegment/get HTTP/1.1" 200 64 "http://localhost:8080/" "Mozilla/5.0 (Windows NT 10.0; Win64; x64) AppleWebKit/537.36 (KHTML, like Gecko) Chrome/86.0.4240.75 Safari/537.36"
[2020-10-10T11:14:36.258] [DEBUG] net_none - ::1 - - "OPTIONS /project/get-all?account=slw HTTP/1.1" 200 64 "http://localhost:8080/" "Mozilla/5.0 (Windows NT 10.0; Win64; x64) AppleWebKit/537.36 (KHTML, like Gecko) Chrome/86.0.4240.75 Safari/537.36"
[2020-10-10T11:14:36.268] [DEBUG] net_none - ::1 - - "GET /codeSegment/get HTTP/1.1" 304 - "http://localhost:8080/" "Mozilla/5.0 (Windows NT 10.0; Win64; x64) AppleWebKit/537.36 (KHTML, like Gecko) Chrome/86.0.4240.75 Safari/537.36"
[2020-10-10T11:14:36.275] [DEBUG] net_none - ::1 - - "GET /project/get-all?account=slw HTTP/1.1" 304 - "http://localhost:8080/" "Mozilla/5.0 (Windows NT 10.0; Win64; x64) AppleWebKit/537.36 (KHTML, like Gecko) Chrome/86.0.4240.75 Safari/537.36"
[2020-10-10T11:14:37.806] [DEBUG] net_none - ::1 - - "OPTIONS /file/get?pageNum=1&pageSize=10 HTTP/1.1" 200 64 "http://localhost:8080/" "Mozilla/5.0 (Windows NT 10.0; Win64; x64) AppleWebKit/537.36 (KHTML, like Gecko) Chrome/86.0.4240.75 Safari/537.36"
[2020-10-10T11:14:37.826] [DEBUG] net_none - ::1 - - "GET /file/get?pageNum=1&pageSize=10 HTTP/1.1" 304 - "http://localhost:8080/" "Mozilla/5.0 (Windows NT 10.0; Win64; x64) AppleWebKit/537.36 (KHTML, like Gecko) Chrome/86.0.4240.75 Safari/537.36"
[2020-10-10T11:14:40.901] [DEBUG] net_none - ::1 - - "OPTIONS /file/get?path=%2F111 HTTP/1.1" 200 64 "http://localhost:8080/" "Mozilla/5.0 (Windows NT 10.0; Win64; x64) AppleWebKit/537.36 (KHTML, like Gecko) Chrome/86.0.4240.75 Safari/537.36"
[2020-10-10T11:14:40.908] [DEBUG] net_none - ::1 - - "GET /file/get?path=%2F111 HTTP/1.1" 200 300 "http://localhost:8080/" "Mozilla/5.0 (Windows NT 10.0; Win64; x64) AppleWebKit/537.36 (KHTML, like Gecko) Chrome/86.0.4240.75 Safari/537.36"
[2020-10-10T11:14:41.976] [DEBUG] net_none - ::1 - - "OPTIONS /file/get?path=111%2F%E6%96%B0%E5%BB%BA%E6%96%87%E4%BB%B6%E5%A4%B9+(2) HTTP/1.1" 200 64 "http://localhost:8080/" "Mozilla/5.0 (Windows NT 10.0; Win64; x64) AppleWebKit/537.36 (KHTML, like Gecko) Chrome/86.0.4240.75 Safari/537.36"
[2020-10-10T11:14:41.985] [DEBUG] net_none - ::1 - - "GET /file/get?path=111%2F%E6%96%B0%E5%BB%BA%E6%96%87%E4%BB%B6%E5%A4%B9+(2) HTTP/1.1" 304 - "http://localhost:8080/" "Mozilla/5.0 (Windows NT 10.0; Win64; x64) AppleWebKit/537.36 (KHTML, like Gecko) Chrome/86.0.4240.75 Safari/537.36"
[2020-10-10T11:14:48.204] [DEBUG] net_none - ::1 - - "OPTIONS /file/rename HTTP/1.1" 200 64 "http://localhost:8080/" "Mozilla/5.0 (Windows NT 10.0; Win64; x64) AppleWebKit/537.36 (KHTML, like Gecko) Chrome/86.0.4240.75 Safari/537.36"
[2020-10-10T11:14:48.215] [DEBUG] net_none - ::1 - - "POST /file/rename HTTP/1.1" 200 36 "http://localhost:8080/" "Mozilla/5.0 (Windows NT 10.0; Win64; x64) AppleWebKit/537.36 (KHTML, like Gecko) Chrome/86.0.4240.75 Safari/537.36"
[2020-10-10T11:14:48.259] [DEBUG] net_none - ::1 - - "OPTIONS /file/get?pageNum=1&pageSize=10&path=111%2F%E6%96%B0%E5%BB%BA%E6%96%87%E4%BB%B6%E5%A4%B9+(2) HTTP/1.1" 200 64 "http://localhost:8080/" "Mozilla/5.0 (Windows NT 10.0; Win64; x64) AppleWebKit/537.36 (KHTML, like Gecko) Chrome/86.0.4240.75 Safari/537.36"
[2020-10-10T11:14:48.274] [DEBUG] net_none - ::1 - - "GET /file/get?pageNum=1&pageSize=10&path=111%2F%E6%96%B0%E5%BB%BA%E6%96%87%E4%BB%B6%E5%A4%B9+(2) HTTP/1.1" 200 792 "http://localhost:8080/" "Mozilla/5.0 (Windows NT 10.0; Win64; x64) AppleWebKit/537.36 (KHTML, like Gecko) Chrome/86.0.4240.75 Safari/537.36"
[2020-10-10T11:19:09.983] [DEBUG] net_none - ::1 - - "OPTIONS /file/get?pageNum=1&pageSize=10 HTTP/1.1" 200 64 "http://localhost:8080/" "Mozilla/5.0 (Windows NT 10.0; Win64; x64) AppleWebKit/537.36 (KHTML, like Gecko) Chrome/86.0.4240.75 Safari/537.36"
[2020-10-10T11:19:10.002] [DEBUG] net_none - ::1 - - "GET /file/get?pageNum=1&pageSize=10 HTTP/1.1" 200 1734 "http://localhost:8080/" "Mozilla/5.0 (Windows NT 10.0; Win64; x64) AppleWebKit/537.36 (KHTML, like Gecko) Chrome/86.0.4240.75 Safari/537.36"
[2020-10-10T11:19:15.859] [DEBUG] net_none - ::1 - - "OPTIONS /user/auth HTTP/1.1" 200 4 "http://localhost:8080/" "Mozilla/5.0 (Windows NT 10.0; Win64; x64) AppleWebKit/537.36 (KHTML, like Gecko) Chrome/86.0.4240.75 Safari/537.36"
[2020-10-10T11:19:15.893] [DEBUG] net_none - ::1 - - "POST /user/auth HTTP/1.1" 200 266 "http://localhost:8080/" "Mozilla/5.0 (Windows NT 10.0; Win64; x64) AppleWebKit/537.36 (KHTML, like Gecko) Chrome/86.0.4240.75 Safari/537.36"
[2020-10-10T11:19:16.861] [DEBUG] net_none - ::1 - - "OPTIONS /codeSegment/get HTTP/1.1" 200 64 "http://localhost:8080/" "Mozilla/5.0 (Windows NT 10.0; Win64; x64) AppleWebKit/537.36 (KHTML, like Gecko) Chrome/86.0.4240.75 Safari/537.36"
[2020-10-10T11:19:16.865] [DEBUG] net_none - ::1 - - "OPTIONS /project/get-all?account=slw HTTP/1.1" 200 64 "http://localhost:8080/" "Mozilla/5.0 (Windows NT 10.0; Win64; x64) AppleWebKit/537.36 (KHTML, like Gecko) Chrome/86.0.4240.75 Safari/537.36"
[2020-10-10T11:19:16.874] [DEBUG] net_none - ::1 - - "GET /codeSegment/get HTTP/1.1" 304 - "http://localhost:8080/" "Mozilla/5.0 (Windows NT 10.0; Win64; x64) AppleWebKit/537.36 (KHTML, like Gecko) Chrome/86.0.4240.75 Safari/537.36"
[2020-10-10T11:19:16.882] [DEBUG] net_none - ::1 - - "GET /project/get-all?account=slw HTTP/1.1" 304 - "http://localhost:8080/" "Mozilla/5.0 (Windows NT 10.0; Win64; x64) AppleWebKit/537.36 (KHTML, like Gecko) Chrome/86.0.4240.75 Safari/537.36"
[2020-10-10T11:19:19.965] [DEBUG] net_none - ::1 - - "OPTIONS /file/get?pageNum=1&pageSize=10 HTTP/1.1" 200 64 "http://localhost:8080/" "Mozilla/5.0 (Windows NT 10.0; Win64; x64) AppleWebKit/537.36 (KHTML, like Gecko) Chrome/86.0.4240.75 Safari/537.36"
[2020-10-10T11:19:19.977] [DEBUG] net_none - ::1 - - "GET /file/get?pageNum=1&pageSize=10 HTTP/1.1" 304 - "http://localhost:8080/" "Mozilla/5.0 (Windows NT 10.0; Win64; x64) AppleWebKit/537.36 (KHTML, like Gecko) Chrome/86.0.4240.75 Safari/537.36"
[2020-10-10T11:19:23.022] [DEBUG] net_none - ::1 - - "OPTIONS /file/get?path=%2F111 HTTP/1.1" 200 64 "http://localhost:8080/" "Mozilla/5.0 (Windows NT 10.0; Win64; x64) AppleWebKit/537.36 (KHTML, like Gecko) Chrome/86.0.4240.75 Safari/537.36"
[2020-10-10T11:19:23.030] [DEBUG] net_none - ::1 - - "GET /file/get?path=%2F111 HTTP/1.1" 200 300 "http://localhost:8080/" "Mozilla/5.0 (Windows NT 10.0; Win64; x64) AppleWebKit/537.36 (KHTML, like Gecko) Chrome/86.0.4240.75 Safari/537.36"
[2020-10-10T11:19:24.182] [DEBUG] net_none - ::1 - - "OPTIONS /file/get?path=111%2F%E6%96%B0%E5%BB%BA%E6%96%87%E4%BB%B6%E5%A4%B9+(2) HTTP/1.1" 200 64 "http://localhost:8080/" "Mozilla/5.0 (Windows NT 10.0; Win64; x64) AppleWebKit/537.36 (KHTML, like Gecko) Chrome/86.0.4240.75 Safari/537.36"
[2020-10-10T11:19:24.189] [DEBUG] net_none - ::1 - - "GET /file/get?path=111%2F%E6%96%B0%E5%BB%BA%E6%96%87%E4%BB%B6%E5%A4%B9+(2) HTTP/1.1" 200 788 "http://localhost:8080/" "Mozilla/5.0 (Windows NT 10.0; Win64; x64) AppleWebKit/537.36 (KHTML, like Gecko) Chrome/86.0.4240.75 Safari/537.36"
[2020-10-10T11:19:31.115] [DEBUG] net_none - ::1 - - "OPTIONS /file/rename HTTP/1.1" 200 64 "http://localhost:8080/" "Mozilla/5.0 (Windows NT 10.0; Win64; x64) AppleWebKit/537.36 (KHTML, like Gecko) Chrome/86.0.4240.75 Safari/537.36"
[2020-10-10T11:20:06.369] [DEBUG] net_none - ::1 - - "OPTIONS /file/get?pageNum=1&pageSize=10 HTTP/1.1" 200 64 "http://localhost:8080/" "Mozilla/5.0 (Windows NT 10.0; Win64; x64) AppleWebKit/537.36 (KHTML, like Gecko) Chrome/86.0.4240.75 Safari/537.36"
[2020-10-10T11:20:06.389] [DEBUG] net_none - ::1 - - "GET /file/get?pageNum=1&pageSize=10 HTTP/1.1" 304 - "http://localhost:8080/" "Mozilla/5.0 (Windows NT 10.0; Win64; x64) AppleWebKit/537.36 (KHTML, like Gecko) Chrome/86.0.4240.75 Safari/537.36"
[2020-10-10T11:20:10.051] [DEBUG] net_none - ::1 - - "OPTIONS /file/get?path=%2F111 HTTP/1.1" 200 64 "http://localhost:8080/" "Mozilla/5.0 (Windows NT 10.0; Win64; x64) AppleWebKit/537.36 (KHTML, like Gecko) Chrome/86.0.4240.75 Safari/537.36"
[2020-10-10T11:20:10.058] [DEBUG] net_none - ::1 - - "GET /file/get?path=%2F111 HTTP/1.1" 304 - "http://localhost:8080/" "Mozilla/5.0 (Windows NT 10.0; Win64; x64) AppleWebKit/537.36 (KHTML, like Gecko) Chrome/86.0.4240.75 Safari/537.36"
[2020-10-10T11:20:10.879] [DEBUG] net_none - ::1 - - "OPTIONS /file/get?path=111%2F%E6%96%B0%E5%BB%BA%E6%96%87%E4%BB%B6%E5%A4%B9+(2) HTTP/1.1" 200 64 "http://localhost:8080/" "Mozilla/5.0 (Windows NT 10.0; Win64; x64) AppleWebKit/537.36 (KHTML, like Gecko) Chrome/86.0.4240.75 Safari/537.36"
[2020-10-10T11:20:10.887] [DEBUG] net_none - ::1 - - "GET /file/get?path=111%2F%E6%96%B0%E5%BB%BA%E6%96%87%E4%BB%B6%E5%A4%B9+(2) HTTP/1.1" 304 - "http://localhost:8080/" "Mozilla/5.0 (Windows NT 10.0; Win64; x64) AppleWebKit/537.36 (KHTML, like Gecko) Chrome/86.0.4240.75 Safari/537.36"
[2020-10-10T11:20:15.153] [DEBUG] net_none - ::1 - - "OPTIONS /file/rename HTTP/1.1" 200 64 "http://localhost:8080/" "Mozilla/5.0 (Windows NT 10.0; Win64; x64) AppleWebKit/537.36 (KHTML, like Gecko) Chrome/86.0.4240.75 Safari/537.36"
[2020-10-10T11:20:15.179] [DEBUG] net_none - ::1 - - "POST /file/rename HTTP/1.1" 200 36 "http://localhost:8080/" "Mozilla/5.0 (Windows NT 10.0; Win64; x64) AppleWebKit/537.36 (KHTML, like Gecko) Chrome/86.0.4240.75 Safari/537.36"
[2020-10-10T11:20:15.209] [DEBUG] net_none - ::1 - - "OPTIONS /file/get?pageNum=1&pageSize=10&path=111%2F%E6%96%B0%E5%BB%BA%E6%96%87%E4%BB%B6%E5%A4%B9+(2) HTTP/1.1" 200 64 "http://localhost:8080/" "Mozilla/5.0 (Windows NT 10.0; Win64; x64) AppleWebKit/537.36 (KHTML, like Gecko) Chrome/86.0.4240.75 Safari/537.36"
[2020-10-10T11:20:15.219] [DEBUG] net_none - ::1 - - "GET /file/get?pageNum=1&pageSize=10&path=111%2F%E6%96%B0%E5%BB%BA%E6%96%87%E4%BB%B6%E5%A4%B9+(2) HTTP/1.1" 200 748 "http://localhost:8080/" "Mozilla/5.0 (Windows NT 10.0; Win64; x64) AppleWebKit/537.36 (KHTML, like Gecko) Chrome/86.0.4240.75 Safari/537.36"
[2020-10-10T11:20:17.473] [DEBUG] net_none - ::1 - - "OPTIONS /file/get?pageNum=1&pageSize=10&path=111 HTTP/1.1" 200 64 "http://localhost:8080/" "Mozilla/5.0 (Windows NT 10.0; Win64; x64) AppleWebKit/537.36 (KHTML, like Gecko) Chrome/86.0.4240.75 Safari/537.36"
[2020-10-10T11:20:17.483] [DEBUG] net_none - ::1 - - "GET /file/get?pageNum=1&pageSize=10&path=111 HTTP/1.1" 200 304 "http://localhost:8080/" "Mozilla/5.0 (Windows NT 10.0; Win64; x64) AppleWebKit/537.36 (KHTML, like Gecko) Chrome/86.0.4240.75 Safari/537.36"
[2020-10-10T11:20:21.414] [DEBUG] net_none - ::1 - - "OPTIONS /file/rename HTTP/1.1" 200 64 "http://localhost:8080/" "Mozilla/5.0 (Windows NT 10.0; Win64; x64) AppleWebKit/537.36 (KHTML, like Gecko) Chrome/86.0.4240.75 Safari/537.36"
[2020-10-10T11:20:21.421] [DEBUG] net_none - ::1 - - "POST /file/rename HTTP/1.1" 200 36 "http://localhost:8080/" "Mozilla/5.0 (Windows NT 10.0; Win64; x64) AppleWebKit/537.36 (KHTML, like Gecko) Chrome/86.0.4240.75 Safari/537.36"
[2020-10-10T11:20:21.446] [DEBUG] net_none - ::1 - - "GET /file/get?pageNum=1&pageSize=10&path=111 HTTP/1.1" 200 272 "http://localhost:8080/" "Mozilla/5.0 (Windows NT 10.0; Win64; x64) AppleWebKit/537.36 (KHTML, like Gecko) Chrome/86.0.4240.75 Safari/537.36"
[2020-10-10T11:23:33.690] [DEBUG] net_none - ::1 - - "OPTIONS /file/rename HTTP/1.1" 200 64 "http://localhost:8080/" "Mozilla/5.0 (Windows NT 10.0; Win64; x64) AppleWebKit/537.36 (KHTML, like Gecko) Chrome/86.0.4240.75 Safari/537.36"
[2020-10-10T11:23:33.699] [DEBUG] net_none - ::1 - - "POST /file/rename HTTP/1.1" 200 36 "http://localhost:8080/" "Mozilla/5.0 (Windows NT 10.0; Win64; x64) AppleWebKit/537.36 (KHTML, like Gecko) Chrome/86.0.4240.75 Safari/537.36"
[2020-10-10T11:23:33.722] [DEBUG] net_none - ::1 - - "OPTIONS /file/get?pageNum=1&pageSize=10&path=111 HTTP/1.1" 200 64 "http://localhost:8080/" "Mozilla/5.0 (Windows NT 10.0; Win64; x64) AppleWebKit/537.36 (KHTML, like Gecko) Chrome/86.0.4240.75 Safari/537.36"
[2020-10-10T11:23:33.731] [DEBUG] net_none - ::1 - - "GET /file/get?pageNum=1&pageSize=10&path=111 HTTP/1.1" 200 272 "http://localhost:8080/" "Mozilla/5.0 (Windows NT 10.0; Win64; x64) AppleWebKit/537.36 (KHTML, like Gecko) Chrome/86.0.4240.75 Safari/537.36"
[2020-10-10T11:23:35.977] [DEBUG] net_none - ::1 - - "OPTIONS /file/delete HTTP/1.1" 200 64 "http://localhost:8080/" "Mozilla/5.0 (Windows NT 10.0; Win64; x64) AppleWebKit/537.36 (KHTML, like Gecko) Chrome/86.0.4240.75 Safari/537.36"
[2020-10-10T11:23:35.988] [DEBUG] net_none - ::1 - - "POST /file/delete HTTP/1.1" 200 33 "http://localhost:8080/" "Mozilla/5.0 (Windows NT 10.0; Win64; x64) AppleWebKit/537.36 (KHTML, like Gecko) Chrome/86.0.4240.75 Safari/537.36"
[2020-10-10T11:23:36.019] [DEBUG] net_none - ::1 - - "GET /file/get?pageNum=1&pageSize=10&path=111 HTTP/1.1" 200 116 "http://localhost:8080/" "Mozilla/5.0 (Windows NT 10.0; Win64; x64) AppleWebKit/537.36 (KHTML, like Gecko) Chrome/86.0.4240.75 Safari/537.36"
[2020-10-10T11:29:39.499] [DEBUG] net_none - ::1 - - "OPTIONS /codeSegment/get?sortType=1 HTTP/1.1" 200 64 "http://localhost:8080/" "Mozilla/5.0 (Windows NT 10.0; Win64; x64) AppleWebKit/537.36 (KHTML, like Gecko) Chrome/86.0.4240.75 Safari/537.36"
[2020-10-10T11:29:39.522] [DEBUG] net_none - ::1 - - "GET /codeSegment/get?sortType=1 HTTP/1.1" 200 41 "http://localhost:8080/" "Mozilla/5.0 (Windows NT 10.0; Win64; x64) AppleWebKit/537.36 (KHTML, like Gecko) Chrome/86.0.4240.75 Safari/537.36"
[2020-10-10T11:29:50.505] [DEBUG] net_none - ::1 - - "OPTIONS /codeSegment/create HTTP/1.1" 200 64 "http://localhost:8080/" "Mozilla/5.0 (Windows NT 10.0; Win64; x64) AppleWebKit/537.36 (KHTML, like Gecko) Chrome/86.0.4240.75 Safari/537.36"
[2020-10-10T11:29:50.543] [DEBUG] net_none - ::1 - - "POST /codeSegment/create HTTP/1.1" 200 43 "http://localhost:8080/" "Mozilla/5.0 (Windows NT 10.0; Win64; x64) AppleWebKit/537.36 (KHTML, like Gecko) Chrome/86.0.4240.75 Safari/537.36"
[2020-10-10T11:29:52.433] [DEBUG] net_none - ::1 - - "OPTIONS /project/get-all?account=slw HTTP/1.1" 200 64 "http://localhost:8080/" "Mozilla/5.0 (Windows NT 10.0; Win64; x64) AppleWebKit/537.36 (KHTML, like Gecko) Chrome/86.0.4240.75 Safari/537.36"
[2020-10-10T11:29:52.440] [DEBUG] net_none - ::1 - - "GET /project/get-all?account=slw HTTP/1.1" 304 - "http://localhost:8080/" "Mozilla/5.0 (Windows NT 10.0; Win64; x64) AppleWebKit/537.36 (KHTML, like Gecko) Chrome/86.0.4240.75 Safari/537.36"
[2020-10-10T11:29:57.960] [DEBUG] net_none - ::1 - - "OPTIONS /project/create HTTP/1.1" 200 64 "http://localhost:8080/" "Mozilla/5.0 (Windows NT 10.0; Win64; x64) AppleWebKit/537.36 (KHTML, like Gecko) Chrome/86.0.4240.75 Safari/537.36"
[2020-10-10T11:29:57.975] [DEBUG] net_none - ::1 - - "POST /project/create HTTP/1.1" 200 33 "http://localhost:8080/" "Mozilla/5.0 (Windows NT 10.0; Win64; x64) AppleWebKit/537.36 (KHTML, like Gecko) Chrome/86.0.4240.75 Safari/537.36"
[2020-10-10T11:29:57.988] [DEBUG] net_none - ::1 - - "OPTIONS /project/get-all?account=slw HTTP/1.1" 200 64 "http://localhost:8080/" "Mozilla/5.0 (Windows NT 10.0; Win64; x64) AppleWebKit/537.36 (KHTML, like Gecko) Chrome/86.0.4240.75 Safari/537.36"
[2020-10-10T11:29:57.998] [DEBUG] net_none - ::1 - - "GET /project/get-all?account=slw HTTP/1.1" 200 3380 "http://localhost:8080/" "Mozilla/5.0 (Windows NT 10.0; Win64; x64) AppleWebKit/537.36 (KHTML, like Gecko) Chrome/86.0.4240.75 Safari/537.36"
