[2020-12-10T14:08:08.011] [DEBUG] net_none - ::1 - - "POST /user/auth HTTP/1.1" 200 266 "http://localhost:8080/" "Mozilla/5.0 (Windows NT 10.0; Win64; x64) AppleWebKit/537.36 (KHTML, like Gecko) Chrome/87.0.4280.88 Safari/537.36"
[2020-12-10T14:08:11.286] [DEBUG] net_none - ::1 - - "POST /user/login HTTP/1.1" 200 266 "http://localhost:8080/" "Mozilla/5.0 (Windows NT 10.0; Win64; x64) AppleWebKit/537.36 (KHTML, like Gecko) Chrome/87.0.4280.88 Safari/537.36"
[2020-12-10T14:08:12.296] [DEBUG] net_none - ::1 - - "GET /123_coverImg_.png HTTP/1.1" 200 24584 "http://localhost:8080/" "Mozilla/5.0 (Windows NT 10.0; Win64; x64) AppleWebKit/537.36 (KHTML, like Gecko) Chrome/87.0.4280.88 Safari/537.36"
[2020-12-10T14:08:12.391] [DEBUG] net_none - ::1 - - "GET /codeSegment/get HTTP/1.1" 200 217 "http://localhost:8080/" "Mozilla/5.0 (Windows NT 10.0; Win64; x64) AppleWebKit/537.36 (KHTML, like Gecko) Chrome/87.0.4280.88 Safari/537.36"
[2020-12-10T14:08:12.401] [DEBUG] net_none - ::1 - - "GET /project/get-all?account=123 HTTP/1.1" 200 15564 "http://localhost:8080/" "Mozilla/5.0 (Windows NT 10.0; Win64; x64) AppleWebKit/537.36 (KHTML, like Gecko) Chrome/87.0.4280.88 Safari/537.36"
[2020-12-10T14:08:12.443] [DEBUG] net_none - ::1 - - "GET /123_coverImg_61779e80-259b-11eb-814c-4ddb105585f5.png HTTP/1.1" 200 1387439 "http://localhost:8080/" "Mozilla/5.0 (Windows NT 10.0; Win64; x64) AppleWebKit/537.36 (KHTML, like Gecko) Chrome/87.0.4280.88 Safari/537.36"
[2020-12-10T14:08:13.942] [DEBUG] net_none - ::1 - - "GET /collection/get?account_id= HTTP/1.1" 200 49 "http://localhost:8080/" "Mozilla/5.0 (Windows NT 10.0; Win64; x64) AppleWebKit/537.36 (KHTML, like Gecko) Chrome/87.0.4280.88 Safari/537.36"
[2020-12-10T14:08:14.775] [DEBUG] net_none - ::1 - - "GET /codeSegment/get?sortType=1 HTTP/1.1" 200 217 "http://localhost:8080/" "Mozilla/5.0 (Windows NT 10.0; Win64; x64) AppleWebKit/537.36 (KHTML, like Gecko) Chrome/87.0.4280.88 Safari/537.36"
[2020-12-10T14:08:14.793] [DEBUG] net_none - ::1 - - "GET /project/get-all?account=123 HTTP/1.1" 304 - "http://localhost:8080/" "Mozilla/5.0 (Windows NT 10.0; Win64; x64) AppleWebKit/537.36 (KHTML, like Gecko) Chrome/87.0.4280.88 Safari/537.36"
[2020-12-10T14:08:14.815] [DEBUG] net_none - ::1 - - "GET /123_coverImg_61779e80-259b-11eb-814c-4ddb105585f5.png HTTP/1.1" 304 - "http://localhost:8080/" "Mozilla/5.0 (Windows NT 10.0; Win64; x64) AppleWebKit/537.36 (KHTML, like Gecko) Chrome/87.0.4280.88 Safari/537.36"
[2020-12-10T14:21:41.269] [DEBUG] net_none - ::1 - - "POST /user/auth HTTP/1.1" 200 266 "http://localhost:8080/" "Mozilla/5.0 (Windows NT 10.0; Win64; x64) AppleWebKit/537.36 (KHTML, like Gecko) Chrome/87.0.4280.88 Safari/537.36"
[2020-12-10T14:21:41.954] [DEBUG] net_none - ::1 - - "GET /codeSegment/get HTTP/1.1" 200 217 "http://localhost:8080/" "Mozilla/5.0 (Windows NT 10.0; Win64; x64) AppleWebKit/537.36 (KHTML, like Gecko) Chrome/87.0.4280.88 Safari/537.36"
[2020-12-10T14:21:41.961] [DEBUG] net_none - ::1 - - "GET /project/get-all?account=123 HTTP/1.1" 200 15564 "http://localhost:8080/" "Mozilla/5.0 (Windows NT 10.0; Win64; x64) AppleWebKit/537.36 (KHTML, like Gecko) Chrome/87.0.4280.88 Safari/537.36"
[2020-12-10T14:21:42.027] [DEBUG] net_none - ::1 - - "GET /123_coverImg_61779e80-259b-11eb-814c-4ddb105585f5.png HTTP/1.1" 200 1387439 "http://localhost:8080/" "Mozilla/5.0 (Windows NT 10.0; Win64; x64) AppleWebKit/537.36 (KHTML, like Gecko) Chrome/87.0.4280.88 Safari/537.36"
[2020-12-10T14:24:29.573] [DEBUG] net_none - ::1 - - "POST /user/auth HTTP/1.1" 200 266 "http://localhost:8080/" "Mozilla/5.0 (Windows NT 10.0; Win64; x64) AppleWebKit/537.36 (KHTML, like Gecko) Chrome/87.0.4280.88 Safari/537.36"
[2020-12-10T14:24:30.322] [DEBUG] net_none - ::1 - - "GET /codeSegment/get HTTP/1.1" 304 - "http://localhost:8080/" "Mozilla/5.0 (Windows NT 10.0; Win64; x64) AppleWebKit/537.36 (KHTML, like Gecko) Chrome/87.0.4280.88 Safari/537.36"
[2020-12-10T14:24:30.328] [DEBUG] net_none - ::1 - - "GET /project/get-all?account=123 HTTP/1.1" 304 - "http://localhost:8080/" "Mozilla/5.0 (Windows NT 10.0; Win64; x64) AppleWebKit/537.36 (KHTML, like Gecko) Chrome/87.0.4280.88 Safari/537.36"
[2020-12-10T14:24:30.364] [DEBUG] net_none - ::1 - - "GET /123_coverImg_61779e80-259b-11eb-814c-4ddb105585f5.png HTTP/1.1" 304 - "http://localhost:8080/" "Mozilla/5.0 (Windows NT 10.0; Win64; x64) AppleWebKit/537.36 (KHTML, like Gecko) Chrome/87.0.4280.88 Safari/537.36"
[2020-12-10T14:25:23.703] [DEBUG] net_none - ::1 - - "POST /user/auth HTTP/1.1" 200 266 "http://localhost:8080/" "Mozilla/5.0 (Windows NT 10.0; Win64; x64) AppleWebKit/537.36 (KHTML, like Gecko) Chrome/87.0.4280.88 Safari/537.36"
[2020-12-10T14:25:24.391] [DEBUG] net_none - ::1 - - "GET /codeSegment/get HTTP/1.1" 304 - "http://localhost:8080/" "Mozilla/5.0 (Windows NT 10.0; Win64; x64) AppleWebKit/537.36 (KHTML, like Gecko) Chrome/87.0.4280.88 Safari/537.36"
[2020-12-10T14:25:24.396] [DEBUG] net_none - ::1 - - "GET /project/get-all?account=123 HTTP/1.1" 304 - "http://localhost:8080/" "Mozilla/5.0 (Windows NT 10.0; Win64; x64) AppleWebKit/537.36 (KHTML, like Gecko) Chrome/87.0.4280.88 Safari/537.36"
[2020-12-10T14:25:24.432] [DEBUG] net_none - ::1 - - "GET /123_coverImg_61779e80-259b-11eb-814c-4ddb105585f5.png HTTP/1.1" 304 - "http://localhost:8080/" "Mozilla/5.0 (Windows NT 10.0; Win64; x64) AppleWebKit/537.36 (KHTML, like Gecko) Chrome/87.0.4280.88 Safari/537.36"
[2020-12-10T14:29:29.549] [DEBUG] net_none - ::1 - - "GET /collection/get?account_id= HTTP/1.1" 304 - "http://localhost:8080/" "Mozilla/5.0 (Windows NT 10.0; Win64; x64) AppleWebKit/537.36 (KHTML, like Gecko) Chrome/87.0.4280.88 Safari/537.36"
[2020-12-10T14:29:31.025] [DEBUG] net_none - ::1 - - "GET /codeSegment/get?sortType=1 HTTP/1.1" 304 - "http://localhost:8080/" "Mozilla/5.0 (Windows NT 10.0; Win64; x64) AppleWebKit/537.36 (KHTML, like Gecko) Chrome/87.0.4280.88 Safari/537.36"
[2020-12-10T14:29:32.098] [DEBUG] net_none - ::1 - - "GET /project/get-all?account=123 HTTP/1.1" 304 - "http://localhost:8080/" "Mozilla/5.0 (Windows NT 10.0; Win64; x64) AppleWebKit/537.36 (KHTML, like Gecko) Chrome/87.0.4280.88 Safari/537.36"
[2020-12-10T14:29:32.122] [DEBUG] net_none - ::1 - - "GET /123_coverImg_61779e80-259b-11eb-814c-4ddb105585f5.png HTTP/1.1" 304 - "http://localhost:8080/" "Mozilla/5.0 (Windows NT 10.0; Win64; x64) AppleWebKit/537.36 (KHTML, like Gecko) Chrome/87.0.4280.88 Safari/537.36"
[2020-12-10T14:29:32.706] [DEBUG] net_none - ::1 - - "GET /codeSegment/get?sortType=1 HTTP/1.1" 304 - "http://localhost:8080/" "Mozilla/5.0 (Windows NT 10.0; Win64; x64) AppleWebKit/537.36 (KHTML, like Gecko) Chrome/87.0.4280.88 Safari/537.36"
[2020-12-10T14:29:35.707] [DEBUG] net_none - ::1 - - "GET /project/get-all?account=123 HTTP/1.1" 304 - "http://localhost:8080/" "Mozilla/5.0 (Windows NT 10.0; Win64; x64) AppleWebKit/537.36 (KHTML, like Gecko) Chrome/87.0.4280.88 Safari/537.36"
[2020-12-10T14:29:37.646] [DEBUG] net_none - ::1 - - "GET /codeSegment/get?sortType=1 HTTP/1.1" 304 - "http://localhost:8080/" "Mozilla/5.0 (Windows NT 10.0; Win64; x64) AppleWebKit/537.36 (KHTML, like Gecko) Chrome/87.0.4280.88 Safari/537.36"
[2020-12-10T14:29:38.248] [DEBUG] net_none - ::1 - - "GET /project/get-all?account=123 HTTP/1.1" 304 - "http://localhost:8080/" "Mozilla/5.0 (Windows NT 10.0; Win64; x64) AppleWebKit/537.36 (KHTML, like Gecko) Chrome/87.0.4280.88 Safari/537.36"
[2020-12-10T14:29:44.189] [DEBUG] net_none - ::1 - - "POST /user/auth HTTP/1.1" 200 266 "http://localhost:8080/" "Mozilla/5.0 (Windows NT 10.0; Win64; x64) AppleWebKit/537.36 (KHTML, like Gecko) Chrome/87.0.4280.88 Safari/537.36"
[2020-12-10T14:29:44.867] [DEBUG] net_none - ::1 - - "GET /codeSegment/get HTTP/1.1" 200 217 "http://localhost:8080/" "Mozilla/5.0 (Windows NT 10.0; Win64; x64) AppleWebKit/537.36 (KHTML, like Gecko) Chrome/87.0.4280.88 Safari/537.36"
[2020-12-10T14:29:44.875] [DEBUG] net_none - ::1 - - "GET /project/get-all?account=123 HTTP/1.1" 200 15564 "http://localhost:8080/" "Mozilla/5.0 (Windows NT 10.0; Win64; x64) AppleWebKit/537.36 (KHTML, like Gecko) Chrome/87.0.4280.88 Safari/537.36"
[2020-12-10T14:29:44.928] [DEBUG] net_none - ::1 - - "GET /123_coverImg_61779e80-259b-11eb-814c-4ddb105585f5.png HTTP/1.1" 200 1387439 "http://localhost:8080/" "Mozilla/5.0 (Windows NT 10.0; Win64; x64) AppleWebKit/537.36 (KHTML, like Gecko) Chrome/87.0.4280.88 Safari/537.36"
[2020-12-10T14:30:36.803] [DEBUG] net_none - ::1 - - "POST /user/auth HTTP/1.1" 200 266 "http://localhost:8080/" "Mozilla/5.0 (Windows NT 10.0; Win64; x64) AppleWebKit/537.36 (KHTML, like Gecko) Chrome/87.0.4280.88 Safari/537.36"
[2020-12-10T14:30:37.483] [DEBUG] net_none - ::1 - - "GET /codeSegment/get HTTP/1.1" 200 217 "http://localhost:8080/" "Mozilla/5.0 (Windows NT 10.0; Win64; x64) AppleWebKit/537.36 (KHTML, like Gecko) Chrome/87.0.4280.88 Safari/537.36"
[2020-12-10T14:30:37.485] [DEBUG] net_none - ::1 - - "GET /project/get-all?account=123 HTTP/1.1" 200 15564 "http://localhost:8080/" "Mozilla/5.0 (Windows NT 10.0; Win64; x64) AppleWebKit/537.36 (KHTML, like Gecko) Chrome/87.0.4280.88 Safari/537.36"
[2020-12-10T14:30:37.531] [DEBUG] net_none - ::1 - - "GET /123_coverImg_61779e80-259b-11eb-814c-4ddb105585f5.png HTTP/1.1" 200 1387439 "http://localhost:8080/" "Mozilla/5.0 (Windows NT 10.0; Win64; x64) AppleWebKit/537.36 (KHTML, like Gecko) Chrome/87.0.4280.88 Safari/537.36"
[2020-12-10T14:41:20.681] [DEBUG] net_none - ::1 - - "GET /project/get-all?account=123 HTTP/1.1" 304 - "http://localhost:8080/" "Mozilla/5.0 (Windows NT 10.0; Win64; x64) AppleWebKit/537.36 (KHTML, like Gecko) Chrome/87.0.4280.88 Safari/537.36"
[2020-12-10T14:47:54.881] [DEBUG] net_none - ::1 - - "GET /project/get-all?account=123&keyword=&orderType= HTTP/1.1" 200 15564 "http://localhost:8080/" "Mozilla/5.0 (Windows NT 10.0; Win64; x64) AppleWebKit/537.36 (KHTML, like Gecko) Chrome/87.0.4280.88 Safari/537.36"
[2020-12-10T14:52:11.745] [DEBUG] net_none - ::1 - - "GET /project/get-all?account=123&keyword=&orderType= HTTP/1.1" 304 - "http://localhost:8080/" "Mozilla/5.0 (Windows NT 10.0; Win64; x64) AppleWebKit/537.36 (KHTML, like Gecko) Chrome/87.0.4280.88 Safari/537.36"
[2020-12-10T14:52:26.153] [DEBUG] net_none - ::1 - - "GET /project/get-all?account=123&keyword=&orderType=createdTime HTTP/1.1" 200 15564 "http://localhost:8080/" "Mozilla/5.0 (Windows NT 10.0; Win64; x64) AppleWebKit/537.36 (KHTML, like Gecko) Chrome/87.0.4280.88 Safari/537.36"
[2020-12-10T14:56:33.836] [DEBUG] net_none - ::1 - - "POST /user/auth HTTP/1.1" 200 266 "http://localhost:8080/" "Mozilla/5.0 (Windows NT 10.0; Win64; x64) AppleWebKit/537.36 (KHTML, like Gecko) Chrome/87.0.4280.88 Safari/537.36"
[2020-12-10T14:56:34.527] [DEBUG] net_none - ::1 - - "GET /codeSegment/get HTTP/1.1" 200 217 "http://localhost:8080/" "Mozilla/5.0 (Windows NT 10.0; Win64; x64) AppleWebKit/537.36 (KHTML, like Gecko) Chrome/87.0.4280.88 Safari/537.36"
[2020-12-10T14:56:34.531] [DEBUG] net_none - ::1 - - "GET /project/get-all?account=123&keyword=&orderType=createdTime HTTP/1.1" 200 15564 "http://localhost:8080/" "Mozilla/5.0 (Windows NT 10.0; Win64; x64) AppleWebKit/537.36 (KHTML, like Gecko) Chrome/87.0.4280.88 Safari/537.36"
[2020-12-10T14:56:34.571] [DEBUG] net_none - ::1 - - "GET /123_coverImg_61779e80-259b-11eb-814c-4ddb105585f5.png HTTP/1.1" 200 1387439 "http://localhost:8080/" "Mozilla/5.0 (Windows NT 10.0; Win64; x64) AppleWebKit/537.36 (KHTML, like Gecko) Chrome/87.0.4280.88 Safari/537.36"
[2020-12-10T14:58:17.520] [DEBUG] net_none - ::1 - - "GET /project/get-all?account=123&keyword=&orderType=createdTime HTTP/1.1" 304 - "http://localhost:8080/" "Mozilla/5.0 (Windows NT 10.0; Win64; x64) AppleWebKit/537.36 (KHTML, like Gecko) Chrome/87.0.4280.88 Safari/537.36"
[2020-12-10T14:59:23.973] [DEBUG] net_none - ::1 - - "POST /user/auth HTTP/1.1" 200 266 "http://localhost:8080/" "Mozilla/5.0 (Windows NT 10.0; Win64; x64) AppleWebKit/537.36 (KHTML, like Gecko) Chrome/87.0.4280.88 Safari/537.36"
[2020-12-10T14:59:24.684] [DEBUG] net_none - ::1 - - "GET /codeSegment/get HTTP/1.1" 200 217 "http://localhost:8080/" "Mozilla/5.0 (Windows NT 10.0; Win64; x64) AppleWebKit/537.36 (KHTML, like Gecko) Chrome/87.0.4280.88 Safari/537.36"
[2020-12-10T14:59:24.687] [DEBUG] net_none - ::1 - - "GET /project/get-all?account=123&keyword=&orderType=createdTime HTTP/1.1" 200 15564 "http://localhost:8080/" "Mozilla/5.0 (Windows NT 10.0; Win64; x64) AppleWebKit/537.36 (KHTML, like Gecko) Chrome/87.0.4280.88 Safari/537.36"
[2020-12-10T14:59:50.157] [DEBUG] net_none - ::1 - - "GET /123_coverImg_61779e80-259b-11eb-814c-4ddb105585f5.png HTTP/1.1" 304 - "http://localhost:8080/" "Mozilla/5.0 (Windows NT 10.0; Win64; x64) AppleWebKit/537.36 (KHTML, like Gecko) Chrome/87.0.4280.88 Safari/537.36"
[2020-12-10T15:00:48.503] [DEBUG] net_none - ::1 - - "GET /project/get-all?account=123&keyword=&orderType=createdTime HTTP/1.1" 304 - "http://localhost:8080/" "Mozilla/5.0 (Windows NT 10.0; Win64; x64) AppleWebKit/537.36 (KHTML, like Gecko) Chrome/87.0.4280.88 Safari/537.36"
[2020-12-10T15:01:19.345] [DEBUG] net_none - ::1 - - "GET /project/get-all?account=123&keyword=&orderType=createdTime HTTP/1.1" 304 - "http://localhost:8080/" "Mozilla/5.0 (Windows NT 10.0; Win64; x64) AppleWebKit/537.36 (KHTML, like Gecko) Chrome/87.0.4280.88 Safari/537.36"
[2020-12-10T15:03:08.046] [DEBUG] net_none - ::1 - - "GET /project/get-all?account=123&keyword=&orderType=createdTime HTTP/1.1" 304 - "http://localhost:8080/" "Mozilla/5.0 (Windows NT 10.0; Win64; x64) AppleWebKit/537.36 (KHTML, like Gecko) Chrome/87.0.4280.88 Safari/537.36"
[2020-12-10T15:03:18.702] [DEBUG] net_none - ::1 - - "GET /project/get-all?account=123&keyword=&orderType=createdTime HTTP/1.1" 304 - "http://localhost:8080/" "Mozilla/5.0 (Windows NT 10.0; Win64; x64) AppleWebKit/537.36 (KHTML, like Gecko) Chrome/87.0.4280.88 Safari/537.36"
[2020-12-10T15:09:13.386] [DEBUG] net_none - ::1 - - "POST /user/auth HTTP/1.1" 200 266 "http://localhost:8080/" "Mozilla/5.0 (Windows NT 10.0; Win64; x64) AppleWebKit/537.36 (KHTML, like Gecko) Chrome/87.0.4280.88 Safari/537.36"
[2020-12-10T15:09:14.054] [DEBUG] net_none - ::1 - - "GET /codeSegment/get HTTP/1.1" 304 - "http://localhost:8080/" "Mozilla/5.0 (Windows NT 10.0; Win64; x64) AppleWebKit/537.36 (KHTML, like Gecko) Chrome/87.0.4280.88 Safari/537.36"
[2020-12-10T15:09:14.056] [DEBUG] net_none - ::1 - - "GET /project/get-all?account=123&keyword=&orderType=createdTime HTTP/1.1" 304 - "http://localhost:8080/" "Mozilla/5.0 (Windows NT 10.0; Win64; x64) AppleWebKit/537.36 (KHTML, like Gecko) Chrome/87.0.4280.88 Safari/537.36"
[2020-12-10T15:09:14.074] [DEBUG] net_none - ::1 - - "GET /123_coverImg_61779e80-259b-11eb-814c-4ddb105585f5.png HTTP/1.1" 304 - "http://localhost:8080/" "Mozilla/5.0 (Windows NT 10.0; Win64; x64) AppleWebKit/537.36 (KHTML, like Gecko) Chrome/87.0.4280.88 Safari/537.36"
[2020-12-10T15:10:22.576] [DEBUG] net_none - ::1 - - "GET /project/get-all?account=123&keyword=&orderType=createdTime HTTP/1.1" 304 - "http://localhost:8080/" "Mozilla/5.0 (Windows NT 10.0; Win64; x64) AppleWebKit/537.36 (KHTML, like Gecko) Chrome/87.0.4280.88 Safari/537.36"
[2020-12-10T15:11:44.193] [DEBUG] net_none - ::1 - - "POST /user/auth HTTP/1.1" 200 266 "http://localhost:8080/" "Mozilla/5.0 (Windows NT 10.0; Win64; x64) AppleWebKit/537.36 (KHTML, like Gecko) Chrome/87.0.4280.88 Safari/537.36"
[2020-12-10T15:11:44.838] [DEBUG] net_none - ::1 - - "GET /codeSegment/get HTTP/1.1" 200 217 "http://localhost:8080/" "Mozilla/5.0 (Windows NT 10.0; Win64; x64) AppleWebKit/537.36 (KHTML, like Gecko) Chrome/87.0.4280.88 Safari/537.36"
[2020-12-10T15:11:44.840] [DEBUG] net_none - ::1 - - "GET /project/get-all?account=123&keyword=&orderType=createdTime HTTP/1.1" 200 15564 "http://localhost:8080/" "Mozilla/5.0 (Windows NT 10.0; Win64; x64) AppleWebKit/537.36 (KHTML, like Gecko) Chrome/87.0.4280.88 Safari/537.36"
[2020-12-10T15:11:44.864] [DEBUG] net_none - ::1 - - "GET /123_coverImg_61779e80-259b-11eb-814c-4ddb105585f5.png HTTP/1.1" 200 1387439 "http://localhost:8080/" "Mozilla/5.0 (Windows NT 10.0; Win64; x64) AppleWebKit/537.36 (KHTML, like Gecko) Chrome/87.0.4280.88 Safari/537.36"
[2020-12-10T15:12:46.491] [DEBUG] net_none - ::1 - - "POST /user/auth HTTP/1.1" 200 266 "http://localhost:8080/" "Mozilla/5.0 (Windows NT 10.0; Win64; x64) AppleWebKit/537.36 (KHTML, like Gecko) Chrome/87.0.4280.88 Safari/537.36"
[2020-12-10T15:12:47.122] [DEBUG] net_none - ::1 - - "GET /codeSegment/get HTTP/1.1" 200 217 "http://localhost:8080/" "Mozilla/5.0 (Windows NT 10.0; Win64; x64) AppleWebKit/537.36 (KHTML, like Gecko) Chrome/87.0.4280.88 Safari/537.36"
[2020-12-10T15:12:47.126] [DEBUG] net_none - ::1 - - "GET /project/get-all?account=123&keyword=&orderType=createdTime HTTP/1.1" 200 15564 "http://localhost:8080/" "Mozilla/5.0 (Windows NT 10.0; Win64; x64) AppleWebKit/537.36 (KHTML, like Gecko) Chrome/87.0.4280.88 Safari/537.36"
[2020-12-10T15:12:47.193] [DEBUG] net_none - ::1 - - "GET /123_coverImg_61779e80-259b-11eb-814c-4ddb105585f5.png HTTP/1.1" 200 1387439 "http://localhost:8080/" "Mozilla/5.0 (Windows NT 10.0; Win64; x64) AppleWebKit/537.36 (KHTML, like Gecko) Chrome/87.0.4280.88 Safari/537.36"
[2020-12-10T15:13:08.549] [DEBUG] net_none - ::1 - - "POST /user/auth HTTP/1.1" 200 266 "http://localhost:8080/" "Mozilla/5.0 (Windows NT 10.0; Win64; x64) AppleWebKit/537.36 (KHTML, like Gecko) Chrome/87.0.4280.88 Safari/537.36"
[2020-12-10T15:13:09.205] [DEBUG] net_none - ::1 - - "GET /codeSegment/get HTTP/1.1" 200 217 "http://localhost:8080/" "Mozilla/5.0 (Windows NT 10.0; Win64; x64) AppleWebKit/537.36 (KHTML, like Gecko) Chrome/87.0.4280.88 Safari/537.36"
[2020-12-10T15:13:09.207] [DEBUG] net_none - ::1 - - "GET /project/get-all?account=123&keyword=&orderType=createdTime HTTP/1.1" 200 15564 "http://localhost:8080/" "Mozilla/5.0 (Windows NT 10.0; Win64; x64) AppleWebKit/537.36 (KHTML, like Gecko) Chrome/87.0.4280.88 Safari/537.36"
[2020-12-10T15:13:09.244] [DEBUG] net_none - ::1 - - "GET /123_coverImg_61779e80-259b-11eb-814c-4ddb105585f5.png HTTP/1.1" 200 1387439 "http://localhost:8080/" "Mozilla/5.0 (Windows NT 10.0; Win64; x64) AppleWebKit/537.36 (KHTML, like Gecko) Chrome/87.0.4280.88 Safari/537.36"
[2020-12-10T15:14:19.752] [DEBUG] net_none - ::1 - - "GET /project/get-all?account=123&keyword=&orderType=createdTime HTTP/1.1" 304 - "http://localhost:8080/" "Mozilla/5.0 (Windows NT 10.0; Win64; x64) AppleWebKit/537.36 (KHTML, like Gecko) Chrome/87.0.4280.88 Safari/537.36"
[2020-12-10T15:14:29.600] [DEBUG] net_none - ::1 - - "POST /user/auth HTTP/1.1" 200 266 "http://localhost:8080/" "Mozilla/5.0 (Windows NT 10.0; Win64; x64) AppleWebKit/537.36 (KHTML, like Gecko) Chrome/87.0.4280.88 Safari/537.36"
[2020-12-10T15:14:30.255] [DEBUG] net_none - ::1 - - "GET /codeSegment/get HTTP/1.1" 200 217 "http://localhost:8080/" "Mozilla/5.0 (Windows NT 10.0; Win64; x64) AppleWebKit/537.36 (KHTML, like Gecko) Chrome/87.0.4280.88 Safari/537.36"
[2020-12-10T15:14:30.258] [DEBUG] net_none - ::1 - - "GET /project/get-all?account=123&keyword=&orderType=createdTime HTTP/1.1" 200 15564 "http://localhost:8080/" "Mozilla/5.0 (Windows NT 10.0; Win64; x64) AppleWebKit/537.36 (KHTML, like Gecko) Chrome/87.0.4280.88 Safari/537.36"
[2020-12-10T15:14:30.282] [DEBUG] net_none - ::1 - - "GET /123_coverImg_61779e80-259b-11eb-814c-4ddb105585f5.png HTTP/1.1" 200 1387439 "http://localhost:8080/" "Mozilla/5.0 (Windows NT 10.0; Win64; x64) AppleWebKit/537.36 (KHTML, like Gecko) Chrome/87.0.4280.88 Safari/537.36"
[2020-12-10T15:20:01.467] [DEBUG] net_none - ::1 - - "GET /project/get-all?account=123&keyword=&orderType=createdTime HTTP/1.1" 304 - "http://localhost:8080/" "Mozilla/5.0 (Windows NT 10.0; Win64; x64) AppleWebKit/537.36 (KHTML, like Gecko) Chrome/87.0.4280.88 Safari/537.36"
[2020-12-10T15:20:13.278] [DEBUG] net_none - ::1 - - "POST /user/auth HTTP/1.1" 200 266 "http://localhost:8080/" "Mozilla/5.0 (Windows NT 10.0; Win64; x64) AppleWebKit/537.36 (KHTML, like Gecko) Chrome/87.0.4280.88 Safari/537.36"
[2020-12-10T15:20:13.934] [DEBUG] net_none - ::1 - - "GET /codeSegment/get HTTP/1.1" 200 217 "http://localhost:8080/" "Mozilla/5.0 (Windows NT 10.0; Win64; x64) AppleWebKit/537.36 (KHTML, like Gecko) Chrome/87.0.4280.88 Safari/537.36"
[2020-12-10T15:20:13.936] [DEBUG] net_none - ::1 - - "GET /project/get-all?account=123&keyword=&orderType=createdTime HTTP/1.1" 200 15564 "http://localhost:8080/" "Mozilla/5.0 (Windows NT 10.0; Win64; x64) AppleWebKit/537.36 (KHTML, like Gecko) Chrome/87.0.4280.88 Safari/537.36"
[2020-12-10T15:20:13.990] [DEBUG] net_none - ::1 - - "GET /123_coverImg_61779e80-259b-11eb-814c-4ddb105585f5.png HTTP/1.1" 200 1387439 "http://localhost:8080/" "Mozilla/5.0 (Windows NT 10.0; Win64; x64) AppleWebKit/537.36 (KHTML, like Gecko) Chrome/87.0.4280.88 Safari/537.36"
[2020-12-10T15:25:08.590] [DEBUG] net_none - ::1 - - "POST /user/auth HTTP/1.1" 200 266 "http://localhost:8080/" "Mozilla/5.0 (Windows NT 10.0; Win64; x64) AppleWebKit/537.36 (KHTML, like Gecko) Chrome/87.0.4280.88 Safari/537.36"
[2020-12-10T15:25:09.274] [DEBUG] net_none - ::1 - - "GET /codeSegment/get HTTP/1.1" 200 217 "http://localhost:8080/" "Mozilla/5.0 (Windows NT 10.0; Win64; x64) AppleWebKit/537.36 (KHTML, like Gecko) Chrome/87.0.4280.88 Safari/537.36"
[2020-12-10T15:25:09.280] [DEBUG] net_none - ::1 - - "GET /project/get-all?account=123&keyword=&orderType=createdTime HTTP/1.1" 200 15564 "http://localhost:8080/" "Mozilla/5.0 (Windows NT 10.0; Win64; x64) AppleWebKit/537.36 (KHTML, like Gecko) Chrome/87.0.4280.88 Safari/537.36"
[2020-12-10T15:25:09.319] [DEBUG] net_none - ::1 - - "GET /123_coverImg_61779e80-259b-11eb-814c-4ddb105585f5.png HTTP/1.1" 200 1387439 "http://localhost:8080/" "Mozilla/5.0 (Windows NT 10.0; Win64; x64) AppleWebKit/537.36 (KHTML, like Gecko) Chrome/87.0.4280.88 Safari/537.36"
[2020-12-10T15:26:24.874] [DEBUG] net_none - ::1 - - "GET /project/get-all?account=123&keyword=&orderType=createdTime HTTP/1.1" 304 - "http://localhost:8080/" "Mozilla/5.0 (Windows NT 10.0; Win64; x64) AppleWebKit/537.36 (KHTML, like Gecko) Chrome/87.0.4280.88 Safari/537.36"
[2020-12-10T15:26:32.718] [DEBUG] net_none - ::1 - - "POST /user/auth HTTP/1.1" 200 266 "http://localhost:8080/" "Mozilla/5.0 (Windows NT 10.0; Win64; x64) AppleWebKit/537.36 (KHTML, like Gecko) Chrome/87.0.4280.88 Safari/537.36"
[2020-12-10T15:26:33.367] [DEBUG] net_none - ::1 - - "GET /codeSegment/get HTTP/1.1" 200 217 "http://localhost:8080/" "Mozilla/5.0 (Windows NT 10.0; Win64; x64) AppleWebKit/537.36 (KHTML, like Gecko) Chrome/87.0.4280.88 Safari/537.36"
[2020-12-10T15:26:33.369] [DEBUG] net_none - ::1 - - "GET /project/get-all?account=123&keyword=&orderType=createdTime HTTP/1.1" 200 15564 "http://localhost:8080/" "Mozilla/5.0 (Windows NT 10.0; Win64; x64) AppleWebKit/537.36 (KHTML, like Gecko) Chrome/87.0.4280.88 Safari/537.36"
[2020-12-10T15:26:33.405] [DEBUG] net_none - ::1 - - "GET /123_coverImg_61779e80-259b-11eb-814c-4ddb105585f5.png HTTP/1.1" 200 1387439 "http://localhost:8080/" "Mozilla/5.0 (Windows NT 10.0; Win64; x64) AppleWebKit/537.36 (KHTML, like Gecko) Chrome/87.0.4280.88 Safari/537.36"
[2020-12-10T15:27:04.868] [DEBUG] net_none - ::1 - - "POST /user/auth HTTP/1.1" 200 266 "http://localhost:8080/" "Mozilla/5.0 (Windows NT 10.0; Win64; x64) AppleWebKit/537.36 (KHTML, like Gecko) Chrome/87.0.4280.88 Safari/537.36"
[2020-12-10T15:27:05.515] [DEBUG] net_none - ::1 - - "GET /codeSegment/get HTTP/1.1" 200 217 "http://localhost:8080/" "Mozilla/5.0 (Windows NT 10.0; Win64; x64) AppleWebKit/537.36 (KHTML, like Gecko) Chrome/87.0.4280.88 Safari/537.36"
[2020-12-10T15:27:05.517] [DEBUG] net_none - ::1 - - "GET /project/get-all?account=123&keyword=&orderType=createdTime HTTP/1.1" 200 15564 "http://localhost:8080/" "Mozilla/5.0 (Windows NT 10.0; Win64; x64) AppleWebKit/537.36 (KHTML, like Gecko) Chrome/87.0.4280.88 Safari/537.36"
[2020-12-10T15:27:05.548] [DEBUG] net_none - ::1 - - "GET /123_coverImg_61779e80-259b-11eb-814c-4ddb105585f5.png HTTP/1.1" 200 1387439 "http://localhost:8080/" "Mozilla/5.0 (Windows NT 10.0; Win64; x64) AppleWebKit/537.36 (KHTML, like Gecko) Chrome/87.0.4280.88 Safari/537.36"
[2020-12-10T15:27:29.038] [DEBUG] net_none - ::1 - - "GET /project/get-all?account=123&keyword=&orderType=createdTime HTTP/1.1" 304 - "http://localhost:8080/" "Mozilla/5.0 (Windows NT 10.0; Win64; x64) AppleWebKit/537.36 (KHTML, like Gecko) Chrome/87.0.4280.88 Safari/537.36"
[2020-12-10T15:27:40.943] [DEBUG] net_none - ::1 - - "POST /user/auth HTTP/1.1" 200 266 "http://localhost:8080/" "Mozilla/5.0 (Windows NT 10.0; Win64; x64) AppleWebKit/537.36 (KHTML, like Gecko) Chrome/87.0.4280.88 Safari/537.36"
[2020-12-10T15:27:41.563] [DEBUG] net_none - ::1 - - "GET /codeSegment/get HTTP/1.1" 200 217 "http://localhost:8080/" "Mozilla/5.0 (Windows NT 10.0; Win64; x64) AppleWebKit/537.36 (KHTML, like Gecko) Chrome/87.0.4280.88 Safari/537.36"
[2020-12-10T15:27:41.564] [DEBUG] net_none - ::1 - - "GET /project/get-all?account=123&keyword=&orderType=createdTime HTTP/1.1" 200 15564 "http://localhost:8080/" "Mozilla/5.0 (Windows NT 10.0; Win64; x64) AppleWebKit/537.36 (KHTML, like Gecko) Chrome/87.0.4280.88 Safari/537.36"
[2020-12-10T15:27:41.592] [DEBUG] net_none - ::1 - - "GET /123_coverImg_61779e80-259b-11eb-814c-4ddb105585f5.png HTTP/1.1" 200 1387439 "http://localhost:8080/" "Mozilla/5.0 (Windows NT 10.0; Win64; x64) AppleWebKit/537.36 (KHTML, like Gecko) Chrome/87.0.4280.88 Safari/537.36"
[2020-12-10T15:27:47.258] [DEBUG] net_none - ::1 - - "GET /project/get-all?account=123&keyword= HTTP/1.1" 200 15564 "http://localhost:8080/" "Mozilla/5.0 (Windows NT 10.0; Win64; x64) AppleWebKit/537.36 (KHTML, like Gecko) Chrome/87.0.4280.88 Safari/537.36"
[2020-12-10T15:27:49.706] [DEBUG] net_none - ::1 - - "GET /project/get-all?account=123&keyword= HTTP/1.1" 304 - "http://localhost:8080/" "Mozilla/5.0 (Windows NT 10.0; Win64; x64) AppleWebKit/537.36 (KHTML, like Gecko) Chrome/87.0.4280.88 Safari/537.36"
[2020-12-10T15:27:52.814] [DEBUG] net_none - ::1 - - "GET /project/get-all?account=123&keyword= HTTP/1.1" 304 - "http://localhost:8080/" "Mozilla/5.0 (Windows NT 10.0; Win64; x64) AppleWebKit/537.36 (KHTML, like Gecko) Chrome/87.0.4280.88 Safari/537.36"
[2020-12-10T15:30:01.741] [DEBUG] net_none - ::1 - - "GET /project/get-all?account=123&keyword=&orderType=createdTime HTTP/1.1" 304 - "http://localhost:8080/" "Mozilla/5.0 (Windows NT 10.0; Win64; x64) AppleWebKit/537.36 (KHTML, like Gecko) Chrome/87.0.4280.88 Safari/537.36"
[2020-12-10T15:30:38.736] [DEBUG] net_none - ::1 - - "GET /project/get-all?account=123&keyword=&orderType=createdTime HTTP/1.1" 304 - "http://localhost:8080/" "Mozilla/5.0 (Windows NT 10.0; Win64; x64) AppleWebKit/537.36 (KHTML, like Gecko) Chrome/87.0.4280.88 Safari/537.36"
[2020-12-10T15:30:40.882] [DEBUG] net_none - ::1 - - "GET /project/get-all?account=123&keyword=&orderType=modifyTime HTTP/1.1" 200 15564 "http://localhost:8080/" "Mozilla/5.0 (Windows NT 10.0; Win64; x64) AppleWebKit/537.36 (KHTML, like Gecko) Chrome/87.0.4280.88 Safari/537.36"
[2020-12-10T15:30:58.877] [DEBUG] net_none - ::1 - - "GET /project/get-all?account=123&keyword=1&orderType=modifyTime HTTP/1.1" 200 15564 "http://localhost:8080/" "Mozilla/5.0 (Windows NT 10.0; Win64; x64) AppleWebKit/537.36 (KHTML, like Gecko) Chrome/87.0.4280.88 Safari/537.36"
[2020-12-10T15:44:40.752] [DEBUG] net_none - ::1 - - "GET /project/get-all?account=123&keyword=&orderType=publish_date HTTP/1.1" 200 15564 "http://localhost:8080/" "Mozilla/5.0 (Windows NT 10.0; Win64; x64) AppleWebKit/537.36 (KHTML, like Gecko) Chrome/87.0.4280.88 Safari/537.36"
[2020-12-10T15:46:28.031] [DEBUG] net_none - ::1 - - "GET /project/get-all?account=123&keyword=&orderType=publish_date HTTP/1.1" 500 51 "http://localhost:8080/" "Mozilla/5.0 (Windows NT 10.0; Win64; x64) AppleWebKit/537.36 (KHTML, like Gecko) Chrome/87.0.4280.88 Safari/537.36"
[2020-12-10T15:48:43.560] [DEBUG] net_none - ::1 - - "POST /user/auth HTTP/1.1" 200 266 "http://localhost:8080/" "Mozilla/5.0 (Windows NT 10.0; Win64; x64) AppleWebKit/537.36 (KHTML, like Gecko) Chrome/87.0.4280.88 Safari/537.36"
[2020-12-10T15:48:44.185] [DEBUG] net_none - ::1 - - "GET /codeSegment/get HTTP/1.1" 200 217 "http://localhost:8080/" "Mozilla/5.0 (Windows NT 10.0; Win64; x64) AppleWebKit/537.36 (KHTML, like Gecko) Chrome/87.0.4280.88 Safari/537.36"
[2020-12-10T15:48:44.190] [DEBUG] net_none - ::1 - - "GET /project/get-all?account=123&keyword=&orderType=publish_date HTTP/1.1" 500 51 "http://localhost:8080/" "Mozilla/5.0 (Windows NT 10.0; Win64; x64) AppleWebKit/537.36 (KHTML, like Gecko) Chrome/87.0.4280.88 Safari/537.36"
[2020-12-10T15:49:37.901] [DEBUG] net_none - ::1 - - "POST /user/auth HTTP/1.1" 200 266 "http://localhost:8080/" "Mozilla/5.0 (Windows NT 10.0; Win64; x64) AppleWebKit/537.36 (KHTML, like Gecko) Chrome/87.0.4280.88 Safari/537.36"
[2020-12-10T15:49:38.545] [DEBUG] net_none - ::1 - - "GET /codeSegment/get HTTP/1.1" 200 217 "http://localhost:8080/" "Mozilla/5.0 (Windows NT 10.0; Win64; x64) AppleWebKit/537.36 (KHTML, like Gecko) Chrome/87.0.4280.88 Safari/537.36"
[2020-12-10T15:49:38.585] [DEBUG] net_none - ::1 - - "GET /project/get-all?account=123&keyword=&orderType=publish_date HTTP/1.1" 500 51 "http://localhost:8080/" "Mozilla/5.0 (Windows NT 10.0; Win64; x64) AppleWebKit/537.36 (KHTML, like Gecko) Chrome/87.0.4280.88 Safari/537.36"
[2020-12-10T15:50:39.227] [DEBUG] net_none - ::1 - - "POST /user/auth HTTP/1.1" 200 266 "http://localhost:8080/" "Mozilla/5.0 (Windows NT 10.0; Win64; x64) AppleWebKit/537.36 (KHTML, like Gecko) Chrome/87.0.4280.88 Safari/537.36"
[2020-12-10T15:50:39.844] [DEBUG] net_none - ::1 - - "GET /codeSegment/get HTTP/1.1" 200 217 "http://localhost:8080/" "Mozilla/5.0 (Windows NT 10.0; Win64; x64) AppleWebKit/537.36 (KHTML, like Gecko) Chrome/87.0.4280.88 Safari/537.36"
[2020-12-10T15:50:39.887] [DEBUG] net_none - ::1 - - "GET /project/get-all?account=123&keyword=&orderType=publish_date HTTP/1.1" 500 51 "http://localhost:8080/" "Mozilla/5.0 (Windows NT 10.0; Win64; x64) AppleWebKit/537.36 (KHTML, like Gecko) Chrome/87.0.4280.88 Safari/537.36"
[2020-12-10T15:50:55.336] [DEBUG] net_none - ::1 - - "POST /user/auth HTTP/1.1" 200 266 "http://localhost:8080/" "Mozilla/5.0 (Windows NT 10.0; Win64; x64) AppleWebKit/537.36 (KHTML, like Gecko) Chrome/87.0.4280.88 Safari/537.36"
[2020-12-10T15:50:55.942] [DEBUG] net_none - ::1 - - "GET /codeSegment/get HTTP/1.1" 200 217 "http://localhost:8080/" "Mozilla/5.0 (Windows NT 10.0; Win64; x64) AppleWebKit/537.36 (KHTML, like Gecko) Chrome/87.0.4280.88 Safari/537.36"
[2020-12-10T15:50:56.012] [DEBUG] net_none - ::1 - - "GET /project/get-all?account=123&keyword=&orderType=publish_date HTTP/1.1" 500 51 "http://localhost:8080/" "Mozilla/5.0 (Windows NT 10.0; Win64; x64) AppleWebKit/537.36 (KHTML, like Gecko) Chrome/87.0.4280.88 Safari/537.36"
[2020-12-10T15:51:15.414] [DEBUG] net_none - ::1 - - "GET /codeSegment/get?sortType=1 HTTP/1.1" 200 217 "http://localhost:8080/" "Mozilla/5.0 (Windows NT 10.0; Win64; x64) AppleWebKit/537.36 (KHTML, like Gecko) Chrome/87.0.4280.88 Safari/537.36"
[2020-12-10T15:51:15.647] [DEBUG] net_none - ::1 - - "GET /project/get-all?account=123&keyword=&orderType=publish_date HTTP/1.1" 500 51 "http://localhost:8080/" "Mozilla/5.0 (Windows NT 10.0; Win64; x64) AppleWebKit/537.36 (KHTML, like Gecko) Chrome/87.0.4280.88 Safari/537.36"
[2020-12-10T15:51:15.659] [DEBUG] net_none - ::1 - - "GET /codeSegment/get?sortType=1 HTTP/1.1" 304 - "http://localhost:8080/" "Mozilla/5.0 (Windows NT 10.0; Win64; x64) AppleWebKit/537.36 (KHTML, like Gecko) Chrome/87.0.4280.88 Safari/537.36"
[2020-12-10T15:51:16.992] [DEBUG] net_none - ::1 - - "GET /project/get-all?account=123&keyword=&orderType=publish_date HTTP/1.1" 500 51 "http://localhost:8080/" "Mozilla/5.0 (Windows NT 10.0; Win64; x64) AppleWebKit/537.36 (KHTML, like Gecko) Chrome/87.0.4280.88 Safari/537.36"
[2020-12-10T15:54:40.344] [DEBUG] net_none - ::1 - - "POST /user/auth HTTP/1.1" 200 266 "http://localhost:8080/" "Mozilla/5.0 (Windows NT 10.0; Win64; x64) AppleWebKit/537.36 (KHTML, like Gecko) Chrome/87.0.4280.88 Safari/537.36"
[2020-12-10T15:54:40.998] [DEBUG] net_none - ::1 - - "GET /codeSegment/get HTTP/1.1" 200 217 "http://localhost:8080/" "Mozilla/5.0 (Windows NT 10.0; Win64; x64) AppleWebKit/537.36 (KHTML, like Gecko) Chrome/87.0.4280.88 Safari/537.36"
[2020-12-10T15:54:41.007] [DEBUG] net_none - ::1 - - "GET /project/get-all?account=123&keyword=&orderType=publish_date HTTP/1.1" 200 15564 "http://localhost:8080/" "Mozilla/5.0 (Windows NT 10.0; Win64; x64) AppleWebKit/537.36 (KHTML, like Gecko) Chrome/87.0.4280.88 Safari/537.36"
[2020-12-10T15:54:41.052] [DEBUG] net_none - ::1 - - "GET /123_coverImg_61779e80-259b-11eb-814c-4ddb105585f5.png HTTP/1.1" 200 1387439 "http://localhost:8080/" "Mozilla/5.0 (Windows NT 10.0; Win64; x64) AppleWebKit/537.36 (KHTML, like Gecko) Chrome/87.0.4280.88 Safari/537.36"
[2020-12-10T16:03:34.372] [DEBUG] net_none - ::1 - - "POST /project/create HTTP/1.1" 200 33 "http://localhost:8080/" "Mozilla/5.0 (Windows NT 10.0; Win64; x64) AppleWebKit/537.36 (KHTML, like Gecko) Chrome/87.0.4280.88 Safari/537.36"
[2020-12-10T16:03:34.393] [DEBUG] net_none - ::1 - - "GET /project/get-all?account=123&keyword=&orderType=publish_date HTTP/1.1" 200 18945 "http://localhost:8080/" "Mozilla/5.0 (Windows NT 10.0; Win64; x64) AppleWebKit/537.36 (KHTML, like Gecko) Chrome/87.0.4280.88 Safari/537.36"
[2020-12-10T16:03:34.413] [DEBUG] net_none - ::1 - - "GET /123_coverImg_33499670-3abe-11eb-b66b-4100663eec6a.png HTTP/1.1" 404 192 "http://localhost:8080/" "Mozilla/5.0 (Windows NT 10.0; Win64; x64) AppleWebKit/537.36 (KHTML, like Gecko) Chrome/87.0.4280.88 Safari/537.36"
[2020-12-10T16:11:48.077] [DEBUG] net_none - ::1 - - "POST /project/update HTTP/1.1" 200 33 "http://localhost:8080/" "Mozilla/5.0 (Windows NT 10.0; Win64; x64) AppleWebKit/537.36 (KHTML, like Gecko) Chrome/87.0.4280.88 Safari/537.36"
[2020-12-10T16:11:48.093] [DEBUG] net_none - ::1 - - "GET /project/get-all?account=123&keyword=&orderType=publish_date HTTP/1.1" 200 18971 "http://localhost:8080/" "Mozilla/5.0 (Windows NT 10.0; Win64; x64) AppleWebKit/537.36 (KHTML, like Gecko) Chrome/87.0.4280.88 Safari/537.36"
[2020-12-10T16:11:51.525] [DEBUG] net_none - ::1 - - "POST /project/update HTTP/1.1" 200 33 "http://localhost:8080/" "Mozilla/5.0 (Windows NT 10.0; Win64; x64) AppleWebKit/537.36 (KHTML, like Gecko) Chrome/87.0.4280.88 Safari/537.36"
[2020-12-10T16:11:51.541] [DEBUG] net_none - ::1 - - "GET /project/get-all?account=123&keyword=&orderType=publish_date HTTP/1.1" 200 18954 "http://localhost:8080/" "Mozilla/5.0 (Windows NT 10.0; Win64; x64) AppleWebKit/537.36 (KHTML, like Gecko) Chrome/87.0.4280.88 Safari/537.36"
[2020-12-10T16:11:59.240] [DEBUG] net_none - ::1 - - "GET /project/get-all?account=123&keyword=1&orderType=publish_date HTTP/1.1" 200 15590 "http://localhost:8080/" "Mozilla/5.0 (Windows NT 10.0; Win64; x64) AppleWebKit/537.36 (KHTML, like Gecko) Chrome/87.0.4280.88 Safari/537.36"
[2020-12-10T16:12:14.464] [DEBUG] net_none - ::1 - - "GET /project/get-all?account=123&keyword=&orderType=publish_date HTTP/1.1" 304 - "http://localhost:8080/" "Mozilla/5.0 (Windows NT 10.0; Win64; x64) AppleWebKit/537.36 (KHTML, like Gecko) Chrome/87.0.4280.88 Safari/537.36"
[2020-12-10T16:12:14.482] [DEBUG] net_none - ::1 - - "GET /123_coverImg_33499670-3abe-11eb-b66b-4100663eec6a.png HTTP/1.1" 404 192 "http://localhost:8080/" "Mozilla/5.0 (Windows NT 10.0; Win64; x64) AppleWebKit/537.36 (KHTML, like Gecko) Chrome/87.0.4280.88 Safari/537.36"
[2020-12-10T16:12:23.725] [DEBUG] net_none - ::1 - - "GET /project/get-all?account=123&keyword=1&orderType=publish_date HTTP/1.1" 304 - "http://localhost:8080/" "Mozilla/5.0 (Windows NT 10.0; Win64; x64) AppleWebKit/537.36 (KHTML, like Gecko) Chrome/87.0.4280.88 Safari/537.36"
[2020-12-10T16:12:26.698] [DEBUG] net_none - ::1 - - "GET /project/get-all?account=123&keyword=2&orderType=publish_date HTTP/1.1" 200 3406 "http://localhost:8080/" "Mozilla/5.0 (Windows NT 10.0; Win64; x64) AppleWebKit/537.36 (KHTML, like Gecko) Chrome/87.0.4280.88 Safari/537.36"
[2020-12-10T16:12:26.713] [DEBUG] net_none - ::1 - - "GET /123_coverImg_33499670-3abe-11eb-b66b-4100663eec6a.png HTTP/1.1" 404 192 "http://localhost:8080/" "Mozilla/5.0 (Windows NT 10.0; Win64; x64) AppleWebKit/537.36 (KHTML, like Gecko) Chrome/87.0.4280.88 Safari/537.36"
[2020-12-10T16:12:32.575] [DEBUG] net_none - ::1 - - "GET /project/get-all?account=123&keyword=&orderType=publish_date HTTP/1.1" 304 - "http://localhost:8080/" "Mozilla/5.0 (Windows NT 10.0; Win64; x64) AppleWebKit/537.36 (KHTML, like Gecko) Chrome/87.0.4280.88 Safari/537.36"
[2020-12-10T16:12:32.597] [DEBUG] net_none - ::1 - - "GET /123_coverImg_33499670-3abe-11eb-b66b-4100663eec6a.png HTTP/1.1" 404 192 "http://localhost:8080/" "Mozilla/5.0 (Windows NT 10.0; Win64; x64) AppleWebKit/537.36 (KHTML, like Gecko) Chrome/87.0.4280.88 Safari/537.36"
[2020-12-10T16:13:59.081] [DEBUG] net_none - ::1 - - "GET /project/get-all?account=123&keyword=8888888888888888&orderType=publish_date HTTP/1.1" 200 43 "http://localhost:8080/" "Mozilla/5.0 (Windows NT 10.0; Win64; x64) AppleWebKit/537.36 (KHTML, like Gecko) Chrome/87.0.4280.88 Safari/537.36"
[2020-12-10T16:16:46.576] [DEBUG] net_none - ::1 - - "POST /user/auth HTTP/1.1" 200 266 "http://localhost:8080/" "Mozilla/5.0 (Windows NT 10.0; Win64; x64) AppleWebKit/537.36 (KHTML, like Gecko) Chrome/87.0.4280.88 Safari/537.36"
[2020-12-10T16:16:47.204] [DEBUG] net_none - ::1 - - "GET /codeSegment/get HTTP/1.1" 200 217 "http://localhost:8080/" "Mozilla/5.0 (Windows NT 10.0; Win64; x64) AppleWebKit/537.36 (KHTML, like Gecko) Chrome/87.0.4280.88 Safari/537.36"
[2020-12-10T16:16:47.207] [DEBUG] net_none - ::1 - - "GET /project/get-all?account=123&keyword=&orderType=publish_date HTTP/1.1" 200 18954 "http://localhost:8080/" "Mozilla/5.0 (Windows NT 10.0; Win64; x64) AppleWebKit/537.36 (KHTML, like Gecko) Chrome/87.0.4280.88 Safari/537.36"
[2020-12-10T16:16:47.244] [DEBUG] net_none - ::1 - - "GET /123_coverImg_61779e80-259b-11eb-814c-4ddb105585f5.png HTTP/1.1" 200 1387439 "http://localhost:8080/" "Mozilla/5.0 (Windows NT 10.0; Win64; x64) AppleWebKit/537.36 (KHTML, like Gecko) Chrome/87.0.4280.88 Safari/537.36"
[2020-12-10T16:16:47.247] [DEBUG] net_none - ::1 - - "GET /123_coverImg_33499670-3abe-11eb-b66b-4100663eec6a.png HTTP/1.1" 404 192 "http://localhost:8080/" "Mozilla/5.0 (Windows NT 10.0; Win64; x64) AppleWebKit/537.36 (KHTML, like Gecko) Chrome/87.0.4280.88 Safari/537.36"
[2020-12-10T16:17:05.770] [DEBUG] net_none - ::1 - - "GET /project/get-all?account=123&keyword=1&orderType=publish_date HTTP/1.1" 304 - "http://localhost:8080/" "Mozilla/5.0 (Windows NT 10.0; Win64; x64) AppleWebKit/537.36 (KHTML, like Gecko) Chrome/87.0.4280.88 Safari/537.36"
[2020-12-10T16:17:06.844] [DEBUG] net_none - ::1 - - "GET /project/get-all?account=123&keyword=&orderType=publish_date HTTP/1.1" 304 - "http://localhost:8080/" "Mozilla/5.0 (Windows NT 10.0; Win64; x64) AppleWebKit/537.36 (KHTML, like Gecko) Chrome/87.0.4280.88 Safari/537.36"
[2020-12-10T16:17:06.860] [DEBUG] net_none - ::1 - - "GET /123_coverImg_33499670-3abe-11eb-b66b-4100663eec6a.png HTTP/1.1" 404 192 "http://localhost:8080/" "Mozilla/5.0 (Windows NT 10.0; Win64; x64) AppleWebKit/537.36 (KHTML, like Gecko) Chrome/87.0.4280.88 Safari/537.36"
[2020-12-10T16:17:07.301] [DEBUG] net_none - ::1 - - "GET /project/get-all?account=123&keyword=2&orderType=publish_date HTTP/1.1" 304 - "http://localhost:8080/" "Mozilla/5.0 (Windows NT 10.0; Win64; x64) AppleWebKit/537.36 (KHTML, like Gecko) Chrome/87.0.4280.88 Safari/537.36"
[2020-12-10T16:17:07.315] [DEBUG] net_none - ::1 - - "GET /123_coverImg_33499670-3abe-11eb-b66b-4100663eec6a.png HTTP/1.1" 404 192 "http://localhost:8080/" "Mozilla/5.0 (Windows NT 10.0; Win64; x64) AppleWebKit/537.36 (KHTML, like Gecko) Chrome/87.0.4280.88 Safari/537.36"
[2020-12-10T16:17:08.768] [DEBUG] net_none - ::1 - - "GET /project/get-all?account=123&keyword=&orderType=publish_date HTTP/1.1" 304 - "http://localhost:8080/" "Mozilla/5.0 (Windows NT 10.0; Win64; x64) AppleWebKit/537.36 (KHTML, like Gecko) Chrome/87.0.4280.88 Safari/537.36"
[2020-12-10T16:17:08.784] [DEBUG] net_none - ::1 - - "GET /123_coverImg_33499670-3abe-11eb-b66b-4100663eec6a.png HTTP/1.1" 404 192 "http://localhost:8080/" "Mozilla/5.0 (Windows NT 10.0; Win64; x64) AppleWebKit/537.36 (KHTML, like Gecko) Chrome/87.0.4280.88 Safari/537.36"
[2020-12-10T16:17:18.722] [DEBUG] net_none - ::1 - - "GET /123_coverImg_61779e80-259b-11eb-814c-4ddb105585f5.png HTTP/1.1" 304 - "" "Mozilla/5.0 (Windows NT 10.0; Win64; x64) AppleWebKit/537.36 (KHTML, like Gecko) Chrome/87.0.4280.88 Safari/537.36"
[2020-12-10T16:17:35.350] [DEBUG] net_none - ::1 - - "GET /project/get-all?account=123&keyword=1&orderType=publish_date HTTP/1.1" 304 - "http://localhost:8080/" "Mozilla/5.0 (Windows NT 10.0; Win64; x64) AppleWebKit/537.36 (KHTML, like Gecko) Chrome/87.0.4280.88 Safari/537.36"
[2020-12-10T16:17:36.494] [DEBUG] net_none - ::1 - - "GET /project/get-all?account=123&keyword=&orderType=publish_date HTTP/1.1" 304 - "http://localhost:8080/" "Mozilla/5.0 (Windows NT 10.0; Win64; x64) AppleWebKit/537.36 (KHTML, like Gecko) Chrome/87.0.4280.88 Safari/537.36"
[2020-12-10T16:17:36.510] [DEBUG] net_none - ::1 - - "GET /123_coverImg_33499670-3abe-11eb-b66b-4100663eec6a.png HTTP/1.1" 404 192 "http://localhost:8080/" "Mozilla/5.0 (Windows NT 10.0; Win64; x64) AppleWebKit/537.36 (KHTML, like Gecko) Chrome/87.0.4280.88 Safari/537.36"
[2020-12-10T16:17:36.640] [DEBUG] net_none - ::1 - - "GET /project/get-all?account=123&keyword=2&orderType=publish_date HTTP/1.1" 304 - "http://localhost:8080/" "Mozilla/5.0 (Windows NT 10.0; Win64; x64) AppleWebKit/537.36 (KHTML, like Gecko) Chrome/87.0.4280.88 Safari/537.36"
[2020-12-10T16:17:36.651] [DEBUG] net_none - ::1 - - "GET /123_coverImg_33499670-3abe-11eb-b66b-4100663eec6a.png HTTP/1.1" 404 192 "http://localhost:8080/" "Mozilla/5.0 (Windows NT 10.0; Win64; x64) AppleWebKit/537.36 (KHTML, like Gecko) Chrome/87.0.4280.88 Safari/537.36"
[2020-12-10T16:17:38.356] [DEBUG] net_none - ::1 - - "GET /project/get-all?account=123&keyword=&orderType=publish_date HTTP/1.1" 304 - "http://localhost:8080/" "Mozilla/5.0 (Windows NT 10.0; Win64; x64) AppleWebKit/537.36 (KHTML, like Gecko) Chrome/87.0.4280.88 Safari/537.36"
[2020-12-10T16:17:38.376] [DEBUG] net_none - ::1 - - "GET /123_coverImg_33499670-3abe-11eb-b66b-4100663eec6a.png HTTP/1.1" 404 192 "http://localhost:8080/" "Mozilla/5.0 (Windows NT 10.0; Win64; x64) AppleWebKit/537.36 (KHTML, like Gecko) Chrome/87.0.4280.88 Safari/537.36"
[2020-12-10T16:18:15.445] [DEBUG] net_none - ::1 - - "POST /user/auth HTTP/1.1" 200 266 "http://localhost:8080/" "Mozilla/5.0 (Windows NT 10.0; Win64; x64) AppleWebKit/537.36 (KHTML, like Gecko) Chrome/87.0.4280.88 Safari/537.36"
[2020-12-10T16:18:16.071] [DEBUG] net_none - ::1 - - "GET /codeSegment/get HTTP/1.1" 200 217 "http://localhost:8080/" "Mozilla/5.0 (Windows NT 10.0; Win64; x64) AppleWebKit/537.36 (KHTML, like Gecko) Chrome/87.0.4280.88 Safari/537.36"
[2020-12-10T16:18:16.073] [DEBUG] net_none - ::1 - - "GET /project/get-all?account=123&keyword=&orderType=publish_date HTTP/1.1" 200 18954 "http://localhost:8080/" "Mozilla/5.0 (Windows NT 10.0; Win64; x64) AppleWebKit/537.36 (KHTML, like Gecko) Chrome/87.0.4280.88 Safari/537.36"
[2020-12-10T16:18:16.099] [DEBUG] net_none - ::1 - - "GET /123_coverImg_61779e80-259b-11eb-814c-4ddb105585f5.png HTTP/1.1" 200 1387439 "http://localhost:8080/" "Mozilla/5.0 (Windows NT 10.0; Win64; x64) AppleWebKit/537.36 (KHTML, like Gecko) Chrome/87.0.4280.88 Safari/537.36"
[2020-12-10T16:18:16.106] [DEBUG] net_none - ::1 - - "GET /123_coverImg_33499670-3abe-11eb-b66b-4100663eec6a.png HTTP/1.1" 404 192 "http://localhost:8080/" "Mozilla/5.0 (Windows NT 10.0; Win64; x64) AppleWebKit/537.36 (KHTML, like Gecko) Chrome/87.0.4280.88 Safari/537.36"
[2020-12-10T16:18:18.991] [DEBUG] net_none - ::1 - - "GET /project/get-all?account=123&keyword=1&orderType=publish_date HTTP/1.1" 304 - "http://localhost:8080/" "Mozilla/5.0 (Windows NT 10.0; Win64; x64) AppleWebKit/537.36 (KHTML, like Gecko) Chrome/87.0.4280.88 Safari/537.36"
[2020-12-10T16:18:21.036] [DEBUG] net_none - ::1 - - "GET /project/get-all?account=123&keyword=&orderType=publish_date HTTP/1.1" 304 - "http://localhost:8080/" "Mozilla/5.0 (Windows NT 10.0; Win64; x64) AppleWebKit/537.36 (KHTML, like Gecko) Chrome/87.0.4280.88 Safari/537.36"
[2020-12-10T16:18:21.053] [DEBUG] net_none - ::1 - - "GET /123_coverImg_33499670-3abe-11eb-b66b-4100663eec6a.png HTTP/1.1" 404 192 "http://localhost:8080/" "Mozilla/5.0 (Windows NT 10.0; Win64; x64) AppleWebKit/537.36 (KHTML, like Gecko) Chrome/87.0.4280.88 Safari/537.36"
[2020-12-10T16:18:21.450] [DEBUG] net_none - ::1 - - "GET /project/get-all?account=123&keyword=2&orderType=publish_date HTTP/1.1" 304 - "http://localhost:8080/" "Mozilla/5.0 (Windows NT 10.0; Win64; x64) AppleWebKit/537.36 (KHTML, like Gecko) Chrome/87.0.4280.88 Safari/537.36"
[2020-12-10T16:18:21.463] [DEBUG] net_none - ::1 - - "GET /123_coverImg_33499670-3abe-11eb-b66b-4100663eec6a.png HTTP/1.1" 404 192 "http://localhost:8080/" "Mozilla/5.0 (Windows NT 10.0; Win64; x64) AppleWebKit/537.36 (KHTML, like Gecko) Chrome/87.0.4280.88 Safari/537.36"
[2020-12-10T16:18:22.365] [DEBUG] net_none - ::1 - - "GET /project/get-all?account=123&keyword=&orderType=publish_date HTTP/1.1" 304 - "http://localhost:8080/" "Mozilla/5.0 (Windows NT 10.0; Win64; x64) AppleWebKit/537.36 (KHTML, like Gecko) Chrome/87.0.4280.88 Safari/537.36"
[2020-12-10T16:18:22.377] [DEBUG] net_none - ::1 - - "GET /123_coverImg_33499670-3abe-11eb-b66b-4100663eec6a.png HTTP/1.1" 404 192 "http://localhost:8080/" "Mozilla/5.0 (Windows NT 10.0; Win64; x64) AppleWebKit/537.36 (KHTML, like Gecko) Chrome/87.0.4280.88 Safari/537.36"
[2020-12-10T16:18:22.634] [DEBUG] net_none - ::1 - - "GET /project/get-all?account=123&keyword=1&orderType=publish_date HTTP/1.1" 304 - "http://localhost:8080/" "Mozilla/5.0 (Windows NT 10.0; Win64; x64) AppleWebKit/537.36 (KHTML, like Gecko) Chrome/87.0.4280.88 Safari/537.36"
[2020-12-10T16:18:55.085] [DEBUG] net_none - ::1 - - "GET /project/get-all?account=123&keyword=&orderType=publish_date HTTP/1.1" 304 - "http://localhost:8080/" "Mozilla/5.0 (Windows NT 10.0; Win64; x64) AppleWebKit/537.36 (KHTML, like Gecko) Chrome/87.0.4280.88 Safari/537.36"
[2020-12-10T16:18:55.207] [DEBUG] net_none - ::1 - - "GET /123_coverImg_33499670-3abe-11eb-b66b-4100663eec6a.png HTTP/1.1" 404 192 "http://localhost:8080/" "Mozilla/5.0 (Windows NT 10.0; Win64; x64) AppleWebKit/537.36 (KHTML, like Gecko) Chrome/87.0.4280.88 Safari/537.36"
[2020-12-10T16:19:01.354] [DEBUG] net_none - ::1 - - "POST /user/auth HTTP/1.1" 200 266 "http://localhost:8080/" "Mozilla/5.0 (Windows NT 10.0; Win64; x64) AppleWebKit/537.36 (KHTML, like Gecko) Chrome/87.0.4280.88 Safari/537.36"
[2020-12-10T16:19:02.025] [DEBUG] net_none - ::1 - - "GET /codeSegment/get HTTP/1.1" 200 217 "http://localhost:8080/" "Mozilla/5.0 (Windows NT 10.0; Win64; x64) AppleWebKit/537.36 (KHTML, like Gecko) Chrome/87.0.4280.88 Safari/537.36"
[2020-12-10T16:19:02.028] [DEBUG] net_none - ::1 - - "GET /project/get-all?account=123&keyword=&orderType=publish_date HTTP/1.1" 200 18954 "http://localhost:8080/" "Mozilla/5.0 (Windows NT 10.0; Win64; x64) AppleWebKit/537.36 (KHTML, like Gecko) Chrome/87.0.4280.88 Safari/537.36"
[2020-12-10T16:19:02.048] [DEBUG] net_none - ::1 - - "GET /123_coverImg_61779e80-259b-11eb-814c-4ddb105585f5.png HTTP/1.1" 200 1387439 "http://localhost:8080/" "Mozilla/5.0 (Windows NT 10.0; Win64; x64) AppleWebKit/537.36 (KHTML, like Gecko) Chrome/87.0.4280.88 Safari/537.36"
[2020-12-10T16:19:02.056] [DEBUG] net_none - ::1 - - "GET /123_coverImg_33499670-3abe-11eb-b66b-4100663eec6a.png HTTP/1.1" 404 192 "http://localhost:8080/" "Mozilla/5.0 (Windows NT 10.0; Win64; x64) AppleWebKit/537.36 (KHTML, like Gecko) Chrome/87.0.4280.88 Safari/537.36"
[2020-12-10T16:19:04.161] [DEBUG] net_none - ::1 - - "GET /project/get-all?account=123&keyword=2&orderType=publish_date HTTP/1.1" 304 - "http://localhost:8080/" "Mozilla/5.0 (Windows NT 10.0; Win64; x64) AppleWebKit/537.36 (KHTML, like Gecko) Chrome/87.0.4280.88 Safari/537.36"
[2020-12-10T16:19:04.173] [DEBUG] net_none - ::1 - - "GET /123_coverImg_33499670-3abe-11eb-b66b-4100663eec6a.png HTTP/1.1" 404 192 "http://localhost:8080/" "Mozilla/5.0 (Windows NT 10.0; Win64; x64) AppleWebKit/537.36 (KHTML, like Gecko) Chrome/87.0.4280.88 Safari/537.36"
[2020-12-10T16:19:04.763] [DEBUG] net_none - ::1 - - "GET /project/get-all?account=123&keyword=&orderType=publish_date HTTP/1.1" 304 - "http://localhost:8080/" "Mozilla/5.0 (Windows NT 10.0; Win64; x64) AppleWebKit/537.36 (KHTML, like Gecko) Chrome/87.0.4280.88 Safari/537.36"
[2020-12-10T16:19:04.776] [DEBUG] net_none - ::1 - - "GET /123_coverImg_33499670-3abe-11eb-b66b-4100663eec6a.png HTTP/1.1" 404 192 "http://localhost:8080/" "Mozilla/5.0 (Windows NT 10.0; Win64; x64) AppleWebKit/537.36 (KHTML, like Gecko) Chrome/87.0.4280.88 Safari/537.36"
[2020-12-10T16:19:04.928] [DEBUG] net_none - ::1 - - "GET /project/get-all?account=123&keyword=1&orderType=publish_date HTTP/1.1" 304 - "http://localhost:8080/" "Mozilla/5.0 (Windows NT 10.0; Win64; x64) AppleWebKit/537.36 (KHTML, like Gecko) Chrome/87.0.4280.88 Safari/537.36"
[2020-12-10T16:19:05.744] [DEBUG] net_none - ::1 - - "GET /project/get-all?account=123&keyword=&orderType=publish_date HTTP/1.1" 304 - "http://localhost:8080/" "Mozilla/5.0 (Windows NT 10.0; Win64; x64) AppleWebKit/537.36 (KHTML, like Gecko) Chrome/87.0.4280.88 Safari/537.36"
[2020-12-10T16:19:05.755] [DEBUG] net_none - ::1 - - "GET /123_coverImg_33499670-3abe-11eb-b66b-4100663eec6a.png HTTP/1.1" 404 192 "http://localhost:8080/" "Mozilla/5.0 (Windows NT 10.0; Win64; x64) AppleWebKit/537.36 (KHTML, like Gecko) Chrome/87.0.4280.88 Safari/537.36"
[2020-12-10T16:19:05.916] [DEBUG] net_none - ::1 - - "GET /project/get-all?account=123&keyword=2&orderType=publish_date HTTP/1.1" 304 - "http://localhost:8080/" "Mozilla/5.0 (Windows NT 10.0; Win64; x64) AppleWebKit/537.36 (KHTML, like Gecko) Chrome/87.0.4280.88 Safari/537.36"
[2020-12-10T16:19:05.929] [DEBUG] net_none - ::1 - - "GET /123_coverImg_33499670-3abe-11eb-b66b-4100663eec6a.png HTTP/1.1" 404 192 "http://localhost:8080/" "Mozilla/5.0 (Windows NT 10.0; Win64; x64) AppleWebKit/537.36 (KHTML, like Gecko) Chrome/87.0.4280.88 Safari/537.36"
[2020-12-10T16:19:07.046] [DEBUG] net_none - ::1 - - "GET /project/get-all?account=123&keyword=&orderType=publish_date HTTP/1.1" 304 - "http://localhost:8080/" "Mozilla/5.0 (Windows NT 10.0; Win64; x64) AppleWebKit/537.36 (KHTML, like Gecko) Chrome/87.0.4280.88 Safari/537.36"
[2020-12-10T16:19:07.060] [DEBUG] net_none - ::1 - - "GET /123_coverImg_33499670-3abe-11eb-b66b-4100663eec6a.png HTTP/1.1" 404 192 "http://localhost:8080/" "Mozilla/5.0 (Windows NT 10.0; Win64; x64) AppleWebKit/537.36 (KHTML, like Gecko) Chrome/87.0.4280.88 Safari/537.36"
[2020-12-10T16:19:07.100] [DEBUG] net_none - ::1 - - "GET /project/get-all?account=123&keyword=1&orderType=publish_date HTTP/1.1" 304 - "http://localhost:8080/" "Mozilla/5.0 (Windows NT 10.0; Win64; x64) AppleWebKit/537.36 (KHTML, like Gecko) Chrome/87.0.4280.88 Safari/537.36"
[2020-12-10T16:19:50.784] [DEBUG] net_none - ::1 - - "GET /project/get-all?account=123&keyword=&orderType=publish_date HTTP/1.1" 304 - "http://localhost:8080/" "Mozilla/5.0 (Windows NT 10.0; Win64; x64) AppleWebKit/537.36 (KHTML, like Gecko) Chrome/87.0.4280.88 Safari/537.36"
[2020-12-10T16:19:50.796] [DEBUG] net_none - ::1 - - "GET /123_coverImg_33499670-3abe-11eb-b66b-4100663eec6a.png HTTP/1.1" 404 192 "http://localhost:8080/" "Mozilla/5.0 (Windows NT 10.0; Win64; x64) AppleWebKit/537.36 (KHTML, like Gecko) Chrome/87.0.4280.88 Safari/537.36"
[2020-12-10T16:20:18.826] [DEBUG] net_none - ::1 - - "POST /user/auth HTTP/1.1" 200 266 "http://localhost:8080/" "Mozilla/5.0 (Windows NT 10.0; Win64; x64) AppleWebKit/537.36 (KHTML, like Gecko) Chrome/87.0.4280.88 Safari/537.36"
[2020-12-10T16:20:19.466] [DEBUG] net_none - ::1 - - "GET /codeSegment/get HTTP/1.1" 200 217 "http://localhost:8080/" "Mozilla/5.0 (Windows NT 10.0; Win64; x64) AppleWebKit/537.36 (KHTML, like Gecko) Chrome/87.0.4280.88 Safari/537.36"
[2020-12-10T16:20:19.470] [DEBUG] net_none - ::1 - - "GET /project/get-all?account=123&keyword=&orderType=publish_date HTTP/1.1" 200 18954 "http://localhost:8080/" "Mozilla/5.0 (Windows NT 10.0; Win64; x64) AppleWebKit/537.36 (KHTML, like Gecko) Chrome/87.0.4280.88 Safari/537.36"
[2020-12-10T16:20:19.515] [DEBUG] net_none - ::1 - - "GET /123_coverImg_61779e80-259b-11eb-814c-4ddb105585f5.png HTTP/1.1" 200 1387439 "http://localhost:8080/" "Mozilla/5.0 (Windows NT 10.0; Win64; x64) AppleWebKit/537.36 (KHTML, like Gecko) Chrome/87.0.4280.88 Safari/537.36"
[2020-12-10T16:20:19.519] [DEBUG] net_none - ::1 - - "GET /123_coverImg_33499670-3abe-11eb-b66b-4100663eec6a.png HTTP/1.1" 404 192 "http://localhost:8080/" "Mozilla/5.0 (Windows NT 10.0; Win64; x64) AppleWebKit/537.36 (KHTML, like Gecko) Chrome/87.0.4280.88 Safari/537.36"
[2020-12-10T16:20:35.718] [DEBUG] net_none - ::1 - - "GET /project/get-all?account=123&keyword=&orderType=publish_date HTTP/1.1" 304 - "http://localhost:8080/" "Mozilla/5.0 (Windows NT 10.0; Win64; x64) AppleWebKit/537.36 (KHTML, like Gecko) Chrome/87.0.4280.88 Safari/537.36"
[2020-12-10T16:20:35.848] [DEBUG] net_none - ::1 - - "GET /123_coverImg_33499670-3abe-11eb-b66b-4100663eec6a.png HTTP/1.1" 404 192 "http://localhost:8080/" "Mozilla/5.0 (Windows NT 10.0; Win64; x64) AppleWebKit/537.36 (KHTML, like Gecko) Chrome/87.0.4280.88 Safari/537.36"
[2020-12-10T16:28:35.998] [DEBUG] net_none - ::1 - - "POST /user/auth HTTP/1.1" 200 266 "http://localhost:8080/" "Mozilla/5.0 (Windows NT 10.0; Win64; x64) AppleWebKit/537.36 (KHTML, like Gecko) Chrome/87.0.4280.88 Safari/537.36"
[2020-12-10T16:28:36.613] [DEBUG] net_none - ::1 - - "GET /codeSegment/get HTTP/1.1" 304 - "http://localhost:8080/" "Mozilla/5.0 (Windows NT 10.0; Win64; x64) AppleWebKit/537.36 (KHTML, like Gecko) Chrome/87.0.4280.88 Safari/537.36"
[2020-12-10T16:28:36.623] [DEBUG] net_none - ::1 - - "GET /project/get-all?account=123&keyword=&orderType=publish_date HTTP/1.1" 304 - "http://localhost:8080/" "Mozilla/5.0 (Windows NT 10.0; Win64; x64) AppleWebKit/537.36 (KHTML, like Gecko) Chrome/87.0.4280.88 Safari/537.36"
[2020-12-10T16:28:36.667] [DEBUG] net_none - ::1 - - "GET /123_coverImg_33499670-3abe-11eb-b66b-4100663eec6a.png HTTP/1.1" 404 192 "http://localhost:8080/" "Mozilla/5.0 (Windows NT 10.0; Win64; x64) AppleWebKit/537.36 (KHTML, like Gecko) Chrome/87.0.4280.88 Safari/537.36"
[2020-12-10T16:28:36.667] [DEBUG] net_none - ::1 - - "GET /123_coverImg_61779e80-259b-11eb-814c-4ddb105585f5.png HTTP/1.1" 304 - "http://localhost:8080/" "Mozilla/5.0 (Windows NT 10.0; Win64; x64) AppleWebKit/537.36 (KHTML, like Gecko) Chrome/87.0.4280.88 Safari/537.36"
[2020-12-10T16:31:22.082] [DEBUG] net_none - ::1 - - "POST /user/auth HTTP/1.1" 200 266 "http://localhost:8080/" "Mozilla/5.0 (Windows NT 10.0; Win64; x64) AppleWebKit/537.36 (KHTML, like Gecko) Chrome/87.0.4280.88 Safari/537.36"
[2020-12-10T16:45:06.257] [DEBUG] net_none - ::1 - - "POST /user/auth HTTP/1.1" 200 266 "http://localhost:8080/" "Mozilla/5.0 (Windows NT 10.0; Win64; x64) AppleWebKit/537.36 (KHTML, like Gecko) Chrome/87.0.4280.88 Safari/537.36"
[2020-12-10T16:56:27.255] [DEBUG] net_none - ::1 - - "POST /user/auth HTTP/1.1" 200 266 "http://localhost:8080/" "Mozilla/5.0 (Windows NT 10.0; Win64; x64) AppleWebKit/537.36 (KHTML, like Gecko) Chrome/87.0.4280.88 Safari/537.36"
[2020-12-10T17:40:13.873] [DEBUG] net_none - ::1 - - "GET /codeSegment/get HTTP/1.1" 304 - "http://localhost:8080/" "Mozilla/5.0 (Windows NT 10.0; Win64; x64) AppleWebKit/537.36 (KHTML, like Gecko) Chrome/87.0.4280.88 Safari/537.36"
[2020-12-10T17:40:13.876] [DEBUG] net_none - ::1 - - "GET /project/get-all?account=123&keyword=&orderType=publish_date HTTP/1.1" 304 - "http://localhost:8080/" "Mozilla/5.0 (Windows NT 10.0; Win64; x64) AppleWebKit/537.36 (KHTML, like Gecko) Chrome/87.0.4280.88 Safari/537.36"
[2020-12-10T17:40:13.954] [DEBUG] net_none - ::1 - - "GET /123_coverImg_61779e80-259b-11eb-814c-4ddb105585f5.png HTTP/1.1" 304 - "http://localhost:8080/" "Mozilla/5.0 (Windows NT 10.0; Win64; x64) AppleWebKit/537.36 (KHTML, like Gecko) Chrome/87.0.4280.88 Safari/537.36"
[2020-12-10T17:40:13.955] [DEBUG] net_none - ::1 - - "GET /123_coverImg_33499670-3abe-11eb-b66b-4100663eec6a.png HTTP/1.1" 404 192 "http://localhost:8080/" "Mozilla/5.0 (Windows NT 10.0; Win64; x64) AppleWebKit/537.36 (KHTML, like Gecko) Chrome/87.0.4280.88 Safari/537.36"
[2020-12-10T17:45:01.005] [DEBUG] net_none - ::1 - - "GET /codeSegment/get HTTP/1.1" 304 - "http://localhost:8080/" "Mozilla/5.0 (Windows NT 10.0; Win64; x64) AppleWebKit/537.36 (KHTML, like Gecko) Chrome/87.0.4280.88 Safari/537.36"
[2020-12-10T17:45:01.007] [DEBUG] net_none - ::1 - - "GET /project/get-all?account=123&keyword=&orderType=publish_date HTTP/1.1" 304 - "http://localhost:8080/" "Mozilla/5.0 (Windows NT 10.0; Win64; x64) AppleWebKit/537.36 (KHTML, like Gecko) Chrome/87.0.4280.88 Safari/537.36"
[2020-12-10T17:45:01.058] [DEBUG] net_none - ::1 - - "GET /123_coverImg_33499670-3abe-11eb-b66b-4100663eec6a.png HTTP/1.1" 404 192 "http://localhost:8080/" "Mozilla/5.0 (Windows NT 10.0; Win64; x64) AppleWebKit/537.36 (KHTML, like Gecko) Chrome/87.0.4280.88 Safari/537.36"
[2020-12-10T18:04:28.186] [DEBUG] net_none - ::1 - - "POST /user/auth HTTP/1.1" 200 266 "http://localhost:8080/" "Mozilla/5.0 (Windows NT 10.0; Win64; x64) AppleWebKit/537.36 (KHTML, like Gecko) Chrome/87.0.4280.88 Safari/537.36"
[2020-12-10T18:04:28.273] [DEBUG] net_none - ::1 - - "GET /codeSegment/get HTTP/1.1" 304 - "http://localhost:8080/" "Mozilla/5.0 (Windows NT 10.0; Win64; x64) AppleWebKit/537.36 (KHTML, like Gecko) Chrome/87.0.4280.88 Safari/537.36"
[2020-12-10T18:04:28.275] [DEBUG] net_none - ::1 - - "GET /project/get-all?account=123&keyword=&orderType=publish_date HTTP/1.1" 304 - "http://localhost:8080/" "Mozilla/5.0 (Windows NT 10.0; Win64; x64) AppleWebKit/537.36 (KHTML, like Gecko) Chrome/87.0.4280.88 Safari/537.36"
[2020-12-10T18:04:28.308] [DEBUG] net_none - ::1 - - "GET /123_coverImg_61779e80-259b-11eb-814c-4ddb105585f5.png HTTP/1.1" 304 - "http://localhost:8080/" "Mozilla/5.0 (Windows NT 10.0; Win64; x64) AppleWebKit/537.36 (KHTML, like Gecko) Chrome/87.0.4280.88 Safari/537.36"
[2020-12-10T18:04:28.309] [DEBUG] net_none - ::1 - - "GET /123_coverImg_33499670-3abe-11eb-b66b-4100663eec6a.png HTTP/1.1" 404 192 "http://localhost:8080/" "Mozilla/5.0 (Windows NT 10.0; Win64; x64) AppleWebKit/537.36 (KHTML, like Gecko) Chrome/87.0.4280.88 Safari/537.36"
[2020-12-10T18:46:35.954] [DEBUG] net_none - ::1 - - "GET /project/get-all?account=123&keyword=&orderType=publish_date HTTP/1.1" 304 - "http://localhost:8080/" "Mozilla/5.0 (Windows NT 10.0; Win64; x64) AppleWebKit/537.36 (KHTML, like Gecko) Chrome/87.0.4280.88 Safari/537.36"
[2020-12-10T18:46:35.983] [DEBUG] net_none - ::1 - - "GET /123_coverImg_33499670-3abe-11eb-b66b-4100663eec6a.png HTTP/1.1" 404 192 "http://localhost:8080/" "Mozilla/5.0 (Windows NT 10.0; Win64; x64) AppleWebKit/537.36 (KHTML, like Gecko) Chrome/87.0.4280.88 Safari/537.36"
[2020-12-10T18:52:07.823] [DEBUG] net_none - ::1 - - "GET /project/get-all?account=123&keyword=&orderType=publish_date HTTP/1.1" 304 - "http://localhost:8080/" "Mozilla/5.0 (Windows NT 10.0; Win64; x64) AppleWebKit/537.36 (KHTML, like Gecko) Chrome/87.0.4280.88 Safari/537.36"
[2020-12-10T18:52:07.851] [DEBUG] net_none - ::1 - - "GET /123_coverImg_33499670-3abe-11eb-b66b-4100663eec6a.png HTTP/1.1" 404 192 "http://localhost:8080/" "Mozilla/5.0 (Windows NT 10.0; Win64; x64) AppleWebKit/537.36 (KHTML, like Gecko) Chrome/87.0.4280.88 Safari/537.36"
[2020-12-10T18:56:29.877] [DEBUG] net_none - ::1 - - "GET /project/get-all?account=123&keyword=&orderType=publish_date HTTP/1.1" 304 - "http://localhost:8080/" "Mozilla/5.0 (Windows NT 10.0; Win64; x64) AppleWebKit/537.36 (KHTML, like Gecko) Chrome/87.0.4280.88 Safari/537.36"
[2020-12-10T18:56:29.895] [DEBUG] net_none - ::1 - - "GET /123_coverImg_33499670-3abe-11eb-b66b-4100663eec6a.png HTTP/1.1" 404 192 "http://localhost:8080/" "Mozilla/5.0 (Windows NT 10.0; Win64; x64) AppleWebKit/537.36 (KHTML, like Gecko) Chrome/87.0.4280.88 Safari/537.36"
[2020-12-10T18:56:37.125] [DEBUG] net_none - ::1 - - "GET /project/get-all?account=123&keyword=&orderType=publish_date HTTP/1.1" 304 - "http://localhost:8080/" "Mozilla/5.0 (Windows NT 10.0; Win64; x64) AppleWebKit/537.36 (KHTML, like Gecko) Chrome/87.0.4280.88 Safari/537.36"
[2020-12-10T18:56:37.145] [DEBUG] net_none - ::1 - - "GET /123_coverImg_33499670-3abe-11eb-b66b-4100663eec6a.png HTTP/1.1" 404 192 "http://localhost:8080/" "Mozilla/5.0 (Windows NT 10.0; Win64; x64) AppleWebKit/537.36 (KHTML, like Gecko) Chrome/87.0.4280.88 Safari/537.36"
[2020-12-10T18:56:44.762] [DEBUG] net_none - ::1 - - "GET /project/get-all?account=123&keyword=&orderType=publish_date HTTP/1.1" 304 - "http://localhost:8080/" "Mozilla/5.0 (Windows NT 10.0; Win64; x64) AppleWebKit/537.36 (KHTML, like Gecko) Chrome/87.0.4280.88 Safari/537.36"
[2020-12-10T18:56:44.780] [DEBUG] net_none - ::1 - - "GET /123_coverImg_33499670-3abe-11eb-b66b-4100663eec6a.png HTTP/1.1" 404 192 "http://localhost:8080/" "Mozilla/5.0 (Windows NT 10.0; Win64; x64) AppleWebKit/537.36 (KHTML, like Gecko) Chrome/87.0.4280.88 Safari/537.36"
