[2020-11-30T10:53:08.847] [DEBUG] net_none - ::1 - - "POST /user/auth HTTP/1.1" 200 266 "http://localhost:8080/" "Mozilla/5.0 (Windows NT 10.0; Win64; x64) AppleWebKit/537.36 (KHTML, like Gecko) Chrome/87.0.4280.66 Safari/537.36"
[2020-11-30T10:53:15.169] [DEBUG] net_none - ::1 - - "POST /user/login HTTP/1.1" 200 266 "http://localhost:8080/" "Mozilla/5.0 (Windows NT 10.0; Win64; x64) AppleWebKit/537.36 (KHTML, like Gecko) Chrome/87.0.4280.66 Safari/537.36"
[2020-11-30T10:53:16.353] [DEBUG] net_none - ::1 - - "GET /codeSegment/get HTTP/1.1" 200 217 "http://localhost:8080/" "Mozilla/5.0 (Windows NT 10.0; Win64; x64) AppleWebKit/537.36 (KHTML, like Gecko) Chrome/87.0.4280.66 Safari/537.36"
[2020-11-30T10:53:16.361] [DEBUG] net_none - ::1 - - "GET /project/get-all?account=123 HTTP/1.1" 200 3382 "http://localhost:8080/" "Mozilla/5.0 (Windows NT 10.0; Win64; x64) AppleWebKit/537.36 (KHTML, like Gecko) Chrome/87.0.4280.66 Safari/537.36"
[2020-11-30T11:14:48.964] [DEBUG] net_none - ::1 - - "POST /user/auth HTTP/1.1" 200 266 "http://localhost:8080/" "Mozilla/5.0 (Windows NT 10.0; Win64; x64) AppleWebKit/537.36 (KHTML, like Gecko) Chrome/87.0.4280.66 Safari/537.36"
[2020-11-30T11:14:50.846] [DEBUG] net_none - ::1 - - "GET /codeSegment/get HTTP/1.1" 200 217 "http://localhost:8080/" "Mozilla/5.0 (Windows NT 10.0; Win64; x64) AppleWebKit/537.36 (KHTML, like Gecko) Chrome/87.0.4280.66 Safari/537.36"
[2020-11-30T11:14:50.855] [DEBUG] net_none - ::1 - - "GET /project/get-all?account=123 HTTP/1.1" 200 3382 "http://localhost:8080/" "Mozilla/5.0 (Windows NT 10.0; Win64; x64) AppleWebKit/537.36 (KHTML, like Gecko) Chrome/87.0.4280.66 Safari/537.36"
[2020-11-30T11:26:20.149] [DEBUG] net_none - ::1 - - "POST /user/auth HTTP/1.1" 200 266 "http://localhost:8080/" "Mozilla/5.0 (Windows NT 10.0; Win64; x64) AppleWebKit/537.36 (KHTML, like Gecko) Chrome/87.0.4280.66 Safari/537.36"
[2020-11-30T11:26:21.988] [DEBUG] net_none - ::1 - - "GET /codeSegment/get HTTP/1.1" 200 217 "http://localhost:8080/" "Mozilla/5.0 (Windows NT 10.0; Win64; x64) AppleWebKit/537.36 (KHTML, like Gecko) Chrome/87.0.4280.66 Safari/537.36"
[2020-11-30T11:26:21.994] [DEBUG] net_none - ::1 - - "GET /project/get-all?account=123 HTTP/1.1" 200 3382 "http://localhost:8080/" "Mozilla/5.0 (Windows NT 10.0; Win64; x64) AppleWebKit/537.36 (KHTML, like Gecko) Chrome/87.0.4280.66 Safari/537.36"
[2020-11-30T11:45:39.382] [DEBUG] net_none - ::1 - - "POST /user/auth HTTP/1.1" 200 266 "http://localhost:8080/" "Mozilla/5.0 (Windows NT 10.0; Win64; x64) AppleWebKit/537.36 (KHTML, like Gecko) Chrome/87.0.4280.66 Safari/537.36"
[2020-11-30T11:45:41.345] [DEBUG] net_none - ::1 - - "GET /codeSegment/get HTTP/1.1" 200 217 "http://localhost:8080/" "Mozilla/5.0 (Windows NT 10.0; Win64; x64) AppleWebKit/537.36 (KHTML, like Gecko) Chrome/87.0.4280.66 Safari/537.36"
[2020-11-30T11:45:41.352] [DEBUG] net_none - ::1 - - "GET /project/get-all?account=123 HTTP/1.1" 200 3382 "http://localhost:8080/" "Mozilla/5.0 (Windows NT 10.0; Win64; x64) AppleWebKit/537.36 (KHTML, like Gecko) Chrome/87.0.4280.66 Safari/537.36"
[2020-11-30T11:49:11.837] [DEBUG] net_none - ::1 - - "POST /user/auth HTTP/1.1" 200 266 "http://localhost:8080/" "Mozilla/5.0 (Windows NT 10.0; Win64; x64) AppleWebKit/537.36 (KHTML, like Gecko) Chrome/87.0.4280.66 Safari/537.36"
[2020-11-30T11:49:13.722] [DEBUG] net_none - ::1 - - "GET /codeSegment/get HTTP/1.1" 304 - "http://localhost:8080/" "Mozilla/5.0 (Windows NT 10.0; Win64; x64) AppleWebKit/537.36 (KHTML, like Gecko) Chrome/87.0.4280.66 Safari/537.36"
[2020-11-30T11:49:13.729] [DEBUG] net_none - ::1 - - "GET /project/get-all?account=123 HTTP/1.1" 304 - "http://localhost:8080/" "Mozilla/5.0 (Windows NT 10.0; Win64; x64) AppleWebKit/537.36 (KHTML, like Gecko) Chrome/87.0.4280.66 Safari/537.36"
[2020-11-30T13:49:40.881] [DEBUG] net_none - ::1 - - "POST /user/auth HTTP/1.1" 200 266 "http://localhost:8080/" "Mozilla/5.0 (Windows NT 10.0; Win64; x64) AppleWebKit/537.36 (KHTML, like Gecko) Chrome/87.0.4280.66 Safari/537.36"
[2020-11-30T13:49:42.859] [DEBUG] net_none - ::1 - - "GET /codeSegment/get HTTP/1.1" 304 - "http://localhost:8080/" "Mozilla/5.0 (Windows NT 10.0; Win64; x64) AppleWebKit/537.36 (KHTML, like Gecko) Chrome/87.0.4280.66 Safari/537.36"
[2020-11-30T13:49:42.866] [DEBUG] net_none - ::1 - - "GET /project/get-all?account=123 HTTP/1.1" 304 - "http://localhost:8080/" "Mozilla/5.0 (Windows NT 10.0; Win64; x64) AppleWebKit/537.36 (KHTML, like Gecko) Chrome/87.0.4280.66 Safari/537.36"
[2020-11-30T13:52:25.423] [DEBUG] net_none - ::1 - - "POST /file/coverImg HTTP/1.1" 200 107 "http://localhost:8080/" "Mozilla/5.0 (Windows NT 10.0; Win64; x64) AppleWebKit/537.36 (KHTML, like Gecko) Chrome/87.0.4280.66 Safari/537.36"
[2020-11-30T13:54:07.496] [DEBUG] net_none - ::1 - - "GET /codeSegment/get HTTP/1.1" 304 - "http://localhost:8080/" "Mozilla/5.0 (Windows NT 10.0; Win64; x64) AppleWebKit/537.36 (KHTML, like Gecko) Chrome/87.0.4280.66 Safari/537.36"
[2020-11-30T13:54:07.503] [DEBUG] net_none - ::1 - - "GET /project/get-all?account=123 HTTP/1.1" 304 - "http://localhost:8080/" "Mozilla/5.0 (Windows NT 10.0; Win64; x64) AppleWebKit/537.36 (KHTML, like Gecko) Chrome/87.0.4280.66 Safari/537.36"
[2020-11-30T14:02:06.318] [DEBUG] net_none - ::1 - - "POST /file/coverImg HTTP/1.1" 200 107 "http://localhost:8080/" "Mozilla/5.0 (Windows NT 10.0; Win64; x64) AppleWebKit/537.36 (KHTML, like Gecko) Chrome/87.0.4280.66 Safari/537.36"
[2020-11-30T14:04:28.505] [DEBUG] net_none - ::1 - - "POST /file/coverImg HTTP/1.1" 200 107 "http://localhost:8080/" "Mozilla/5.0 (Windows NT 10.0; Win64; x64) AppleWebKit/537.36 (KHTML, like Gecko) Chrome/87.0.4280.66 Safari/537.36"
[2020-11-30T14:04:43.027] [DEBUG] net_none - ::1 - - "POST /file/coverImg HTTP/1.1" 200 107 "http://localhost:8080/" "Mozilla/5.0 (Windows NT 10.0; Win64; x64) AppleWebKit/537.36 (KHTML, like Gecko) Chrome/87.0.4280.66 Safari/537.36"
[2020-11-30T14:11:14.989] [DEBUG] net_none - ::1 - - "GET /codeSegment/get HTTP/1.1" 304 - "http://localhost:8080/" "Mozilla/5.0 (Windows NT 10.0; Win64; x64) AppleWebKit/537.36 (KHTML, like Gecko) Chrome/87.0.4280.66 Safari/537.36"
[2020-11-30T14:11:14.991] [DEBUG] net_none - ::1 - - "GET /project/get-all?account=123 HTTP/1.1" 304 - "http://localhost:8080/" "Mozilla/5.0 (Windows NT 10.0; Win64; x64) AppleWebKit/537.36 (KHTML, like Gecko) Chrome/87.0.4280.66 Safari/537.36"
[2020-11-30T14:12:12.653] [DEBUG] net_none - ::1 - - "GET /project/get-all?account=123 HTTP/1.1" 304 - "http://localhost:8080/" "Mozilla/5.0 (Windows NT 10.0; Win64; x64) AppleWebKit/537.36 (KHTML, like Gecko) Chrome/87.0.4280.66 Safari/537.36"
[2020-11-30T14:12:36.749] [DEBUG] net_none - ::1 - - "GET /project/get-all?account=123 HTTP/1.1" 304 - "http://localhost:8080/" "Mozilla/5.0 (Windows NT 10.0; Win64; x64) AppleWebKit/537.36 (KHTML, like Gecko) Chrome/87.0.4280.66 Safari/537.36"
[2020-11-30T14:14:00.085] [DEBUG] net_none - ::1 - - "GET /project/get-all?account=123 HTTP/1.1" 304 - "http://localhost:8080/" "Mozilla/5.0 (Windows NT 10.0; Win64; x64) AppleWebKit/537.36 (KHTML, like Gecko) Chrome/87.0.4280.66 Safari/537.36"
[2020-11-30T14:14:00.155] [DEBUG] net_none - ::1 - - "GET /123_coverImg_61779e80-259b-11eb-814c-4ddb105585f5.png HTTP/1.1" 200 3896 "http://localhost:8080/" "Mozilla/5.0 (Windows NT 10.0; Win64; x64) AppleWebKit/537.36 (KHTML, like Gecko) Chrome/87.0.4280.66 Safari/537.36"
[2020-11-30T14:14:31.691] [DEBUG] net_none - ::1 - - "POST /file/coverImg HTTP/1.1" 200 107 "http://localhost:8080/" "Mozilla/5.0 (Windows NT 10.0; Win64; x64) AppleWebKit/537.36 (KHTML, like Gecko) Chrome/87.0.4280.66 Safari/537.36"
[2020-11-30T14:14:37.965] [DEBUG] net_none - ::1 - - "GET /codeSegment/get HTTP/1.1" 304 - "http://localhost:8080/" "Mozilla/5.0 (Windows NT 10.0; Win64; x64) AppleWebKit/537.36 (KHTML, like Gecko) Chrome/87.0.4280.66 Safari/537.36"
[2020-11-30T14:14:37.967] [DEBUG] net_none - ::1 - - "GET /project/get-all?account=123 HTTP/1.1" 304 - "http://localhost:8080/" "Mozilla/5.0 (Windows NT 10.0; Win64; x64) AppleWebKit/537.36 (KHTML, like Gecko) Chrome/87.0.4280.66 Safari/537.36"
[2020-11-30T14:14:38.015] [DEBUG] net_none - ::1 - - "GET /123_coverImg_61779e80-259b-11eb-814c-4ddb105585f5.png HTTP/1.1" 200 27016 "http://localhost:8080/" "Mozilla/5.0 (Windows NT 10.0; Win64; x64) AppleWebKit/537.36 (KHTML, like Gecko) Chrome/87.0.4280.66 Safari/537.36"
[2020-11-30T14:16:47.237] [DEBUG] net_none - ::1 - - "GET /project/get-all?account=123 HTTP/1.1" 304 - "http://localhost:8080/" "Mozilla/5.0 (Windows NT 10.0; Win64; x64) AppleWebKit/537.36 (KHTML, like Gecko) Chrome/87.0.4280.66 Safari/537.36"
[2020-11-30T14:16:49.904] [DEBUG] net_none - ::1 - - "GET /project/get-all?account=123 HTTP/1.1" 304 - "http://localhost:8080/" "Mozilla/5.0 (Windows NT 10.0; Win64; x64) AppleWebKit/537.36 (KHTML, like Gecko) Chrome/87.0.4280.66 Safari/537.36"
[2020-11-30T14:17:05.980] [DEBUG] net_none - ::1 - - "POST /user/auth HTTP/1.1" 200 266 "http://localhost:8080/" "Mozilla/5.0 (Windows NT 10.0; Win64; x64) AppleWebKit/537.36 (KHTML, like Gecko) Chrome/87.0.4280.66 Safari/537.36"
[2020-11-30T14:17:06.598] [DEBUG] net_none - ::1 - - "GET /codeSegment/get HTTP/1.1" 200 217 "http://localhost:8080/" "Mozilla/5.0 (Windows NT 10.0; Win64; x64) AppleWebKit/537.36 (KHTML, like Gecko) Chrome/87.0.4280.66 Safari/537.36"
[2020-11-30T14:17:06.600] [DEBUG] net_none - ::1 - - "GET /project/get-all?account=123 HTTP/1.1" 200 3382 "http://localhost:8080/" "Mozilla/5.0 (Windows NT 10.0; Win64; x64) AppleWebKit/537.36 (KHTML, like Gecko) Chrome/87.0.4280.66 Safari/537.36"
[2020-11-30T14:17:06.627] [DEBUG] net_none - ::1 - - "GET /123_coverImg_61779e80-259b-11eb-814c-4ddb105585f5.png HTTP/1.1" 404 192 "http://localhost:8080/" "Mozilla/5.0 (Windows NT 10.0; Win64; x64) AppleWebKit/537.36 (KHTML, like Gecko) Chrome/87.0.4280.66 Safari/537.36"
[2020-11-30T14:18:30.717] [DEBUG] net_none - ::1 - - "GET /project/get-all?account=123 HTTP/1.1" 304 - "http://localhost:8080/" "Mozilla/5.0 (Windows NT 10.0; Win64; x64) AppleWebKit/537.36 (KHTML, like Gecko) Chrome/87.0.4280.66 Safari/537.36"
[2020-11-30T14:18:30.851] [DEBUG] net_none - ::1 - - "GET /123_coverImg_61779e80-259b-11eb-814c-4ddb105585f5.png HTTP/1.1" 404 192 "http://localhost:8080/" "Mozilla/5.0 (Windows NT 10.0; Win64; x64) AppleWebKit/537.36 (KHTML, like Gecko) Chrome/87.0.4280.66 Safari/537.36"
[2020-11-30T14:18:55.421] [DEBUG] net_none - ::1 - - "POST /user/auth HTTP/1.1" 200 266 "http://localhost:8080/" "Mozilla/5.0 (Windows NT 10.0; Win64; x64) AppleWebKit/537.36 (KHTML, like Gecko) Chrome/87.0.4280.66 Safari/537.36"
[2020-11-30T14:18:56.060] [DEBUG] net_none - ::1 - - "GET /codeSegment/get HTTP/1.1" 200 217 "http://localhost:8080/" "Mozilla/5.0 (Windows NT 10.0; Win64; x64) AppleWebKit/537.36 (KHTML, like Gecko) Chrome/87.0.4280.66 Safari/537.36"
[2020-11-30T14:18:56.062] [DEBUG] net_none - ::1 - - "GET /project/get-all?account=123 HTTP/1.1" 200 3382 "http://localhost:8080/" "Mozilla/5.0 (Windows NT 10.0; Win64; x64) AppleWebKit/537.36 (KHTML, like Gecko) Chrome/87.0.4280.66 Safari/537.36"
[2020-11-30T14:18:56.094] [DEBUG] net_none - ::1 - - "GET /123_coverImg_61779e80-259b-11eb-814c-4ddb105585f5.png HTTP/1.1" 404 192 "http://localhost:8080/" "Mozilla/5.0 (Windows NT 10.0; Win64; x64) AppleWebKit/537.36 (KHTML, like Gecko) Chrome/87.0.4280.66 Safari/537.36"
[2020-11-30T14:19:08.836] [DEBUG] net_none - ::1 - - "POST /file/coverImg HTTP/1.1" 200 107 "http://localhost:8080/" "Mozilla/5.0 (Windows NT 10.0; Win64; x64) AppleWebKit/537.36 (KHTML, like Gecko) Chrome/87.0.4280.66 Safari/537.36"
[2020-11-30T14:19:19.857] [DEBUG] net_none - ::1 - - "GET /codeSegment/get HTTP/1.1" 304 - "http://localhost:8080/" "Mozilla/5.0 (Windows NT 10.0; Win64; x64) AppleWebKit/537.36 (KHTML, like Gecko) Chrome/87.0.4280.66 Safari/537.36"
[2020-11-30T14:19:19.859] [DEBUG] net_none - ::1 - - "GET /project/get-all?account=123 HTTP/1.1" 304 - "http://localhost:8080/" "Mozilla/5.0 (Windows NT 10.0; Win64; x64) AppleWebKit/537.36 (KHTML, like Gecko) Chrome/87.0.4280.66 Safari/537.36"
[2020-11-30T14:19:19.909] [DEBUG] net_none - ::1 - - "GET /123_coverImg_61779e80-259b-11eb-814c-4ddb105585f5.png HTTP/1.1" 200 27016 "http://localhost:8080/" "Mozilla/5.0 (Windows NT 10.0; Win64; x64) AppleWebKit/537.36 (KHTML, like Gecko) Chrome/87.0.4280.66 Safari/537.36"
[2020-11-30T14:21:32.535] [DEBUG] net_none - ::1 - - "POST /file/coverImg HTTP/1.1" 200 107 "http://localhost:8080/" "Mozilla/5.0 (Windows NT 10.0; Win64; x64) AppleWebKit/537.36 (KHTML, like Gecko) Chrome/87.0.4280.66 Safari/537.36"
[2020-11-30T14:21:45.709] [DEBUG] net_none - ::1 - - "POST /file/coverImg HTTP/1.1" 200 107 "http://localhost:8080/" "Mozilla/5.0 (Windows NT 10.0; Win64; x64) AppleWebKit/537.36 (KHTML, like Gecko) Chrome/87.0.4280.66 Safari/537.36"
[2020-11-30T14:21:56.275] [DEBUG] net_none - ::1 - - "GET /codeSegment/get HTTP/1.1" 304 - "http://localhost:8080/" "Mozilla/5.0 (Windows NT 10.0; Win64; x64) AppleWebKit/537.36 (KHTML, like Gecko) Chrome/87.0.4280.66 Safari/537.36"
[2020-11-30T14:21:56.278] [DEBUG] net_none - ::1 - - "GET /project/get-all?account=123 HTTP/1.1" 304 - "http://localhost:8080/" "Mozilla/5.0 (Windows NT 10.0; Win64; x64) AppleWebKit/537.36 (KHTML, like Gecko) Chrome/87.0.4280.66 Safari/537.36"
[2020-11-30T14:22:01.862] [DEBUG] net_none - ::1 - - "POST /user/auth HTTP/1.1" 200 266 "http://localhost:8080/" "Mozilla/5.0 (Windows NT 10.0; Win64; x64) AppleWebKit/537.36 (KHTML, like Gecko) Chrome/87.0.4280.66 Safari/537.36"
[2020-11-30T14:22:02.497] [DEBUG] net_none - ::1 - - "GET /codeSegment/get HTTP/1.1" 200 217 "http://localhost:8080/" "Mozilla/5.0 (Windows NT 10.0; Win64; x64) AppleWebKit/537.36 (KHTML, like Gecko) Chrome/87.0.4280.66 Safari/537.36"
[2020-11-30T14:22:02.498] [DEBUG] net_none - ::1 - - "GET /project/get-all?account=123 HTTP/1.1" 200 3382 "http://localhost:8080/" "Mozilla/5.0 (Windows NT 10.0; Win64; x64) AppleWebKit/537.36 (KHTML, like Gecko) Chrome/87.0.4280.66 Safari/537.36"
[2020-11-30T14:22:02.524] [DEBUG] net_none - ::1 - - "GET /123_coverImg_61779e80-259b-11eb-814c-4ddb105585f5.png HTTP/1.1" 200 1361454 "http://localhost:8080/" "Mozilla/5.0 (Windows NT 10.0; Win64; x64) AppleWebKit/537.36 (KHTML, like Gecko) Chrome/87.0.4280.66 Safari/537.36"
[2020-11-30T14:22:20.485] [DEBUG] net_none - ::1 - - "GET /123_coverImg_61779e80-259b-11eb-814c-4ddb105585f5.png HTTP/1.1" 200 1361454 "" "Mozilla/5.0 (Windows NT 10.0; Win64; x64) AppleWebKit/537.36 (KHTML, like Gecko) Chrome/87.0.4280.66 Safari/537.36"
[2020-11-30T14:22:37.124] [DEBUG] net_none - ::1 - - "GET /123_coverImg_61779e80-259b-11eb-814c-4ddb105585f5.png HTTP/1.1" 304 - "" "Mozilla/5.0 (Windows NT 10.0; Win64; x64) AppleWebKit/537.36 (KHTML, like Gecko) Chrome/87.0.4280.66 Safari/537.36"
[2020-11-30T14:22:37.187] [DEBUG] net_none - ::1 - - "GET /favicon.ico HTTP/1.1" 404 150 "http://localhost:8881/123_coverImg_61779e80-259b-11eb-814c-4ddb105585f5.png" "Mozilla/5.0 (Windows NT 10.0; Win64; x64) AppleWebKit/537.36 (KHTML, like Gecko) Chrome/87.0.4280.66 Safari/537.36"
[2020-11-30T14:34:49.018] [DEBUG] net_none - ::1 - - "POST /user/auth HTTP/1.1" 200 266 "http://localhost:8080/" "Mozilla/5.0 (Windows NT 10.0; Win64; x64) AppleWebKit/537.36 (KHTML, like Gecko) Chrome/87.0.4280.66 Safari/537.36"
[2020-11-30T14:34:50.909] [DEBUG] net_none - ::1 - - "GET /123_coverImg_.png HTTP/1.1" 404 156 "http://localhost:8080/" "Mozilla/5.0 (Windows NT 10.0; Win64; x64) AppleWebKit/537.36 (KHTML, like Gecko) Chrome/87.0.4280.66 Safari/537.36"
[2020-11-30T14:34:51.620] [DEBUG] net_none - ::1 - - "GET /123_coverImg_.png HTTP/1.1" 404 156 "http://localhost:8080/" "Mozilla/5.0 (Windows NT 10.0; Win64; x64) AppleWebKit/537.36 (KHTML, like Gecko) Chrome/87.0.4280.66 Safari/537.36"
[2020-11-30T14:34:51.724] [DEBUG] net_none - ::1 - - "GET /codeSegment/get HTTP/1.1" 200 217 "http://localhost:8080/" "Mozilla/5.0 (Windows NT 10.0; Win64; x64) AppleWebKit/537.36 (KHTML, like Gecko) Chrome/87.0.4280.66 Safari/537.36"
[2020-11-30T14:34:51.725] [DEBUG] net_none - ::1 - - "GET /project/get-all?account=123 HTTP/1.1" 200 3382 "http://localhost:8080/" "Mozilla/5.0 (Windows NT 10.0; Win64; x64) AppleWebKit/537.36 (KHTML, like Gecko) Chrome/87.0.4280.66 Safari/537.36"
[2020-11-30T14:34:51.959] [DEBUG] net_none - ::1 - - "GET /123_coverImg_61779e80-259b-11eb-814c-4ddb105585f5.png HTTP/1.1" 200 1361454 "http://localhost:8080/" "Mozilla/5.0 (Windows NT 10.0; Win64; x64) AppleWebKit/537.36 (KHTML, like Gecko) Chrome/87.0.4280.66 Safari/537.36"
[2020-11-30T14:34:52.305] [DEBUG] net_none - ::1 - - "POST /file/coverImg HTTP/1.1" 200 71 "http://localhost:8080/" "Mozilla/5.0 (Windows NT 10.0; Win64; x64) AppleWebKit/537.36 (KHTML, like Gecko) Chrome/87.0.4280.66 Safari/537.36"
[2020-11-30T14:41:51.583] [DEBUG] net_none - ::1 - - "POST /user/auth HTTP/1.1" 200 266 "http://localhost:8080/" "Mozilla/5.0 (Windows NT 10.0; Win64; x64) AppleWebKit/537.36 (KHTML, like Gecko) Chrome/87.0.4280.66 Safari/537.36"
[2020-11-30T14:41:52.204] [DEBUG] net_none - ::1 - - "GET /codeSegment/get HTTP/1.1" 200 217 "http://localhost:8080/" "Mozilla/5.0 (Windows NT 10.0; Win64; x64) AppleWebKit/537.36 (KHTML, like Gecko) Chrome/87.0.4280.66 Safari/537.36"
[2020-11-30T14:41:52.206] [DEBUG] net_none - ::1 - - "GET /project/get-all?account=123 HTTP/1.1" 200 3382 "http://localhost:8080/" "Mozilla/5.0 (Windows NT 10.0; Win64; x64) AppleWebKit/537.36 (KHTML, like Gecko) Chrome/87.0.4280.66 Safari/537.36"
[2020-11-30T14:41:52.230] [DEBUG] net_none - ::1 - - "GET /123_coverImg_61779e80-259b-11eb-814c-4ddb105585f5.png HTTP/1.1" 404 192 "http://localhost:8080/" "Mozilla/5.0 (Windows NT 10.0; Win64; x64) AppleWebKit/537.36 (KHTML, like Gecko) Chrome/87.0.4280.66 Safari/537.36"
[2020-11-30T14:41:57.316] [DEBUG] net_none - ::1 - - "GET /123_coverImg_61779e80-259b-11eb-814c-4ddb105585f5.png HTTP/1.1" 404 192 "http://localhost:8080/" "Mozilla/5.0 (Windows NT 10.0; Win64; x64) AppleWebKit/537.36 (KHTML, like Gecko) Chrome/87.0.4280.66 Safari/537.36"
[2020-11-30T14:41:57.999] [DEBUG] net_none - ::1 - - "GET /123_coverImg_61779e80-259b-11eb-814c-4ddb105585f5.png HTTP/1.1" 404 192 "http://localhost:8080/" "Mozilla/5.0 (Windows NT 10.0; Win64; x64) AppleWebKit/537.36 (KHTML, like Gecko) Chrome/87.0.4280.66 Safari/537.36"
[2020-11-30T14:41:58.295] [DEBUG] net_none - ::1 - - "POST /file/coverImg HTTP/1.1" 200 107 "http://localhost:8080/" "Mozilla/5.0 (Windows NT 10.0; Win64; x64) AppleWebKit/537.36 (KHTML, like Gecko) Chrome/87.0.4280.66 Safari/537.36"
[2020-11-30T14:42:59.468] [DEBUG] net_none - ::1 - - "GET /123_coverImg_61779e80-259b-11eb-814c-4ddb105585f5.png HTTP/1.1" 200 1361454 "http://localhost:8080/" "Mozilla/5.0 (Windows NT 10.0; Win64; x64) AppleWebKit/537.36 (KHTML, like Gecko) Chrome/87.0.4280.66 Safari/537.36"
[2020-11-30T14:43:04.954] [DEBUG] net_none - ::1 - - "GET /codeSegment/get HTTP/1.1" 304 - "http://localhost:8080/" "Mozilla/5.0 (Windows NT 10.0; Win64; x64) AppleWebKit/537.36 (KHTML, like Gecko) Chrome/87.0.4280.66 Safari/537.36"
[2020-11-30T14:43:04.956] [DEBUG] net_none - ::1 - - "GET /project/get-all?account=123 HTTP/1.1" 304 - "http://localhost:8080/" "Mozilla/5.0 (Windows NT 10.0; Win64; x64) AppleWebKit/537.36 (KHTML, like Gecko) Chrome/87.0.4280.66 Safari/537.36"
[2020-11-30T14:43:51.213] [DEBUG] net_none - ::1 - - "GET /project/get-all?account=123 HTTP/1.1" 304 - "http://localhost:8080/" "Mozilla/5.0 (Windows NT 10.0; Win64; x64) AppleWebKit/537.36 (KHTML, like Gecko) Chrome/87.0.4280.66 Safari/537.36"
[2020-11-30T15:45:13.160] [DEBUG] net_none - ::1 - - "POST /user/auth HTTP/1.1" 200 266 "http://localhost:8080/" "Mozilla/5.0 (Windows NT 10.0; Win64; x64) AppleWebKit/537.36 (KHTML, like Gecko) Chrome/87.0.4280.66 Safari/537.36"
[2020-11-30T15:45:15.399] [DEBUG] net_none - ::1 - - "GET /123_coverImg_.png HTTP/1.1" 200 24584 "http://localhost:8080/" "Mozilla/5.0 (Windows NT 10.0; Win64; x64) AppleWebKit/537.36 (KHTML, like Gecko) Chrome/87.0.4280.66 Safari/537.36"
[2020-11-30T15:45:15.832] [DEBUG] net_none - ::1 - - "GET /codeSegment/get HTTP/1.1" 200 217 "http://localhost:8080/" "Mozilla/5.0 (Windows NT 10.0; Win64; x64) AppleWebKit/537.36 (KHTML, like Gecko) Chrome/87.0.4280.66 Safari/537.36"
[2020-11-30T15:45:15.848] [DEBUG] net_none - ::1 - - "GET /project/get-all?account=123 HTTP/1.1" 200 3382 "http://localhost:8080/" "Mozilla/5.0 (Windows NT 10.0; Win64; x64) AppleWebKit/537.36 (KHTML, like Gecko) Chrome/87.0.4280.66 Safari/537.36"
[2020-11-30T15:45:16.107] [DEBUG] net_none - ::1 - - "GET /123_coverImg_61779e80-259b-11eb-814c-4ddb105585f5.png HTTP/1.1" 200 1361454 "http://localhost:8080/" "Mozilla/5.0 (Windows NT 10.0; Win64; x64) AppleWebKit/537.36 (KHTML, like Gecko) Chrome/87.0.4280.66 Safari/537.36"
[2020-11-30T16:29:01.100] [DEBUG] net_none - ::1 - - "POST /user/auth HTTP/1.1" 200 266 "http://localhost:8080/" "Mozilla/5.0 (Windows NT 10.0; Win64; x64) AppleWebKit/537.36 (KHTML, like Gecko) Chrome/87.0.4280.66 Safari/537.36"
[2020-11-30T16:29:02.991] [DEBUG] net_none - ::1 - - "GET /123_coverImg_.png HTTP/1.1" 200 24584 "http://localhost:8080/" "Mozilla/5.0 (Windows NT 10.0; Win64; x64) AppleWebKit/537.36 (KHTML, like Gecko) Chrome/87.0.4280.66 Safari/537.36"
[2020-11-30T16:29:03.139] [DEBUG] net_none - ::1 - - "GET /codeSegment/get HTTP/1.1" 200 217 "http://localhost:8080/" "Mozilla/5.0 (Windows NT 10.0; Win64; x64) AppleWebKit/537.36 (KHTML, like Gecko) Chrome/87.0.4280.66 Safari/537.36"
[2020-11-30T16:29:03.144] [DEBUG] net_none - ::1 - - "GET /project/get-all?account=123 HTTP/1.1" 200 3382 "http://localhost:8080/" "Mozilla/5.0 (Windows NT 10.0; Win64; x64) AppleWebKit/537.36 (KHTML, like Gecko) Chrome/87.0.4280.66 Safari/537.36"
[2020-11-30T16:29:03.429] [DEBUG] net_none - ::1 - - "GET /123_coverImg_61779e80-259b-11eb-814c-4ddb105585f5.png HTTP/1.1" 200 1361454 "http://localhost:8080/" "Mozilla/5.0 (Windows NT 10.0; Win64; x64) AppleWebKit/537.36 (KHTML, like Gecko) Chrome/87.0.4280.66 Safari/537.36"
[2020-11-30T16:29:49.575] [DEBUG] net_none - ::1 - - "GET /123_coverImg_61779e80-259b-11eb-814c-4ddb105585f5.png HTTP/1.1" 304 - "http://localhost:8080/" "Mozilla/5.0 (Windows NT 10.0; Win64; x64) AppleWebKit/537.36 (KHTML, like Gecko) Chrome/87.0.4280.66 Safari/537.36"
[2020-11-30T16:30:02.826] [DEBUG] net_none - ::1 - - "GET /123_coverImg_61779e80-259b-11eb-814c-4ddb105585f5.png HTTP/1.1" 304 - "http://localhost:8080/" "Mozilla/5.0 (Windows NT 10.0; Win64; x64) AppleWebKit/537.36 (KHTML, like Gecko) Chrome/87.0.4280.66 Safari/537.36"
[2020-11-30T16:30:51.616] [DEBUG] net_none - ::1 - - "GET /123_coverImg_61779e80-259b-11eb-814c-4ddb105585f5.png HTTP/1.1" 304 - "http://localhost:8080/" "Mozilla/5.0 (Windows NT 10.0; Win64; x64) AppleWebKit/537.36 (KHTML, like Gecko) Chrome/87.0.4280.66 Safari/537.36"
[2020-11-30T19:53:50.427] [DEBUG] net_none - ::1 - - "GET /123_coverImg_61779e80-259b-11eb-814c-4ddb105585f5.png HTTP/1.1" 304 - "http://localhost:8080/" "Mozilla/5.0 (Windows NT 10.0; Win64; x64) AppleWebKit/537.36 (KHTML, like Gecko) Chrome/87.0.4280.66 Safari/537.36"
