[2020-12-01T10:49:02.604] [DEBUG] net_none - ::1 - - "POST /user/auth HTTP/1.1" 200 266 "http://localhost:8080/" "Mozilla/5.0 (Windows NT 10.0; Win64; x64) AppleWebKit/537.36 (KHTML, like Gecko) Chrome/87.0.4280.66 Safari/537.36"
[2020-12-01T10:53:32.773] [DEBUG] net_none - ::1 - - "POST /user/login HTTP/1.1" 200 266 "http://localhost:8080/" "Mozilla/5.0 (Windows NT 10.0; Win64; x64) AppleWebKit/537.36 (KHTML, like Gecko) Chrome/87.0.4280.66 Safari/537.36"
[2020-12-01T10:53:34.106] [DEBUG] net_none - ::1 - - "GET /123_coverImg_.png HTTP/1.1" 304 - "http://localhost:8080/" "Mozilla/5.0 (Windows NT 10.0; Win64; x64) AppleWebKit/537.36 (KHTML, like Gecko) Chrome/87.0.4280.66 Safari/537.36"
[2020-12-01T10:53:34.193] [DEBUG] net_none - ::1 - - "GET /codeSegment/get HTTP/1.1" 304 - "http://localhost:8080/" "Mozilla/5.0 (Windows NT 10.0; Win64; x64) AppleWebKit/537.36 (KHTML, like Gecko) Chrome/87.0.4280.66 Safari/537.36"
[2020-12-01T10:53:34.200] [DEBUG] net_none - ::1 - - "GET /project/get-all?account=123 HTTP/1.1" 304 - "http://localhost:8080/" "Mozilla/5.0 (Windows NT 10.0; Win64; x64) AppleWebKit/537.36 (KHTML, like Gecko) Chrome/87.0.4280.66 Safari/537.36"
[2020-12-01T10:53:34.210] [DEBUG] net_none - ::1 - - "GET /123_coverImg_61779e80-259b-11eb-814c-4ddb105585f5.png HTTP/1.1" 304 - "http://localhost:8080/" "Mozilla/5.0 (Windows NT 10.0; Win64; x64) AppleWebKit/537.36 (KHTML, like Gecko) Chrome/87.0.4280.66 Safari/537.36"
[2020-12-01T19:28:43.489] [DEBUG] net_none - ::1 - - "POST /user/auth HTTP/1.1" 200 266 "http://localhost:8080/" "Mozilla/5.0 (Windows NT 10.0; Win64; x64) AppleWebKit/537.36 (KHTML, like Gecko) Chrome/87.0.4280.66 Safari/537.36"
[2020-12-01T19:28:46.926] [DEBUG] net_none - ::1 - - "POST /user/login HTTP/1.1" 200 266 "http://localhost:8080/" "Mozilla/5.0 (Windows NT 10.0; Win64; x64) AppleWebKit/537.36 (KHTML, like Gecko) Chrome/87.0.4280.66 Safari/537.36"
[2020-12-01T19:28:48.608] [DEBUG] net_none - ::1 - - "GET /123_coverImg_.png HTTP/1.1" 200 24584 "http://localhost:8080/" "Mozilla/5.0 (Windows NT 10.0; Win64; x64) AppleWebKit/537.36 (KHTML, like Gecko) Chrome/87.0.4280.66 Safari/537.36"
[2020-12-01T19:28:48.675] [DEBUG] net_none - ::1 - - "GET /codeSegment/get HTTP/1.1" 200 217 "http://localhost:8080/" "Mozilla/5.0 (Windows NT 10.0; Win64; x64) AppleWebKit/537.36 (KHTML, like Gecko) Chrome/87.0.4280.66 Safari/537.36"
[2020-12-01T19:28:48.681] [DEBUG] net_none - ::1 - - "GET /project/get-all?account=123 HTTP/1.1" 200 3382 "http://localhost:8080/" "Mozilla/5.0 (Windows NT 10.0; Win64; x64) AppleWebKit/537.36 (KHTML, like Gecko) Chrome/87.0.4280.66 Safari/537.36"
[2020-12-01T19:28:48.720] [DEBUG] net_none - ::1 - - "GET /123_coverImg_61779e80-259b-11eb-814c-4ddb105585f5.png HTTP/1.1" 200 1361454 "http://localhost:8080/" "Mozilla/5.0 (Windows NT 10.0; Win64; x64) AppleWebKit/537.36 (KHTML, like Gecko) Chrome/87.0.4280.66 Safari/537.36"
[2020-12-01T19:28:55.954] [DEBUG] net_none - ::1 - - "GET /123_coverImg_61779e80-259b-11eb-814c-4ddb105585f5.png HTTP/1.1" 304 - "http://localhost:8080/" "Mozilla/5.0 (Windows NT 10.0; Win64; x64) AppleWebKit/537.36 (KHTML, like Gecko) Chrome/87.0.4280.66 Safari/537.36"
[2020-12-01T19:28:56.526] [DEBUG] net_none - ::1 - - "POST /file/coverImg HTTP/1.1" 200 107 "http://localhost:8080/" "Mozilla/5.0 (Windows NT 10.0; Win64; x64) AppleWebKit/537.36 (KHTML, like Gecko) Chrome/87.0.4280.66 Safari/537.36"
[2020-12-01T19:29:03.057] [DEBUG] net_none - ::1 - - "POST /project/update HTTP/1.1" 200 33 "http://localhost:8080/" "Mozilla/5.0 (Windows NT 10.0; Win64; x64) AppleWebKit/537.36 (KHTML, like Gecko) Chrome/87.0.4280.66 Safari/537.36"
[2020-12-01T19:29:31.568] [DEBUG] net_none - ::1 - - "POST /user/login HTTP/1.1" 200 266 "http://localhost:8080/" "Mozilla/5.0 (Windows NT 10.0; Win64; x64) AppleWebKit/537.36 (KHTML, like Gecko) Chrome/87.0.4280.66 Safari/537.36"
[2020-12-01T19:29:31.679] [DEBUG] net_none - ::1 - - "GET /123_coverImg_61779e80-259b-11eb-814c-4ddb105585f5.png HTTP/1.1" 200 1387439 "http://localhost:8080/" "Mozilla/5.0 (Windows NT 10.0; Win64; x64) AppleWebKit/537.36 (KHTML, like Gecko) Chrome/87.0.4280.66 Safari/537.36"
[2020-12-01T19:29:37.441] [DEBUG] net_none - ::1 - - "GET /codeSegment/get HTTP/1.1" 304 - "http://localhost:8080/" "Mozilla/5.0 (Windows NT 10.0; Win64; x64) AppleWebKit/537.36 (KHTML, like Gecko) Chrome/87.0.4280.66 Safari/537.36"
[2020-12-01T19:29:37.444] [DEBUG] net_none - ::1 - - "GET /project/get-all?account=123 HTTP/1.1" 200 9121 "http://localhost:8080/" "Mozilla/5.0 (Windows NT 10.0; Win64; x64) AppleWebKit/537.36 (KHTML, like Gecko) Chrome/87.0.4280.66 Safari/537.36"
[2020-12-01T19:29:45.232] [DEBUG] net_none - ::1 - - "GET /codeSegment/get HTTP/1.1" 304 - "http://localhost:8080/" "Mozilla/5.0 (Windows NT 10.0; Win64; x64) AppleWebKit/537.36 (KHTML, like Gecko) Chrome/87.0.4280.66 Safari/537.36"
[2020-12-01T19:29:45.233] [DEBUG] net_none - ::1 - - "GET /project/get-all?account=123 HTTP/1.1" 304 - "http://localhost:8080/" "Mozilla/5.0 (Windows NT 10.0; Win64; x64) AppleWebKit/537.36 (KHTML, like Gecko) Chrome/87.0.4280.66 Safari/537.36"
[2020-12-01T19:29:49.654] [DEBUG] net_none - ::1 - - "GET /codeSegment/get HTTP/1.1" 304 - "http://localhost:8080/" "Mozilla/5.0 (Windows NT 10.0; Win64; x64) AppleWebKit/537.36 (KHTML, like Gecko) Chrome/87.0.4280.66 Safari/537.36"
[2020-12-01T19:29:49.656] [DEBUG] net_none - ::1 - - "GET /project/get-all?account=123 HTTP/1.1" 304 - "http://localhost:8080/" "Mozilla/5.0 (Windows NT 10.0; Win64; x64) AppleWebKit/537.36 (KHTML, like Gecko) Chrome/87.0.4280.66 Safari/537.36"
[2020-12-01T19:29:54.425] [DEBUG] net_none - ::1 - - "GET /codeSegment/get HTTP/1.1" 304 - "http://localhost:8080/" "Mozilla/5.0 (Windows NT 10.0; Win64; x64) AppleWebKit/537.36 (KHTML, like Gecko) Chrome/87.0.4280.66 Safari/537.36"
[2020-12-01T19:29:54.427] [DEBUG] net_none - ::1 - - "GET /project/get-all?account=123 HTTP/1.1" 304 - "http://localhost:8080/" "Mozilla/5.0 (Windows NT 10.0; Win64; x64) AppleWebKit/537.36 (KHTML, like Gecko) Chrome/87.0.4280.66 Safari/537.36"
[2020-12-01T19:37:19.795] [DEBUG] net_none - ::1 - - "POST /file/upload HTTP/1.1" 200 64 "http://localhost:8080/" "Mozilla/5.0 (Windows NT 10.0; Win64; x64) AppleWebKit/537.36 (KHTML, like Gecko) Chrome/87.0.4280.66 Safari/537.36"
[2020-12-01T19:37:19.804] [DEBUG] net_none - ::1 - - "GET /123/3840x2160-1.jpg HTTP/1.1" 200 528733 "http://localhost:8080/" "Mozilla/5.0 (Windows NT 10.0; Win64; x64) AppleWebKit/537.36 (KHTML, like Gecko) Chrome/87.0.4280.66 Safari/537.36"
[2020-12-01T19:41:58.299] [DEBUG] net_none - ::1 - - "POST /project/update HTTP/1.1" 200 33 "http://localhost:8080/" "Mozilla/5.0 (Windows NT 10.0; Win64; x64) AppleWebKit/537.36 (KHTML, like Gecko) Chrome/87.0.4280.66 Safari/537.36"
[2020-12-01T19:42:03.213] [DEBUG] net_none - ::1 - - "POST /user/auth HTTP/1.1" 200 266 "http://localhost:8080/" "Mozilla/5.0 (Windows NT 10.0; Win64; x64) AppleWebKit/537.36 (KHTML, like Gecko) Chrome/87.0.4280.66 Safari/537.36"
[2020-12-01T19:42:05.070] [DEBUG] net_none - ::1 - - "GET /123_coverImg_.png HTTP/1.1" 200 24584 "http://localhost:8080/" "Mozilla/5.0 (Windows NT 10.0; Win64; x64) AppleWebKit/537.36 (KHTML, like Gecko) Chrome/87.0.4280.66 Safari/537.36"
[2020-12-01T19:42:05.307] [DEBUG] net_none - ::1 - - "GET /codeSegment/get HTTP/1.1" 200 217 "http://localhost:8080/" "Mozilla/5.0 (Windows NT 10.0; Win64; x64) AppleWebKit/537.36 (KHTML, like Gecko) Chrome/87.0.4280.66 Safari/537.36"
[2020-12-01T19:42:05.311] [DEBUG] net_none - ::1 - - "GET /project/get-all?account=123 HTTP/1.1" 200 15564 "http://localhost:8080/" "Mozilla/5.0 (Windows NT 10.0; Win64; x64) AppleWebKit/537.36 (KHTML, like Gecko) Chrome/87.0.4280.66 Safari/537.36"
[2020-12-01T19:42:05.339] [DEBUG] net_none - ::1 - - "GET /123_coverImg_61779e80-259b-11eb-814c-4ddb105585f5.png HTTP/1.1" 200 1387439 "http://localhost:8080/" "Mozilla/5.0 (Windows NT 10.0; Win64; x64) AppleWebKit/537.36 (KHTML, like Gecko) Chrome/87.0.4280.66 Safari/537.36"
[2020-12-01T19:50:55.767] [DEBUG] net_none - ::1 - - "GET /123_coverImg_61779e80-259b-11eb-814c-4ddb105585f5.png HTTP/1.1" 304 - "http://localhost:8080/" "Mozilla/5.0 (Windows NT 10.0; Win64; x64) AppleWebKit/537.36 (KHTML, like Gecko) Chrome/87.0.4280.66 Safari/537.36"
[2020-12-01T20:01:09.686] [DEBUG] net_none - ::1 - - "POST /user/auth HTTP/1.1" 200 266 "http://localhost:8080/" "Mozilla/5.0 (Windows NT 10.0; Win64; x64) AppleWebKit/537.36 (KHTML, like Gecko) Chrome/87.0.4280.66 Safari/537.36"
[2020-12-01T20:01:11.639] [DEBUG] net_none - ::1 - - "GET /123_coverImg_.png HTTP/1.1" 200 24584 "http://localhost:8080/" "Mozilla/5.0 (Windows NT 10.0; Win64; x64) AppleWebKit/537.36 (KHTML, like Gecko) Chrome/87.0.4280.66 Safari/537.36"
[2020-12-01T20:01:11.749] [DEBUG] net_none - ::1 - - "GET /codeSegment/get HTTP/1.1" 200 217 "http://localhost:8080/" "Mozilla/5.0 (Windows NT 10.0; Win64; x64) AppleWebKit/537.36 (KHTML, like Gecko) Chrome/87.0.4280.66 Safari/537.36"
[2020-12-01T20:01:11.758] [DEBUG] net_none - ::1 - - "GET /project/get-all?account=123 HTTP/1.1" 200 15564 "http://localhost:8080/" "Mozilla/5.0 (Windows NT 10.0; Win64; x64) AppleWebKit/537.36 (KHTML, like Gecko) Chrome/87.0.4280.66 Safari/537.36"
[2020-12-01T20:01:11.772] [DEBUG] net_none - ::1 - - "GET /123_coverImg_61779e80-259b-11eb-814c-4ddb105585f5.png HTTP/1.1" 304 - "http://localhost:8080/" "Mozilla/5.0 (Windows NT 10.0; Win64; x64) AppleWebKit/537.36 (KHTML, like Gecko) Chrome/87.0.4280.66 Safari/537.36"
[2020-12-01T20:02:55.410] [DEBUG] net_none - ::1 - - "POST /user/auth HTTP/1.1" 200 266 "http://localhost:8080/" "Mozilla/5.0 (Windows NT 10.0; Win64; x64) AppleWebKit/537.36 (KHTML, like Gecko) Chrome/87.0.4280.66 Safari/537.36"
[2020-12-01T20:02:59.874] [DEBUG] net_none - ::1 - - "GET /123_coverImg_.png HTTP/1.1" 200 24584 "http://localhost:8080/" "Mozilla/5.0 (Windows NT 10.0; Win64; x64) AppleWebKit/537.36 (KHTML, like Gecko) Chrome/87.0.4280.66 Safari/537.36"
[2020-12-01T20:03:00.048] [DEBUG] net_none - ::1 - - "GET /codeSegment/get HTTP/1.1" 200 217 "http://localhost:8080/" "Mozilla/5.0 (Windows NT 10.0; Win64; x64) AppleWebKit/537.36 (KHTML, like Gecko) Chrome/87.0.4280.66 Safari/537.36"
[2020-12-01T20:03:00.054] [DEBUG] net_none - ::1 - - "GET /project/get-all?account=123 HTTP/1.1" 200 15564 "http://localhost:8080/" "Mozilla/5.0 (Windows NT 10.0; Win64; x64) AppleWebKit/537.36 (KHTML, like Gecko) Chrome/87.0.4280.66 Safari/537.36"
[2020-12-01T20:03:00.090] [DEBUG] net_none - ::1 - - "GET /123_coverImg_61779e80-259b-11eb-814c-4ddb105585f5.png HTTP/1.1" 200 1387439 "http://localhost:8080/" "Mozilla/5.0 (Windows NT 10.0; Win64; x64) AppleWebKit/537.36 (KHTML, like Gecko) Chrome/87.0.4280.66 Safari/537.36"
[2020-12-01T20:05:59.204] [DEBUG] net_none - ::1 - - "POST /user/auth HTTP/1.1" 200 266 "http://localhost:8080/" "Mozilla/5.0 (Windows NT 10.0; Win64; x64) AppleWebKit/537.36 (KHTML, like Gecko) Chrome/87.0.4280.66 Safari/537.36"
[2020-12-01T20:06:01.316] [DEBUG] net_none - ::1 - - "GET /123_coverImg_.png HTTP/1.1" 304 - "http://localhost:8080/" "Mozilla/5.0 (Windows NT 10.0; Win64; x64) AppleWebKit/537.36 (KHTML, like Gecko) Chrome/87.0.4280.66 Safari/537.36"
[2020-12-01T20:06:01.479] [DEBUG] net_none - ::1 - - "GET /codeSegment/get HTTP/1.1" 304 - "http://localhost:8080/" "Mozilla/5.0 (Windows NT 10.0; Win64; x64) AppleWebKit/537.36 (KHTML, like Gecko) Chrome/87.0.4280.66 Safari/537.36"
[2020-12-01T20:06:01.481] [DEBUG] net_none - ::1 - - "GET /project/get-all?account=123 HTTP/1.1" 304 - "http://localhost:8080/" "Mozilla/5.0 (Windows NT 10.0; Win64; x64) AppleWebKit/537.36 (KHTML, like Gecko) Chrome/87.0.4280.66 Safari/537.36"
[2020-12-01T20:06:01.509] [DEBUG] net_none - ::1 - - "GET /123_coverImg_61779e80-259b-11eb-814c-4ddb105585f5.png HTTP/1.1" 304 - "http://localhost:8080/" "Mozilla/5.0 (Windows NT 10.0; Win64; x64) AppleWebKit/537.36 (KHTML, like Gecko) Chrome/87.0.4280.66 Safari/537.36"
[2020-12-01T20:06:10.286] [DEBUG] net_none - ::1 - - "GET /123_coverImg_61779e80-259b-11eb-814c-4ddb105585f5.png HTTP/1.1" 304 - "http://localhost:8080/" "Mozilla/5.0 (Windows NT 10.0; Win64; x64) AppleWebKit/537.36 (KHTML, like Gecko) Chrome/87.0.4280.66 Safari/537.36"
[2020-12-01T20:07:40.839] [DEBUG] net_none - ::1 - - "POST /user/auth HTTP/1.1" 200 266 "http://localhost:8080/" "Mozilla/5.0 (Windows NT 10.0; Win64; x64) AppleWebKit/537.36 (KHTML, like Gecko) Chrome/87.0.4280.66 Safari/537.36"
[2020-12-01T20:07:42.570] [DEBUG] net_none - ::1 - - "GET /123_coverImg_.png HTTP/1.1" 200 24584 "http://localhost:8080/" "Mozilla/5.0 (Windows NT 10.0; Win64; x64) AppleWebKit/537.36 (KHTML, like Gecko) Chrome/87.0.4280.66 Safari/537.36"
[2020-12-01T20:07:42.739] [DEBUG] net_none - ::1 - - "GET /codeSegment/get HTTP/1.1" 200 217 "http://localhost:8080/" "Mozilla/5.0 (Windows NT 10.0; Win64; x64) AppleWebKit/537.36 (KHTML, like Gecko) Chrome/87.0.4280.66 Safari/537.36"
[2020-12-01T20:07:42.742] [DEBUG] net_none - ::1 - - "GET /project/get-all?account=123 HTTP/1.1" 200 15564 "http://localhost:8080/" "Mozilla/5.0 (Windows NT 10.0; Win64; x64) AppleWebKit/537.36 (KHTML, like Gecko) Chrome/87.0.4280.66 Safari/537.36"
[2020-12-01T20:07:42.763] [DEBUG] net_none - ::1 - - "GET /123_coverImg_61779e80-259b-11eb-814c-4ddb105585f5.png HTTP/1.1" 200 1387439 "http://localhost:8080/" "Mozilla/5.0 (Windows NT 10.0; Win64; x64) AppleWebKit/537.36 (KHTML, like Gecko) Chrome/87.0.4280.66 Safari/537.36"
[2020-12-01T20:07:53.042] [DEBUG] net_none - ::1 - - "GET /123_coverImg_61779e80-259b-11eb-814c-4ddb105585f5.png HTTP/1.1" 304 - "http://localhost:8080/" "Mozilla/5.0 (Windows NT 10.0; Win64; x64) AppleWebKit/537.36 (KHTML, like Gecko) Chrome/87.0.4280.66 Safari/537.36"
