[2020-12-08T11:39:47.539] [DEBUG] net_none - ::1 - - "POST /user/auth HTTP/1.1" 200 266 "http://localhost:8080/" "Mozilla/5.0 (Windows NT 10.0; Win64; x64) AppleWebKit/537.36 (KHTML, like Gecko) Chrome/87.0.4280.88 Safari/537.36"
[2020-12-08T11:39:52.945] [DEBUG] net_none - ::1 - - "POST /user/login HTTP/1.1" 200 266 "http://localhost:8080/" "Mozilla/5.0 (Windows NT 10.0; Win64; x64) AppleWebKit/537.36 (KHTML, like Gecko) Chrome/87.0.4280.88 Safari/537.36"
[2020-12-08T11:39:54.568] [DEBUG] net_none - ::1 - - "GET /123_coverImg_.png HTTP/1.1" 200 24584 "http://localhost:8080/" "Mozilla/5.0 (Windows NT 10.0; Win64; x64) AppleWebKit/537.36 (KHTML, like Gecko) Chrome/87.0.4280.88 Safari/537.36"
[2020-12-08T11:39:54.796] [DEBUG] net_none - ::1 - - "GET /codeSegment/get HTTP/1.1" 200 217 "http://localhost:8080/" "Mozilla/5.0 (Windows NT 10.0; Win64; x64) AppleWebKit/537.36 (KHTML, like Gecko) Chrome/87.0.4280.88 Safari/537.36"
[2020-12-08T11:39:54.803] [DEBUG] net_none - ::1 - - "GET /project/get-all?account=123 HTTP/1.1" 200 15564 "http://localhost:8080/" "Mozilla/5.0 (Windows NT 10.0; Win64; x64) AppleWebKit/537.36 (KHTML, like Gecko) Chrome/87.0.4280.88 Safari/537.36"
[2020-12-08T11:39:54.881] [DEBUG] net_none - ::1 - - "GET /123_coverImg_61779e80-259b-11eb-814c-4ddb105585f5.png HTTP/1.1" 200 1387439 "http://localhost:8080/" "Mozilla/5.0 (Windows NT 10.0; Win64; x64) AppleWebKit/537.36 (KHTML, like Gecko) Chrome/87.0.4280.88 Safari/537.36"
[2020-12-08T11:39:59.276] [DEBUG] net_none - ::1 - - "GET /codeSegment/get?sortType=1 HTTP/1.1" 200 217 "http://localhost:8080/" "Mozilla/5.0 (Windows NT 10.0; Win64; x64) AppleWebKit/537.36 (KHTML, like Gecko) Chrome/87.0.4280.88 Safari/537.36"
[2020-12-08T11:44:06.574] [DEBUG] net_none - ::1 - - "GET /project/get-all?account=123 HTTP/1.1" 304 - "http://localhost:8080/" "Mozilla/5.0 (Windows NT 10.0; Win64; x64) AppleWebKit/537.36 (KHTML, like Gecko) Chrome/87.0.4280.88 Safari/537.36"
[2020-12-08T11:44:06.620] [DEBUG] net_none - ::1 - - "GET /123_coverImg_61779e80-259b-11eb-814c-4ddb105585f5.png HTTP/1.1" 304 - "http://localhost:8080/" "Mozilla/5.0 (Windows NT 10.0; Win64; x64) AppleWebKit/537.36 (KHTML, like Gecko) Chrome/87.0.4280.88 Safari/537.36"
[2020-12-08T11:44:09.644] [DEBUG] net_none - ::1 - - "GET /codeSegment/get?sortType=1 HTTP/1.1" 304 - "http://localhost:8080/" "Mozilla/5.0 (Windows NT 10.0; Win64; x64) AppleWebKit/537.36 (KHTML, like Gecko) Chrome/87.0.4280.88 Safari/537.36"
[2020-12-08T12:47:07.908] [DEBUG] net_none - ::1 - - "POST /user/auth HTTP/1.1" 200 266 "http://localhost:8080/" "Mozilla/5.0 (Windows NT 10.0; Win64; x64) AppleWebKit/537.36 (KHTML, like Gecko) Chrome/87.0.4280.88 Safari/537.36"
[2020-12-08T12:47:09.410] [DEBUG] net_none - ::1 - - "GET /codeSegment/get HTTP/1.1" 200 217 "http://localhost:8080/" "Mozilla/5.0 (Windows NT 10.0; Win64; x64) AppleWebKit/537.36 (KHTML, like Gecko) Chrome/87.0.4280.88 Safari/537.36"
[2020-12-08T12:47:09.413] [DEBUG] net_none - ::1 - - "GET /codeSegment/get?sortType=1 HTTP/1.1" 200 217 "http://localhost:8080/" "Mozilla/5.0 (Windows NT 10.0; Win64; x64) AppleWebKit/537.36 (KHTML, like Gecko) Chrome/87.0.4280.88 Safari/537.36"
[2020-12-08T12:54:53.694] [DEBUG] net_none - ::1 - - "POST /user/auth HTTP/1.1" 200 266 "http://localhost:8080/" "Mozilla/5.0 (Windows NT 10.0; Win64; x64) AppleWebKit/537.36 (KHTML, like Gecko) Chrome/87.0.4280.88 Safari/537.36"
[2020-12-08T12:54:55.333] [DEBUG] net_none - ::1 - - "GET /codeSegment/get HTTP/1.1" 200 217 "http://localhost:8080/" "Mozilla/5.0 (Windows NT 10.0; Win64; x64) AppleWebKit/537.36 (KHTML, like Gecko) Chrome/87.0.4280.88 Safari/537.36"
[2020-12-08T12:54:55.336] [DEBUG] net_none - ::1 - - "GET /codeSegment/get?sortType=1 HTTP/1.1" 200 217 "http://localhost:8080/" "Mozilla/5.0 (Windows NT 10.0; Win64; x64) AppleWebKit/537.36 (KHTML, like Gecko) Chrome/87.0.4280.88 Safari/537.36"
[2020-12-08T12:58:18.294] [DEBUG] net_none - ::1 - - "POST /user/auth HTTP/1.1" 200 266 "http://localhost:8080/" "Mozilla/5.0 (Windows NT 10.0; Win64; x64) AppleWebKit/537.36 (KHTML, like Gecko) Chrome/87.0.4280.88 Safari/537.36"
[2020-12-08T12:58:19.788] [DEBUG] net_none - ::1 - - "GET /codeSegment/get HTTP/1.1" 200 217 "http://localhost:8080/" "Mozilla/5.0 (Windows NT 10.0; Win64; x64) AppleWebKit/537.36 (KHTML, like Gecko) Chrome/87.0.4280.88 Safari/537.36"
[2020-12-08T12:58:19.790] [DEBUG] net_none - ::1 - - "GET /codeSegment/get?sortType=1 HTTP/1.1" 200 217 "http://localhost:8080/" "Mozilla/5.0 (Windows NT 10.0; Win64; x64) AppleWebKit/537.36 (KHTML, like Gecko) Chrome/87.0.4280.88 Safari/537.36"
[2020-12-08T13:39:45.079] [DEBUG] net_none - ::1 - - "GET /project/get-all?account=123 HTTP/1.1" 304 - "http://localhost:8080/" "Mozilla/5.0 (Windows NT 10.0; Win64; x64) AppleWebKit/537.36 (KHTML, like Gecko) Chrome/87.0.4280.88 Safari/537.36"
[2020-12-08T13:39:45.111] [DEBUG] net_none - ::1 - - "GET /123_coverImg_61779e80-259b-11eb-814c-4ddb105585f5.png HTTP/1.1" 304 - "http://localhost:8080/" "Mozilla/5.0 (Windows NT 10.0; Win64; x64) AppleWebKit/537.36 (KHTML, like Gecko) Chrome/87.0.4280.88 Safari/537.36"
[2020-12-08T13:42:09.530] [DEBUG] net_none - ::1 - - "GET /codeSegment/get?sortType=1 HTTP/1.1" 304 - "http://localhost:8080/" "Mozilla/5.0 (Windows NT 10.0; Win64; x64) AppleWebKit/537.36 (KHTML, like Gecko) Chrome/87.0.4280.88 Safari/537.36"
[2020-12-08T13:42:18.774] [DEBUG] net_none - ::1 - - "GET /project/get-all?account=123 HTTP/1.1" 304 - "http://localhost:8080/" "Mozilla/5.0 (Windows NT 10.0; Win64; x64) AppleWebKit/537.36 (KHTML, like Gecko) Chrome/87.0.4280.88 Safari/537.36"
[2020-12-08T13:42:19.294] [DEBUG] net_none - ::1 - - "GET /codeSegment/get?sortType=1 HTTP/1.1" 304 - "http://localhost:8080/" "Mozilla/5.0 (Windows NT 10.0; Win64; x64) AppleWebKit/537.36 (KHTML, like Gecko) Chrome/87.0.4280.88 Safari/537.36"
[2020-12-08T13:42:20.072] [DEBUG] net_none - ::1 - - "GET /project/get-all?account=123 HTTP/1.1" 304 - "http://localhost:8080/" "Mozilla/5.0 (Windows NT 10.0; Win64; x64) AppleWebKit/537.36 (KHTML, like Gecko) Chrome/87.0.4280.88 Safari/537.36"
[2020-12-08T13:42:20.462] [DEBUG] net_none - ::1 - - "GET /codeSegment/get?sortType=1 HTTP/1.1" 304 - "http://localhost:8080/" "Mozilla/5.0 (Windows NT 10.0; Win64; x64) AppleWebKit/537.36 (KHTML, like Gecko) Chrome/87.0.4280.88 Safari/537.36"
[2020-12-08T13:42:21.095] [DEBUG] net_none - ::1 - - "GET /project/get-all?account=123 HTTP/1.1" 304 - "http://localhost:8080/" "Mozilla/5.0 (Windows NT 10.0; Win64; x64) AppleWebKit/537.36 (KHTML, like Gecko) Chrome/87.0.4280.88 Safari/537.36"
[2020-12-08T13:42:21.459] [DEBUG] net_none - ::1 - - "GET /codeSegment/get?sortType=1 HTTP/1.1" 304 - "http://localhost:8080/" "Mozilla/5.0 (Windows NT 10.0; Win64; x64) AppleWebKit/537.36 (KHTML, like Gecko) Chrome/87.0.4280.88 Safari/537.36"
[2020-12-08T13:45:58.307] [DEBUG] net_none - ::1 - - "GET /collection/get?account_id= HTTP/1.1" 200 49 "http://localhost:8080/" "Mozilla/5.0 (Windows NT 10.0; Win64; x64) AppleWebKit/537.36 (KHTML, like Gecko) Chrome/87.0.4280.88 Safari/537.36"
[2020-12-08T13:45:59.290] [DEBUG] net_none - ::1 - - "GET /file/get?pageNum=1&pageSize=10 HTTP/1.1" 200 280 "http://localhost:8080/" "Mozilla/5.0 (Windows NT 10.0; Win64; x64) AppleWebKit/537.36 (KHTML, like Gecko) Chrome/87.0.4280.88 Safari/537.36"
[2020-12-08T13:45:59.879] [DEBUG] net_none - ::1 - - "GET /collection/get?account_id= HTTP/1.1" 304 - "http://localhost:8080/" "Mozilla/5.0 (Windows NT 10.0; Win64; x64) AppleWebKit/537.36 (KHTML, like Gecko) Chrome/87.0.4280.88 Safari/537.36"
[2020-12-08T13:46:00.169] [DEBUG] net_none - ::1 - - "GET /codeSegment/get?sortType=1 HTTP/1.1" 304 - "http://localhost:8080/" "Mozilla/5.0 (Windows NT 10.0; Win64; x64) AppleWebKit/537.36 (KHTML, like Gecko) Chrome/87.0.4280.88 Safari/537.36"
[2020-12-08T13:46:00.906] [DEBUG] net_none - ::1 - - "GET /file/get?pageNum=1&pageSize=10 HTTP/1.1" 304 - "http://localhost:8080/" "Mozilla/5.0 (Windows NT 10.0; Win64; x64) AppleWebKit/537.36 (KHTML, like Gecko) Chrome/87.0.4280.88 Safari/537.36"
[2020-12-08T13:46:02.873] [DEBUG] net_none - ::1 - - "GET /collection/get?account_id= HTTP/1.1" 304 - "http://localhost:8080/" "Mozilla/5.0 (Windows NT 10.0; Win64; x64) AppleWebKit/537.36 (KHTML, like Gecko) Chrome/87.0.4280.88 Safari/537.36"
[2020-12-08T13:46:03.168] [DEBUG] net_none - ::1 - - "GET /codeSegment/get?sortType=1 HTTP/1.1" 304 - "http://localhost:8080/" "Mozilla/5.0 (Windows NT 10.0; Win64; x64) AppleWebKit/537.36 (KHTML, like Gecko) Chrome/87.0.4280.88 Safari/537.36"
[2020-12-08T13:46:29.235] [DEBUG] net_none - ::1 - - "POST /user/auth HTTP/1.1" 200 266 "http://localhost:8080/" "Mozilla/5.0 (Windows NT 10.0; Win64; x64) AppleWebKit/537.36 (KHTML, like Gecko) Chrome/87.0.4280.88 Safari/537.36"
[2020-12-08T13:47:10.790] [DEBUG] net_none - ::1 - - "GET /collection/get?account_id= HTTP/1.1" 304 - "http://localhost:8080/" "Mozilla/5.0 (Windows NT 10.0; Win64; x64) AppleWebKit/537.36 (KHTML, like Gecko) Chrome/87.0.4280.88 Safari/537.36"
[2020-12-08T13:47:11.088] [DEBUG] net_none - ::1 - - "GET /codeSegment/get?sortType=1 HTTP/1.1" 304 - "http://localhost:8080/" "Mozilla/5.0 (Windows NT 10.0; Win64; x64) AppleWebKit/537.36 (KHTML, like Gecko) Chrome/87.0.4280.88 Safari/537.36"
[2020-12-08T13:48:10.896] [DEBUG] net_none - ::1 - - "GET /file/get?pageNum=1&pageSize=10 HTTP/1.1" 304 - "http://localhost:8080/" "Mozilla/5.0 (Windows NT 10.0; Win64; x64) AppleWebKit/537.36 (KHTML, like Gecko) Chrome/87.0.4280.88 Safari/537.36"
[2020-12-08T13:52:04.509] [DEBUG] net_none - ::1 - - "GET /file/get?pageNum=1&pageSize=10 HTTP/1.1" 304 - "http://localhost:8080/" "Mozilla/5.0 (Windows NT 10.0; Win64; x64) AppleWebKit/537.36 (KHTML, like Gecko) Chrome/87.0.4280.88 Safari/537.36"
[2020-12-08T13:52:19.138] [DEBUG] net_none - ::1 - - "GET /file/get?pageNum=1&pageSize=10 HTTP/1.1" 304 - "http://localhost:8080/" "Mozilla/5.0 (Windows NT 10.0; Win64; x64) AppleWebKit/537.36 (KHTML, like Gecko) Chrome/87.0.4280.88 Safari/537.36"
[2020-12-08T13:53:15.126] [DEBUG] net_none - ::1 - - "GET /file/get?pageNum=1&pageSize=10 HTTP/1.1" 304 - "http://localhost:8080/" "Mozilla/5.0 (Windows NT 10.0; Win64; x64) AppleWebKit/537.36 (KHTML, like Gecko) Chrome/87.0.4280.88 Safari/537.36"
[2020-12-08T13:53:16.259] [DEBUG] net_none - ::1 - - "GET /file/get?pageNum=1&pageSize=10 HTTP/1.1" 304 - "http://localhost:8080/" "Mozilla/5.0 (Windows NT 10.0; Win64; x64) AppleWebKit/537.36 (KHTML, like Gecko) Chrome/87.0.4280.88 Safari/537.36"
[2020-12-08T13:55:32.768] [DEBUG] net_none - ::1 - - "POST /user/auth HTTP/1.1" 200 266 "http://localhost:8080/" "Mozilla/5.0 (Windows NT 10.0; Win64; x64) AppleWebKit/537.36 (KHTML, like Gecko) Chrome/87.0.4280.88 Safari/537.36"
[2020-12-08T13:55:33.289] [DEBUG] net_none - ::1 - - "GET /file/get?pageNum=1&pageSize=10 HTTP/1.1" 304 - "http://localhost:8080/" "Mozilla/5.0 (Windows NT 10.0; Win64; x64) AppleWebKit/537.36 (KHTML, like Gecko) Chrome/87.0.4280.88 Safari/537.36"
[2020-12-08T13:55:33.290] [DEBUG] net_none - ::1 - - "GET /codeSegment/get HTTP/1.1" 304 - "http://localhost:8080/" "Mozilla/5.0 (Windows NT 10.0; Win64; x64) AppleWebKit/537.36 (KHTML, like Gecko) Chrome/87.0.4280.88 Safari/537.36"
[2020-12-08T13:56:09.067] [DEBUG] net_none - ::1 - - "GET /file/get?pageNum=1&pageSize=10 HTTP/1.1" 304 - "http://localhost:8080/" "Mozilla/5.0 (Windows NT 10.0; Win64; x64) AppleWebKit/537.36 (KHTML, like Gecko) Chrome/87.0.4280.88 Safari/537.36"
[2020-12-08T13:56:09.068] [DEBUG] net_none - ::1 - - "GET /codeSegment/get HTTP/1.1" 304 - "http://localhost:8080/" "Mozilla/5.0 (Windows NT 10.0; Win64; x64) AppleWebKit/537.36 (KHTML, like Gecko) Chrome/87.0.4280.88 Safari/537.36"
[2020-12-08T13:56:13.618] [DEBUG] net_none - ::1 - - "POST /user/auth HTTP/1.1" 200 266 "http://localhost:8080/" "Mozilla/5.0 (Windows NT 10.0; Win64; x64) AppleWebKit/537.36 (KHTML, like Gecko) Chrome/87.0.4280.88 Safari/537.36"
[2020-12-08T13:56:14.150] [DEBUG] net_none - ::1 - - "GET /file/get?pageNum=1&pageSize=10 HTTP/1.1" 200 280 "http://localhost:8080/" "Mozilla/5.0 (Windows NT 10.0; Win64; x64) AppleWebKit/537.36 (KHTML, like Gecko) Chrome/87.0.4280.88 Safari/537.36"
[2020-12-08T13:56:14.151] [DEBUG] net_none - ::1 - - "GET /codeSegment/get HTTP/1.1" 200 217 "http://localhost:8080/" "Mozilla/5.0 (Windows NT 10.0; Win64; x64) AppleWebKit/537.36 (KHTML, like Gecko) Chrome/87.0.4280.88 Safari/537.36"
[2020-12-08T13:57:17.792] [DEBUG] net_none - ::1 - - "GET /file/get?pageNum=1&pageSize=10 HTTP/1.1" 304 - "http://localhost:8080/" "Mozilla/5.0 (Windows NT 10.0; Win64; x64) AppleWebKit/537.36 (KHTML, like Gecko) Chrome/87.0.4280.88 Safari/537.36"
[2020-12-08T13:57:17.794] [DEBUG] net_none - ::1 - - "GET /codeSegment/get HTTP/1.1" 304 - "http://localhost:8080/" "Mozilla/5.0 (Windows NT 10.0; Win64; x64) AppleWebKit/537.36 (KHTML, like Gecko) Chrome/87.0.4280.88 Safari/537.36"
[2020-12-08T13:57:22.575] [DEBUG] net_none - ::1 - - "POST /user/auth HTTP/1.1" 200 266 "http://localhost:8080/" "Mozilla/5.0 (Windows NT 10.0; Win64; x64) AppleWebKit/537.36 (KHTML, like Gecko) Chrome/87.0.4280.88 Safari/537.36"
[2020-12-08T13:57:23.184] [DEBUG] net_none - ::1 - - "GET /file/get?pageNum=1&pageSize=10 HTTP/1.1" 200 280 "http://localhost:8080/" "Mozilla/5.0 (Windows NT 10.0; Win64; x64) AppleWebKit/537.36 (KHTML, like Gecko) Chrome/87.0.4280.88 Safari/537.36"
[2020-12-08T13:57:23.189] [DEBUG] net_none - ::1 - - "GET /codeSegment/get HTTP/1.1" 200 217 "http://localhost:8080/" "Mozilla/5.0 (Windows NT 10.0; Win64; x64) AppleWebKit/537.36 (KHTML, like Gecko) Chrome/87.0.4280.88 Safari/537.36"
[2020-12-08T13:57:54.556] [DEBUG] net_none - ::1 - - "POST /user/auth HTTP/1.1" 200 266 "http://localhost:8080/" "Mozilla/5.0 (Windows NT 10.0; Win64; x64) AppleWebKit/537.36 (KHTML, like Gecko) Chrome/87.0.4280.88 Safari/537.36"
[2020-12-08T13:58:22.082] [DEBUG] net_none - ::1 - - "POST /user/auth HTTP/1.1" 200 266 "http://localhost:8080/" "Mozilla/5.0 (Windows NT 10.0; Win64; x64) AppleWebKit/537.36 (KHTML, like Gecko) Chrome/87.0.4280.88 Safari/537.36"
[2020-12-08T13:58:31.481] [DEBUG] net_none - ::1 - - "GET /codeSegment/get HTTP/1.1" 304 - "http://localhost:8080/" "Mozilla/5.0 (Windows NT 10.0; Win64; x64) AppleWebKit/537.36 (KHTML, like Gecko) Chrome/87.0.4280.88 Safari/537.36"
[2020-12-08T13:58:31.482] [DEBUG] net_none - ::1 - - "GET /file/get?pageNum=1&pageSize=10 HTTP/1.1" 304 - "http://localhost:8080/" "Mozilla/5.0 (Windows NT 10.0; Win64; x64) AppleWebKit/537.36 (KHTML, like Gecko) Chrome/87.0.4280.88 Safari/537.36"
[2020-12-08T13:58:35.694] [DEBUG] net_none - ::1 - - "POST /user/auth HTTP/1.1" 200 266 "http://localhost:8080/" "Mozilla/5.0 (Windows NT 10.0; Win64; x64) AppleWebKit/537.36 (KHTML, like Gecko) Chrome/87.0.4280.88 Safari/537.36"
[2020-12-08T13:58:36.289] [DEBUG] net_none - ::1 - - "GET /file/get?pageNum=1&pageSize=10 HTTP/1.1" 200 280 "http://localhost:8080/" "Mozilla/5.0 (Windows NT 10.0; Win64; x64) AppleWebKit/537.36 (KHTML, like Gecko) Chrome/87.0.4280.88 Safari/537.36"
[2020-12-08T13:58:36.291] [DEBUG] net_none - ::1 - - "GET /codeSegment/get HTTP/1.1" 200 217 "http://localhost:8080/" "Mozilla/5.0 (Windows NT 10.0; Win64; x64) AppleWebKit/537.36 (KHTML, like Gecko) Chrome/87.0.4280.88 Safari/537.36"
[2020-12-08T13:59:07.816] [DEBUG] net_none - ::1 - - "GET /file/get?pageNum=1&pageSize=10 HTTP/1.1" 304 - "http://localhost:8080/" "Mozilla/5.0 (Windows NT 10.0; Win64; x64) AppleWebKit/537.36 (KHTML, like Gecko) Chrome/87.0.4280.88 Safari/537.36"
[2020-12-08T13:59:07.818] [DEBUG] net_none - ::1 - - "GET /codeSegment/get HTTP/1.1" 304 - "http://localhost:8080/" "Mozilla/5.0 (Windows NT 10.0; Win64; x64) AppleWebKit/537.36 (KHTML, like Gecko) Chrome/87.0.4280.88 Safari/537.36"
[2020-12-08T14:39:29.636] [DEBUG] net_none - ::1 - - "GET /file/get?pageNum=1&pageSize=10 HTTP/1.1" 304 - "http://localhost:8080/" "Mozilla/5.0 (Windows NT 10.0; Win64; x64) AppleWebKit/537.36 (KHTML, like Gecko) Chrome/87.0.4280.88 Safari/537.36"
[2020-12-08T14:39:29.638] [DEBUG] net_none - ::1 - - "GET /codeSegment/get HTTP/1.1" 304 - "http://localhost:8080/" "Mozilla/5.0 (Windows NT 10.0; Win64; x64) AppleWebKit/537.36 (KHTML, like Gecko) Chrome/87.0.4280.88 Safari/537.36"
[2020-12-08T14:39:31.439] [DEBUG] net_none - ::1 - - "GET /project/get-all?account=123 HTTP/1.1" 304 - "http://localhost:8080/" "Mozilla/5.0 (Windows NT 10.0; Win64; x64) AppleWebKit/537.36 (KHTML, like Gecko) Chrome/87.0.4280.88 Safari/537.36"
[2020-12-08T14:39:31.454] [DEBUG] net_none - ::1 - - "GET /123_coverImg_61779e80-259b-11eb-814c-4ddb105585f5.png HTTP/1.1" 304 - "http://localhost:8080/" "Mozilla/5.0 (Windows NT 10.0; Win64; x64) AppleWebKit/537.36 (KHTML, like Gecko) Chrome/87.0.4280.88 Safari/537.36"
[2020-12-08T14:40:39.994] [DEBUG] net_none - ::1 - - "GET /file/get?pageNum=1&pageSize=10 HTTP/1.1" 304 - "http://localhost:8080/" "Mozilla/5.0 (Windows NT 10.0; Win64; x64) AppleWebKit/537.36 (KHTML, like Gecko) Chrome/87.0.4280.88 Safari/537.36"
[2020-12-08T14:40:43.538] [DEBUG] net_none - ::1 - - "GET /codeSegment/get?sortType=1 HTTP/1.1" 304 - "http://localhost:8080/" "Mozilla/5.0 (Windows NT 10.0; Win64; x64) AppleWebKit/537.36 (KHTML, like Gecko) Chrome/87.0.4280.88 Safari/537.36"
[2020-12-08T14:40:43.539] [DEBUG] net_none - ::1 - - "GET /project/get-all?account=123 HTTP/1.1" 304 - "http://localhost:8080/" "Mozilla/5.0 (Windows NT 10.0; Win64; x64) AppleWebKit/537.36 (KHTML, like Gecko) Chrome/87.0.4280.88 Safari/537.36"
[2020-12-08T14:40:43.577] [DEBUG] net_none - ::1 - - "GET /collection/get?account_id= HTTP/1.1" 304 - "http://localhost:8080/" "Mozilla/5.0 (Windows NT 10.0; Win64; x64) AppleWebKit/537.36 (KHTML, like Gecko) Chrome/87.0.4280.88 Safari/537.36"
[2020-12-08T14:40:43.974] [DEBUG] net_none - ::1 - - "GET /project/get-all?account=123 HTTP/1.1" 304 - "http://localhost:8080/" "Mozilla/5.0 (Windows NT 10.0; Win64; x64) AppleWebKit/537.36 (KHTML, like Gecko) Chrome/87.0.4280.88 Safari/537.36"
[2020-12-08T14:40:43.986] [DEBUG] net_none - ::1 - - "GET /123_coverImg_61779e80-259b-11eb-814c-4ddb105585f5.png HTTP/1.1" 304 - "http://localhost:8080/" "Mozilla/5.0 (Windows NT 10.0; Win64; x64) AppleWebKit/537.36 (KHTML, like Gecko) Chrome/87.0.4280.88 Safari/537.36"
[2020-12-08T14:40:45.249] [DEBUG] net_none - ::1 - - "GET /file/get?pageNum=1&pageSize=10 HTTP/1.1" 304 - "http://localhost:8080/" "Mozilla/5.0 (Windows NT 10.0; Win64; x64) AppleWebKit/537.36 (KHTML, like Gecko) Chrome/87.0.4280.88 Safari/537.36"
[2020-12-08T14:40:46.616] [DEBUG] net_none - ::1 - - "GET /collection/get?account_id= HTTP/1.1" 304 - "http://localhost:8080/" "Mozilla/5.0 (Windows NT 10.0; Win64; x64) AppleWebKit/537.36 (KHTML, like Gecko) Chrome/87.0.4280.88 Safari/537.36"
[2020-12-08T14:40:49.124] [DEBUG] net_none - ::1 - - "GET /collection/get?account_id= HTTP/1.1" 304 - "http://localhost:8080/" "Mozilla/5.0 (Windows NT 10.0; Win64; x64) AppleWebKit/537.36 (KHTML, like Gecko) Chrome/87.0.4280.88 Safari/537.36"
[2020-12-08T14:40:49.702] [DEBUG] net_none - ::1 - - "GET /codeSegment/get?sortType=1 HTTP/1.1" 304 - "http://localhost:8080/" "Mozilla/5.0 (Windows NT 10.0; Win64; x64) AppleWebKit/537.36 (KHTML, like Gecko) Chrome/87.0.4280.88 Safari/537.36"
[2020-12-08T14:40:50.252] [DEBUG] net_none - ::1 - - "GET /project/get-all?account=123 HTTP/1.1" 304 - "http://localhost:8080/" "Mozilla/5.0 (Windows NT 10.0; Win64; x64) AppleWebKit/537.36 (KHTML, like Gecko) Chrome/87.0.4280.88 Safari/537.36"
[2020-12-08T14:40:50.274] [DEBUG] net_none - ::1 - - "GET /123_coverImg_61779e80-259b-11eb-814c-4ddb105585f5.png HTTP/1.1" 304 - "http://localhost:8080/" "Mozilla/5.0 (Windows NT 10.0; Win64; x64) AppleWebKit/537.36 (KHTML, like Gecko) Chrome/87.0.4280.88 Safari/537.36"
[2020-12-08T14:40:50.849] [DEBUG] net_none - ::1 - - "GET /collection/get?account_id= HTTP/1.1" 304 - "http://localhost:8080/" "Mozilla/5.0 (Windows NT 10.0; Win64; x64) AppleWebKit/537.36 (KHTML, like Gecko) Chrome/87.0.4280.88 Safari/537.36"
[2020-12-08T14:40:51.403] [DEBUG] net_none - ::1 - - "GET /codeSegment/get?sortType=1 HTTP/1.1" 304 - "http://localhost:8080/" "Mozilla/5.0 (Windows NT 10.0; Win64; x64) AppleWebKit/537.36 (KHTML, like Gecko) Chrome/87.0.4280.88 Safari/537.36"
[2020-12-08T14:40:51.569] [DEBUG] net_none - ::1 - - "GET /project/get-all?account=123 HTTP/1.1" 304 - "http://localhost:8080/" "Mozilla/5.0 (Windows NT 10.0; Win64; x64) AppleWebKit/537.36 (KHTML, like Gecko) Chrome/87.0.4280.88 Safari/537.36"
