[2020-09-27T11:28:23.263] [DEBUG] net_none - ::1 - - "GET /project/get-all?account=slw HTTP/1.1" 500 1859 "http://localhost:8080/" "Mozilla/5.0 (Windows NT 10.0; Win64; x64) AppleWebKit/537.36 (KHTML, like Gecko) Chrome/85.0.4183.121 Safari/537.36"
[2020-09-27T11:28:39.576] [DEBUG] net_none - ::1 - - "GET /codeSegment/get?sortType=1 HTTP/1.1" 304 - "http://localhost:8080/" "Mozilla/5.0 (Windows NT 10.0; Win64; x64) AppleWebKit/537.36 (KHTML, like Gecko) Chrome/85.0.4183.121 Safari/537.36"
[2020-09-27T11:32:38.940] [DEBUG] net_none - ::1 - - "GET /project/get-all?account=slw HTTP/1.1" 500 1859 "http://localhost:8080/" "Mozilla/5.0 (Windows NT 10.0; Win64; x64) AppleWebKit/537.36 (KHTML, like Gecko) Chrome/85.0.4183.121 Safari/537.36"
[2020-09-27T11:39:34.406] [DEBUG] net_none - ::1 - - "GET /codeSegment/get?sortType=1 HTTP/1.1" 200 70 "http://localhost:8080/" "Mozilla/5.0 (Windows NT 10.0; Win64; x64) AppleWebKit/537.36 (KHTML, like Gecko) Chrome/85.0.4183.121 Safari/537.36"
[2020-09-27T11:39:34.974] [DEBUG] net_none - ::1 - - "GET /project/get-all?account=slw HTTP/1.1" 200 70 "http://localhost:8080/" "Mozilla/5.0 (Windows NT 10.0; Win64; x64) AppleWebKit/537.36 (KHTML, like Gecko) Chrome/85.0.4183.121 Safari/537.36"
[2020-09-27T11:41:09.631] [DEBUG] net_none - ::1 - - "POST /user/auth HTTP/1.1" 200 70 "http://localhost:8080/" "Mozilla/5.0 (Windows NT 10.0; Win64; x64) AppleWebKit/537.36 (KHTML, like Gecko) Chrome/85.0.4183.121 Safari/537.36"
[2020-09-27T11:41:09.875] [DEBUG] net_none - ::1 - - "GET /codeSegment/get HTTP/1.1" 200 70 "http://localhost:8080/" "Mozilla/5.0 (Windows NT 10.0; Win64; x64) AppleWebKit/537.36 (KHTML, like Gecko) Chrome/85.0.4183.121 Safari/537.36"
[2020-09-27T11:41:09.878] [DEBUG] net_none - ::1 - - "GET /project/get-all?account= HTTP/1.1" 200 70 "http://localhost:8080/" "Mozilla/5.0 (Windows NT 10.0; Win64; x64) AppleWebKit/537.36 (KHTML, like Gecko) Chrome/85.0.4183.121 Safari/537.36"
[2020-09-27T11:42:27.727] [DEBUG] net_none - ::1 - - "POST /user/auth HTTP/1.1" 200 70 "http://localhost:8080/" "Mozilla/5.0 (Windows NT 10.0; Win64; x64) AppleWebKit/537.36 (KHTML, like Gecko) Chrome/85.0.4183.121 Safari/537.36"
[2020-09-27T11:42:27.981] [DEBUG] net_none - ::1 - - "GET /codeSegment/get HTTP/1.1" 200 70 "http://localhost:8080/" "Mozilla/5.0 (Windows NT 10.0; Win64; x64) AppleWebKit/537.36 (KHTML, like Gecko) Chrome/85.0.4183.121 Safari/537.36"
[2020-09-27T11:42:27.983] [DEBUG] net_none - ::1 - - "GET /project/get-all?account= HTTP/1.1" 200 70 "http://localhost:8080/" "Mozilla/5.0 (Windows NT 10.0; Win64; x64) AppleWebKit/537.36 (KHTML, like Gecko) Chrome/85.0.4183.121 Safari/537.36"
[2020-09-27T11:42:33.536] [DEBUG] net_none - ::1 - - "GET /codeSegment/get?sortType=1 HTTP/1.1" 304 - "http://localhost:8080/" "Mozilla/5.0 (Windows NT 10.0; Win64; x64) AppleWebKit/537.36 (KHTML, like Gecko) Chrome/85.0.4183.121 Safari/537.36"
[2020-09-27T11:42:34.876] [DEBUG] net_none - ::1 - - "GET /collection/get?account_id= HTTP/1.1" 200 70 "http://localhost:8080/" "Mozilla/5.0 (Windows NT 10.0; Win64; x64) AppleWebKit/537.36 (KHTML, like Gecko) Chrome/85.0.4183.121 Safari/537.36"
[2020-09-27T11:42:35.479] [DEBUG] net_none - ::1 - - "GET /file/get?pageNum=1&pageSize=10 HTTP/1.1" 200 70 "http://localhost:8080/" "Mozilla/5.0 (Windows NT 10.0; Win64; x64) AppleWebKit/537.36 (KHTML, like Gecko) Chrome/85.0.4183.121 Safari/537.36"
[2020-09-27T11:42:42.764] [DEBUG] net_none - ::1 - - "GET /codeSegment/get?sortType=1 HTTP/1.1" 304 - "http://localhost:8080/" "Mozilla/5.0 (Windows NT 10.0; Win64; x64) AppleWebKit/537.36 (KHTML, like Gecko) Chrome/85.0.4183.121 Safari/537.36"
[2020-09-27T11:45:13.636] [DEBUG] net_none - ::1 - - "POST /user/auth HTTP/1.1" 200 64 "http://localhost:8080/" "Mozilla/5.0 (Windows NT 10.0; Win64; x64) AppleWebKit/537.36 (KHTML, like Gecko) Chrome/85.0.4183.121 Safari/537.36"
[2020-09-27T11:45:54.234] [DEBUG] net_none - ::1 - - "POST /user/auth HTTP/1.1" 200 64 "http://localhost:8080/" "Mozilla/5.0 (Windows NT 10.0; Win64; x64) AppleWebKit/537.36 (KHTML, like Gecko) Chrome/85.0.4183.121 Safari/537.36"
[2020-09-27T11:47:07.713] [DEBUG] net_none - ::1 - - "POST /user/auth HTTP/1.1" 200 64 "http://localhost:8080/" "Mozilla/5.0 (Windows NT 10.0; Win64; x64) AppleWebKit/537.36 (KHTML, like Gecko) Chrome/85.0.4183.121 Safari/537.36"
[2020-09-27T11:48:31.444] [DEBUG] net_none - ::1 - - "POST /user/auth HTTP/1.1" 200 64 "http://localhost:8080/" "Mozilla/5.0 (Windows NT 10.0; Win64; x64) AppleWebKit/537.36 (KHTML, like Gecko) Chrome/85.0.4183.121 Safari/537.36"
[2020-09-27T11:48:35.562] [DEBUG] net_none - ::1 - - "POST /user/login HTTP/1.1" 200 254 "http://localhost:8080/" "Mozilla/5.0 (Windows NT 10.0; Win64; x64) AppleWebKit/537.36 (KHTML, like Gecko) Chrome/85.0.4183.121 Safari/537.36"
[2020-09-27T11:48:36.962] [DEBUG] net_none - ::1 - - "GET /codeSegment/get HTTP/1.1" 200 1329 "http://localhost:8080/" "Mozilla/5.0 (Windows NT 10.0; Win64; x64) AppleWebKit/537.36 (KHTML, like Gecko) Chrome/85.0.4183.121 Safari/537.36"
[2020-09-27T11:48:36.975] [DEBUG] net_none - ::1 - - "GET /project/get-all?account=slw HTTP/1.1" 500 1859 "http://localhost:8080/" "Mozilla/5.0 (Windows NT 10.0; Win64; x64) AppleWebKit/537.36 (KHTML, like Gecko) Chrome/85.0.4183.121 Safari/537.36"
[2020-09-27T11:50:09.418] [DEBUG] net_none - ::1 - - "POST /user/auth HTTP/1.1" 200 266 "http://localhost:8080/" "Mozilla/5.0 (Windows NT 10.0; Win64; x64) AppleWebKit/537.36 (KHTML, like Gecko) Chrome/85.0.4183.121 Safari/537.36"
[2020-09-27T11:50:09.631] [DEBUG] net_none - ::1 - - "GET /codeSegment/get HTTP/1.1" 200 1329 "http://localhost:8080/" "Mozilla/5.0 (Windows NT 10.0; Win64; x64) AppleWebKit/537.36 (KHTML, like Gecko) Chrome/85.0.4183.121 Safari/537.36"
[2020-09-27T11:51:39.721] [DEBUG] net_none - ::1 - - "POST /user/auth HTTP/1.1" 200 266 "http://localhost:8080/" "Mozilla/5.0 (Windows NT 10.0; Win64; x64) AppleWebKit/537.36 (KHTML, like Gecko) Chrome/85.0.4183.121 Safari/537.36"
[2020-09-27T11:51:40.029] [DEBUG] net_none - ::1 - - "GET /codeSegment/get HTTP/1.1" 200 1329 "http://localhost:8080/" "Mozilla/5.0 (Windows NT 10.0; Win64; x64) AppleWebKit/537.36 (KHTML, like Gecko) Chrome/85.0.4183.121 Safari/537.36"
[2020-09-27T11:51:40.033] [DEBUG] net_none - ::1 - - "GET /project/get-all?account=slw HTTP/1.1" 500 2 "http://localhost:8080/" "Mozilla/5.0 (Windows NT 10.0; Win64; x64) AppleWebKit/537.36 (KHTML, like Gecko) Chrome/85.0.4183.121 Safari/537.36"
[2020-09-27T11:53:49.694] [DEBUG] net_none - ::1 - - "POST /user/auth HTTP/1.1" 200 266 "http://localhost:8080/" "Mozilla/5.0 (Windows NT 10.0; Win64; x64) AppleWebKit/537.36 (KHTML, like Gecko) Chrome/85.0.4183.121 Safari/537.36"
[2020-09-27T11:53:49.903] [DEBUG] net_none - ::1 - - "GET /codeSegment/get HTTP/1.1" 200 1329 "http://localhost:8080/" "Mozilla/5.0 (Windows NT 10.0; Win64; x64) AppleWebKit/537.36 (KHTML, like Gecko) Chrome/85.0.4183.121 Safari/537.36"
[2020-09-27T11:53:49.914] [DEBUG] net_none - ::1 - - "GET /project/get-all?account=slw HTTP/1.1" 500 1924 "http://localhost:8080/" "Mozilla/5.0 (Windows NT 10.0; Win64; x64) AppleWebKit/537.36 (KHTML, like Gecko) Chrome/85.0.4183.121 Safari/537.36"
[2020-09-27T11:54:56.333] [DEBUG] net_none - ::1 - - "POST /user/auth HTTP/1.1" 200 266 "http://localhost:8080/" "Mozilla/5.0 (Windows NT 10.0; Win64; x64) AppleWebKit/537.36 (KHTML, like Gecko) Chrome/85.0.4183.121 Safari/537.36"
[2020-09-27T11:54:56.575] [DEBUG] net_none - ::1 - - "GET /codeSegment/get HTTP/1.1" 200 1329 "http://localhost:8080/" "Mozilla/5.0 (Windows NT 10.0; Win64; x64) AppleWebKit/537.36 (KHTML, like Gecko) Chrome/85.0.4183.121 Safari/537.36"
[2020-09-27T11:54:56.579] [DEBUG] net_none - ::1 - - "GET /project/get-all?account=slw HTTP/1.1" 500 2 "http://localhost:8080/" "Mozilla/5.0 (Windows NT 10.0; Win64; x64) AppleWebKit/537.36 (KHTML, like Gecko) Chrome/85.0.4183.121 Safari/537.36"
[2020-09-27T12:08:27.541] [DEBUG] net_none - ::1 - - "POST /user/auth HTTP/1.1" 200 266 "http://localhost:8080/" "Mozilla/5.0 (Windows NT 10.0; Win64; x64) AppleWebKit/537.36 (KHTML, like Gecko) Chrome/85.0.4183.121 Safari/537.36"
[2020-09-27T12:08:27.876] [DEBUG] net_none - ::1 - - "GET /project/get-all?account=slw HTTP/1.1" 500 2 "http://localhost:8080/" "Mozilla/5.0 (Windows NT 10.0; Win64; x64) AppleWebKit/537.36 (KHTML, like Gecko) Chrome/85.0.4183.121 Safari/537.36"
[2020-09-27T12:08:27.879] [DEBUG] net_none - ::1 - - "GET /codeSegment/get HTTP/1.1" 200 1329 "http://localhost:8080/" "Mozilla/5.0 (Windows NT 10.0; Win64; x64) AppleWebKit/537.36 (KHTML, like Gecko) Chrome/85.0.4183.121 Safari/537.36"
[2020-09-27T12:13:24.940] [DEBUG] net_none - ::1 - - "POST /user/auth HTTP/1.1" 200 266 "http://localhost:8080/" "Mozilla/5.0 (Windows NT 10.0; Win64; x64) AppleWebKit/537.36 (KHTML, like Gecko) Chrome/85.0.4183.121 Safari/537.36"
[2020-09-27T12:13:25.212] [DEBUG] net_none - ::1 - - "GET /project/get-all?account=slw HTTP/1.1" 500 2 "http://localhost:8080/" "Mozilla/5.0 (Windows NT 10.0; Win64; x64) AppleWebKit/537.36 (KHTML, like Gecko) Chrome/85.0.4183.121 Safari/537.36"
[2020-09-27T12:13:25.221] [DEBUG] net_none - ::1 - - "GET /codeSegment/get HTTP/1.1" 200 1329 "http://localhost:8080/" "Mozilla/5.0 (Windows NT 10.0; Win64; x64) AppleWebKit/537.36 (KHTML, like Gecko) Chrome/85.0.4183.121 Safari/537.36"
[2020-09-27T12:13:42.498] [DEBUG] net_none - ::1 - - "POST /user/auth HTTP/1.1" 200 266 "http://localhost:8080/" "Mozilla/5.0 (Windows NT 10.0; Win64; x64) AppleWebKit/537.36 (KHTML, like Gecko) Chrome/85.0.4183.121 Safari/537.36"
[2020-09-27T12:13:42.750] [DEBUG] net_none - ::1 - - "GET /codeSegment/get HTTP/1.1" 200 1329 "http://localhost:8080/" "Mozilla/5.0 (Windows NT 10.0; Win64; x64) AppleWebKit/537.36 (KHTML, like Gecko) Chrome/85.0.4183.121 Safari/537.36"
[2020-09-27T12:13:42.757] [DEBUG] net_none - ::1 - - "GET /project/get-all?account=slw HTTP/1.1" 200 3379 "http://localhost:8080/" "Mozilla/5.0 (Windows NT 10.0; Win64; x64) AppleWebKit/537.36 (KHTML, like Gecko) Chrome/85.0.4183.121 Safari/537.36"
[2020-09-27T12:19:48.524] [DEBUG] net_none - ::1 - - "POST /user/auth HTTP/1.1" 200 266 "http://localhost:8080/" "Mozilla/5.0 (Windows NT 10.0; Win64; x64) AppleWebKit/537.36 (KHTML, like Gecko) Chrome/85.0.4183.121 Safari/537.36"
[2020-09-27T12:19:50.020] [DEBUG] net_none - ::1 - - "GET /codeSegment/get HTTP/1.1" 200 1329 "http://localhost:8080/" "Mozilla/5.0 (Windows NT 10.0; Win64; x64) AppleWebKit/537.36 (KHTML, like Gecko) Chrome/85.0.4183.121 Safari/537.36"
[2020-09-27T12:19:50.022] [DEBUG] net_none - ::1 - - "GET /project/get-all?account=slw HTTP/1.1" 200 3379 "http://localhost:8080/" "Mozilla/5.0 (Windows NT 10.0; Win64; x64) AppleWebKit/537.36 (KHTML, like Gecko) Chrome/85.0.4183.121 Safari/537.36"
[2020-09-27T12:25:28.762] [DEBUG] net_none - ::1 - - "POST /user/auth HTTP/1.1" 200 266 "http://localhost:8080/" "Mozilla/5.0 (Windows NT 10.0; Win64; x64) AppleWebKit/537.36 (KHTML, like Gecko) Chrome/85.0.4183.121 Safari/537.36"
[2020-09-27T12:25:31.277] [DEBUG] net_none - ::1 - - "GET /codeSegment/get HTTP/1.1" 200 1329 "http://localhost:8080/" "Mozilla/5.0 (Windows NT 10.0; Win64; x64) AppleWebKit/537.36 (KHTML, like Gecko) Chrome/85.0.4183.121 Safari/537.36"
[2020-09-27T12:25:31.282] [DEBUG] net_none - ::1 - - "GET /project/get-all?account=slw HTTP/1.1" 200 3379 "http://localhost:8080/" "Mozilla/5.0 (Windows NT 10.0; Win64; x64) AppleWebKit/537.36 (KHTML, like Gecko) Chrome/85.0.4183.121 Safari/537.36"
[2020-09-27T12:26:26.923] [DEBUG] net_none - ::1 - - "POST /user/auth HTTP/1.1" 200 266 "http://localhost:8080/" "Mozilla/5.0 (Windows NT 10.0; Win64; x64) AppleWebKit/537.36 (KHTML, like Gecko) Chrome/85.0.4183.121 Safari/537.36"
[2020-09-27T12:26:28.559] [DEBUG] net_none - ::1 - - "GET /codeSegment/get HTTP/1.1" 200 1329 "http://localhost:8080/" "Mozilla/5.0 (Windows NT 10.0; Win64; x64) AppleWebKit/537.36 (KHTML, like Gecko) Chrome/85.0.4183.121 Safari/537.36"
[2020-09-27T12:26:28.563] [DEBUG] net_none - ::1 - - "GET /project/get-all?account=slw HTTP/1.1" 200 3379 "http://localhost:8080/" "Mozilla/5.0 (Windows NT 10.0; Win64; x64) AppleWebKit/537.36 (KHTML, like Gecko) Chrome/85.0.4183.121 Safari/537.36"
[2020-09-27T12:26:58.154] [DEBUG] net_none - ::1 - - "POST /user/auth HTTP/1.1" 200 266 "http://localhost:8080/" "Mozilla/5.0 (Windows NT 10.0; Win64; x64) AppleWebKit/537.36 (KHTML, like Gecko) Chrome/85.0.4183.121 Safari/537.36"
[2020-09-27T12:26:59.736] [DEBUG] net_none - ::1 - - "GET /codeSegment/get HTTP/1.1" 200 1329 "http://localhost:8080/" "Mozilla/5.0 (Windows NT 10.0; Win64; x64) AppleWebKit/537.36 (KHTML, like Gecko) Chrome/85.0.4183.121 Safari/537.36"
[2020-09-27T12:26:59.739] [DEBUG] net_none - ::1 - - "GET /project/get-all?account=slw HTTP/1.1" 200 3379 "http://localhost:8080/" "Mozilla/5.0 (Windows NT 10.0; Win64; x64) AppleWebKit/537.36 (KHTML, like Gecko) Chrome/85.0.4183.121 Safari/537.36"
[2020-09-27T12:28:09.451] [DEBUG] net_none - ::1 - - "POST /user/auth HTTP/1.1" 200 266 "http://localhost:8080/" "Mozilla/5.0 (Windows NT 10.0; Win64; x64) AppleWebKit/537.36 (KHTML, like Gecko) Chrome/85.0.4183.121 Safari/537.36"
[2020-09-27T12:28:10.973] [DEBUG] net_none - ::1 - - "GET /codeSegment/get HTTP/1.1" 200 1329 "http://localhost:8080/" "Mozilla/5.0 (Windows NT 10.0; Win64; x64) AppleWebKit/537.36 (KHTML, like Gecko) Chrome/85.0.4183.121 Safari/537.36"
[2020-09-27T12:28:10.974] [DEBUG] net_none - ::1 - - "GET /project/get-all?account=slw HTTP/1.1" 200 3379 "http://localhost:8080/" "Mozilla/5.0 (Windows NT 10.0; Win64; x64) AppleWebKit/537.36 (KHTML, like Gecko) Chrome/85.0.4183.121 Safari/537.36"
[2020-09-27T12:29:47.009] [DEBUG] net_none - ::1 - - "POST /user/auth HTTP/1.1" 200 266 "http://localhost:8080/" "Mozilla/5.0 (Windows NT 10.0; Win64; x64) AppleWebKit/537.36 (KHTML, like Gecko) Chrome/85.0.4183.121 Safari/537.36"
[2020-09-27T12:29:48.608] [DEBUG] net_none - ::1 - - "GET /codeSegment/get HTTP/1.1" 200 1329 "http://localhost:8080/" "Mozilla/5.0 (Windows NT 10.0; Win64; x64) AppleWebKit/537.36 (KHTML, like Gecko) Chrome/85.0.4183.121 Safari/537.36"
[2020-09-27T12:29:48.614] [DEBUG] net_none - ::1 - - "GET /project/get-all?account=slw HTTP/1.1" 200 3379 "http://localhost:8080/" "Mozilla/5.0 (Windows NT 10.0; Win64; x64) AppleWebKit/537.36 (KHTML, like Gecko) Chrome/85.0.4183.121 Safari/537.36"
[2020-09-27T12:30:04.671] [DEBUG] net_none - ::1 - - "POST /file/upload HTTP/1.1" 200 70 "http://localhost:8080/" "Mozilla/5.0 (Windows NT 10.0; Win64; x64) AppleWebKit/537.36 (KHTML, like Gecko) Chrome/85.0.4183.121 Safari/537.36"
[2020-09-27T12:32:44.773] [DEBUG] net_none - ::1 - - "POST /user/auth HTTP/1.1" 200 266 "http://localhost:8080/" "Mozilla/5.0 (Windows NT 10.0; Win64; x64) AppleWebKit/537.36 (KHTML, like Gecko) Chrome/85.0.4183.121 Safari/537.36"
[2020-09-27T12:32:46.374] [DEBUG] net_none - ::1 - - "GET /codeSegment/get HTTP/1.1" 200 1329 "http://localhost:8080/" "Mozilla/5.0 (Windows NT 10.0; Win64; x64) AppleWebKit/537.36 (KHTML, like Gecko) Chrome/85.0.4183.121 Safari/537.36"
[2020-09-27T12:32:46.375] [DEBUG] net_none - ::1 - - "GET /project/get-all?account=slw HTTP/1.1" 200 3379 "http://localhost:8080/" "Mozilla/5.0 (Windows NT 10.0; Win64; x64) AppleWebKit/537.36 (KHTML, like Gecko) Chrome/85.0.4183.121 Safari/537.36"
[2020-09-27T12:34:13.837] [DEBUG] net_none - ::1 - - "POST /user/auth HTTP/1.1" 200 266 "http://localhost:8080/" "Mozilla/5.0 (Windows NT 10.0; Win64; x64) AppleWebKit/537.36 (KHTML, like Gecko) Chrome/85.0.4183.121 Safari/537.36"
[2020-09-27T12:34:15.384] [DEBUG] net_none - ::1 - - "GET /codeSegment/get HTTP/1.1" 200 1329 "http://localhost:8080/" "Mozilla/5.0 (Windows NT 10.0; Win64; x64) AppleWebKit/537.36 (KHTML, like Gecko) Chrome/85.0.4183.121 Safari/537.36"
[2020-09-27T12:34:15.387] [DEBUG] net_none - ::1 - - "GET /project/get-all?account=slw HTTP/1.1" 200 3379 "http://localhost:8080/" "Mozilla/5.0 (Windows NT 10.0; Win64; x64) AppleWebKit/537.36 (KHTML, like Gecko) Chrome/85.0.4183.121 Safari/537.36"
[2020-09-27T12:34:25.827] [DEBUG] net_none - ::1 - - "POST /file/upload HTTP/1.1" 200 73 "http://localhost:8080/" "Mozilla/5.0 (Windows NT 10.0; Win64; x64) AppleWebKit/537.36 (KHTML, like Gecko) Chrome/85.0.4183.121 Safari/537.36"
[2020-09-27T12:34:47.899] [DEBUG] net_none - ::1 - - "POST /file/upload HTTP/1.1" 200 73 "http://localhost:8080/" "Mozilla/5.0 (Windows NT 10.0; Win64; x64) AppleWebKit/537.36 (KHTML, like Gecko) Chrome/85.0.4183.121 Safari/537.36"
[2020-09-27T12:34:47.916] [DEBUG] net_none - ::1 - - "GET /slw/noResult%20-%20%E5%89%AF%E6%9C%AC.PNG HTTP/1.1" 200 53288 "http://localhost:8080/" "Mozilla/5.0 (Windows NT 10.0; Win64; x64) AppleWebKit/537.36 (KHTML, like Gecko) Chrome/85.0.4183.121 Safari/537.36"
[2020-09-27T12:37:32.370] [DEBUG] net_none - ::1 - - "POST /file/upload HTTP/1.1" 200 73 "http://localhost:8080/" "Mozilla/5.0 (Windows NT 10.0; Win64; x64) AppleWebKit/537.36 (KHTML, like Gecko) Chrome/85.0.4183.121 Safari/537.36"
[2020-09-27T12:40:04.233] [DEBUG] net_none - ::1 - - "POST /user/auth HTTP/1.1" 200 266 "http://localhost:8080/" "Mozilla/5.0 (Windows NT 10.0; Win64; x64) AppleWebKit/537.36 (KHTML, like Gecko) Chrome/85.0.4183.121 Safari/537.36"
[2020-09-27T12:40:05.751] [DEBUG] net_none - ::1 - - "GET /codeSegment/get HTTP/1.1" 200 1329 "http://localhost:8080/" "Mozilla/5.0 (Windows NT 10.0; Win64; x64) AppleWebKit/537.36 (KHTML, like Gecko) Chrome/85.0.4183.121 Safari/537.36"
[2020-09-27T12:40:05.753] [DEBUG] net_none - ::1 - - "GET /project/get-all?account=slw HTTP/1.1" 200 3379 "http://localhost:8080/" "Mozilla/5.0 (Windows NT 10.0; Win64; x64) AppleWebKit/537.36 (KHTML, like Gecko) Chrome/85.0.4183.121 Safari/537.36"
[2020-09-27T12:51:33.610] [DEBUG] net_none - ::1 - - "POST /user/auth HTTP/1.1" 200 266 "http://localhost:8080/" "Mozilla/5.0 (Windows NT 10.0; Win64; x64) AppleWebKit/537.36 (KHTML, like Gecko) Chrome/85.0.4183.121 Safari/537.36"
[2020-09-27T12:51:35.201] [DEBUG] net_none - ::1 - - "GET /codeSegment/get HTTP/1.1" 200 1329 "http://localhost:8080/" "Mozilla/5.0 (Windows NT 10.0; Win64; x64) AppleWebKit/537.36 (KHTML, like Gecko) Chrome/85.0.4183.121 Safari/537.36"
[2020-09-27T12:51:35.203] [DEBUG] net_none - ::1 - - "GET /project/get-all?account=slw HTTP/1.1" 200 3379 "http://localhost:8080/" "Mozilla/5.0 (Windows NT 10.0; Win64; x64) AppleWebKit/537.36 (KHTML, like Gecko) Chrome/85.0.4183.121 Safari/537.36"
[2020-09-27T12:52:10.325] [DEBUG] net_none - ::1 - - "GET /401022707/%E4%B8%8A%E4%BC%A0/test.png HTTP/1.1" 404 176 "" "Mozilla/5.0 (Windows NT 10.0; Win64; x64) AppleWebKit/537.36 (KHTML, like Gecko) Chrome/85.0.4183.121 Safari/537.36"
[2020-09-27T12:52:17.880] [DEBUG] net_none - ::1 - - "GET /401022708/noResult.png HTTP/1.1" 200 53288 "" "Mozilla/5.0 (Windows NT 10.0; Win64; x64) AppleWebKit/537.36 (KHTML, like Gecko) Chrome/85.0.4183.121 Safari/537.36"
[2020-09-27T12:52:17.930] [DEBUG] net_none - ::1 - - "GET /favicon.ico HTTP/1.1" 404 150 "http://localhost:8881/401022708/noResult.png" "Mozilla/5.0 (Windows NT 10.0; Win64; x64) AppleWebKit/537.36 (KHTML, like Gecko) Chrome/85.0.4183.121 Safari/537.36"
[2020-09-27T13:01:17.043] [DEBUG] net_none - ::1 - - "GET /401022708/noResult.png HTTP/1.1" 304 - "http://localhost:8080/" "Mozilla/5.0 (Windows NT 10.0; Win64; x64) AppleWebKit/537.36 (KHTML, like Gecko) Chrome/85.0.4183.121 Safari/537.36"
[2020-09-27T15:22:25.117] [DEBUG] net_none - ::1 - - "GET /project/get-all?account=slw HTTP/1.1" 304 - "http://localhost:8080/" "Mozilla/5.0 (Windows NT 10.0; Win64; x64) AppleWebKit/537.36 (KHTML, like Gecko) Chrome/85.0.4183.121 Safari/537.36"
[2020-09-27T15:30:04.639] [DEBUG] net_none - ::1 - - "POST /user/auth HTTP/1.1" 200 266 "http://localhost:8080/" "Mozilla/5.0 (Windows NT 10.0; Win64; x64) AppleWebKit/537.36 (KHTML, like Gecko) Chrome/85.0.4183.121 Safari/537.36"
[2020-09-27T15:30:06.390] [DEBUG] net_none - ::1 - - "GET /codeSegment/get HTTP/1.1" 200 1329 "http://localhost:8080/" "Mozilla/5.0 (Windows NT 10.0; Win64; x64) AppleWebKit/537.36 (KHTML, like Gecko) Chrome/85.0.4183.121 Safari/537.36"
[2020-09-27T15:30:06.396] [DEBUG] net_none - ::1 - - "GET /project/get-all?account=slw HTTP/1.1" 200 3379 "http://localhost:8080/" "Mozilla/5.0 (Windows NT 10.0; Win64; x64) AppleWebKit/537.36 (KHTML, like Gecko) Chrome/85.0.4183.121 Safari/537.36"
[2020-09-27T15:38:24.880] [DEBUG] net_none - ::1 - - "POST /project/update HTTP/1.1" 200 33 "http://localhost:8080/" "Mozilla/5.0 (Windows NT 10.0; Win64; x64) AppleWebKit/537.36 (KHTML, like Gecko) Chrome/85.0.4183.121 Safari/537.36"
[2020-09-27T15:38:28.124] [DEBUG] net_none - ::1 - - "GET /codeSegment/get HTTP/1.1" 304 - "http://localhost:8080/" "Mozilla/5.0 (Windows NT 10.0; Win64; x64) AppleWebKit/537.36 (KHTML, like Gecko) Chrome/85.0.4183.121 Safari/537.36"
[2020-09-27T15:38:28.129] [DEBUG] net_none - ::1 - - "GET /project/get-all?account=slw HTTP/1.1" 200 5062 "http://localhost:8080/" "Mozilla/5.0 (Windows NT 10.0; Win64; x64) AppleWebKit/537.36 (KHTML, like Gecko) Chrome/85.0.4183.121 Safari/537.36"
[2020-09-27T15:38:29.830] [DEBUG] net_none - ::1 - - "GET /file/get?pageNum=1&pageSize=10 HTTP/1.1" 304 - "http://localhost:8080/" "Mozilla/5.0 (Windows NT 10.0; Win64; x64) AppleWebKit/537.36 (KHTML, like Gecko) Chrome/85.0.4183.121 Safari/537.36"
[2020-09-27T15:38:36.086] [DEBUG] net_none - ::1 - - "GET /project/get-all?account=slw HTTP/1.1" 304 - "http://localhost:8080/" "Mozilla/5.0 (Windows NT 10.0; Win64; x64) AppleWebKit/537.36 (KHTML, like Gecko) Chrome/85.0.4183.121 Safari/537.36"
[2020-09-27T15:48:43.244] [DEBUG] net_none - ::1 - - "POST /user/auth HTTP/1.1" 200 266 "http://localhost:8080/" "Mozilla/5.0 (Windows NT 10.0; Win64; x64) AppleWebKit/537.36 (KHTML, like Gecko) Chrome/85.0.4183.121 Safari/537.36"
[2020-09-27T15:48:44.933] [DEBUG] net_none - ::1 - - "GET /codeSegment/get HTTP/1.1" 200 1329 "http://localhost:8080/" "Mozilla/5.0 (Windows NT 10.0; Win64; x64) AppleWebKit/537.36 (KHTML, like Gecko) Chrome/85.0.4183.121 Safari/537.36"
[2020-09-27T15:48:44.934] [DEBUG] net_none - ::1 - - "GET /project/get-all?account=slw HTTP/1.1" 200 5062 "http://localhost:8080/" "Mozilla/5.0 (Windows NT 10.0; Win64; x64) AppleWebKit/537.36 (KHTML, like Gecko) Chrome/85.0.4183.121 Safari/537.36"
[2020-09-27T15:48:54.002] [DEBUG] net_none - ::1 - - "GET /project/get-all?account=slw HTTP/1.1" 304 - "http://localhost:8080/" "Mozilla/5.0 (Windows NT 10.0; Win64; x64) AppleWebKit/537.36 (KHTML, like Gecko) Chrome/85.0.4183.121 Safari/537.36"
[2020-09-27T15:56:06.208] [DEBUG] net_none - ::1 - - "POST /user/auth HTTP/1.1" 200 266 "http://localhost:8080/" "Mozilla/5.0 (Windows NT 10.0; Win64; x64) AppleWebKit/537.36 (KHTML, like Gecko) Chrome/85.0.4183.121 Safari/537.36"
[2020-09-27T15:56:07.688] [DEBUG] net_none - ::1 - - "GET /codeSegment/get HTTP/1.1" 200 1329 "http://localhost:8080/" "Mozilla/5.0 (Windows NT 10.0; Win64; x64) AppleWebKit/537.36 (KHTML, like Gecko) Chrome/85.0.4183.121 Safari/537.36"
[2020-09-27T15:56:07.689] [DEBUG] net_none - ::1 - - "GET /project/get-all?account=slw HTTP/1.1" 200 5062 "http://localhost:8080/" "Mozilla/5.0 (Windows NT 10.0; Win64; x64) AppleWebKit/537.36 (KHTML, like Gecko) Chrome/85.0.4183.121 Safari/537.36"
[2020-09-27T15:58:20.511] [DEBUG] net_none - ::1 - - "POST /user/auth HTTP/1.1" 200 266 "http://localhost:8080/" "Mozilla/5.0 (Windows NT 10.0; Win64; x64) AppleWebKit/537.36 (KHTML, like Gecko) Chrome/85.0.4183.121 Safari/537.36"
[2020-09-27T15:58:22.025] [DEBUG] net_none - ::1 - - "GET /codeSegment/get HTTP/1.1" 200 1329 "http://localhost:8080/" "Mozilla/5.0 (Windows NT 10.0; Win64; x64) AppleWebKit/537.36 (KHTML, like Gecko) Chrome/85.0.4183.121 Safari/537.36"
[2020-09-27T15:58:22.027] [DEBUG] net_none - ::1 - - "GET /project/get-all?account=slw HTTP/1.1" 200 5062 "http://localhost:8080/" "Mozilla/5.0 (Windows NT 10.0; Win64; x64) AppleWebKit/537.36 (KHTML, like Gecko) Chrome/85.0.4183.121 Safari/537.36"
[2020-09-27T15:59:14.791] [DEBUG] net_none - ::1 - - "POST /user/auth HTTP/1.1" 200 266 "http://localhost:8080/" "Mozilla/5.0 (Windows NT 10.0; Win64; x64) AppleWebKit/537.36 (KHTML, like Gecko) Chrome/85.0.4183.121 Safari/537.36"
[2020-09-27T15:59:16.351] [DEBUG] net_none - ::1 - - "GET /codeSegment/get HTTP/1.1" 200 1329 "http://localhost:8080/" "Mozilla/5.0 (Windows NT 10.0; Win64; x64) AppleWebKit/537.36 (KHTML, like Gecko) Chrome/85.0.4183.121 Safari/537.36"
[2020-09-27T15:59:16.355] [DEBUG] net_none - ::1 - - "GET /project/get-all?account=slw HTTP/1.1" 200 5062 "http://localhost:8080/" "Mozilla/5.0 (Windows NT 10.0; Win64; x64) AppleWebKit/537.36 (KHTML, like Gecko) Chrome/85.0.4183.121 Safari/537.36"
[2020-09-27T16:11:37.533] [DEBUG] net_none - ::1 - - "POST /user/auth HTTP/1.1" 200 266 "http://localhost:8080/" "Mozilla/5.0 (Windows NT 10.0; Win64; x64) AppleWebKit/537.36 (KHTML, like Gecko) Chrome/85.0.4183.121 Safari/537.36"
[2020-09-27T16:11:39.414] [DEBUG] net_none - ::1 - - "GET /codeSegment/get HTTP/1.1" 200 1329 "http://localhost:8080/" "Mozilla/5.0 (Windows NT 10.0; Win64; x64) AppleWebKit/537.36 (KHTML, like Gecko) Chrome/85.0.4183.121 Safari/537.36"
[2020-09-27T16:11:39.416] [DEBUG] net_none - ::1 - - "GET /project/get-all?account=slw HTTP/1.1" 200 5062 "http://localhost:8080/" "Mozilla/5.0 (Windows NT 10.0; Win64; x64) AppleWebKit/537.36 (KHTML, like Gecko) Chrome/85.0.4183.121 Safari/537.36"
[2020-09-27T16:14:14.928] [DEBUG] net_none - ::1 - - "POST /user/auth HTTP/1.1" 200 266 "http://localhost:8080/" "Mozilla/5.0 (Windows NT 10.0; Win64; x64) AppleWebKit/537.36 (KHTML, like Gecko) Chrome/85.0.4183.121 Safari/537.36"
[2020-09-27T16:14:16.419] [DEBUG] net_none - ::1 - - "GET /codeSegment/get HTTP/1.1" 200 1329 "http://localhost:8080/" "Mozilla/5.0 (Windows NT 10.0; Win64; x64) AppleWebKit/537.36 (KHTML, like Gecko) Chrome/85.0.4183.121 Safari/537.36"
[2020-09-27T16:14:16.420] [DEBUG] net_none - ::1 - - "GET /project/get-all?account=slw HTTP/1.1" 200 5062 "http://localhost:8080/" "Mozilla/5.0 (Windows NT 10.0; Win64; x64) AppleWebKit/537.36 (KHTML, like Gecko) Chrome/85.0.4183.121 Safari/537.36"
[2020-09-27T16:18:30.884] [DEBUG] net_none - ::1 - - "POST /user/auth HTTP/1.1" 200 266 "http://localhost:8080/" "Mozilla/5.0 (Windows NT 10.0; Win64; x64) AppleWebKit/537.36 (KHTML, like Gecko) Chrome/85.0.4183.121 Safari/537.36"
[2020-09-27T16:18:32.446] [DEBUG] net_none - ::1 - - "GET /codeSegment/get HTTP/1.1" 200 1329 "http://localhost:8080/" "Mozilla/5.0 (Windows NT 10.0; Win64; x64) AppleWebKit/537.36 (KHTML, like Gecko) Chrome/85.0.4183.121 Safari/537.36"
[2020-09-27T16:18:32.448] [DEBUG] net_none - ::1 - - "GET /project/get-all?account=slw HTTP/1.1" 200 5062 "http://localhost:8080/" "Mozilla/5.0 (Windows NT 10.0; Win64; x64) AppleWebKit/537.36 (KHTML, like Gecko) Chrome/85.0.4183.121 Safari/537.36"
[2020-09-27T16:53:40.023] [DEBUG] net_none - ::1 - - "POST /user/auth HTTP/1.1" 200 266 "http://localhost:8080/" "Mozilla/5.0 (Windows NT 10.0; Win64; x64) AppleWebKit/537.36 (KHTML, like Gecko) Chrome/85.0.4183.121 Safari/537.36"
[2020-09-27T16:53:41.574] [DEBUG] net_none - ::1 - - "GET /codeSegment/get HTTP/1.1" 200 1329 "http://localhost:8080/" "Mozilla/5.0 (Windows NT 10.0; Win64; x64) AppleWebKit/537.36 (KHTML, like Gecko) Chrome/85.0.4183.121 Safari/537.36"
[2020-09-27T16:53:41.578] [DEBUG] net_none - ::1 - - "GET /project/get-all?account=slw HTTP/1.1" 200 5062 "http://localhost:8080/" "Mozilla/5.0 (Windows NT 10.0; Win64; x64) AppleWebKit/537.36 (KHTML, like Gecko) Chrome/85.0.4183.121 Safari/537.36"
[2020-09-27T17:43:13.572] [DEBUG] net_none - ::1 - - "POST /user/auth HTTP/1.1" 200 266 "http://localhost:8080/" "Mozilla/5.0 (Windows NT 10.0; Win64; x64) AppleWebKit/537.36 (KHTML, like Gecko) Chrome/85.0.4183.121 Safari/537.36"
[2020-09-27T17:43:15.148] [DEBUG] net_none - ::1 - - "GET /codeSegment/get HTTP/1.1" 200 1329 "http://localhost:8080/" "Mozilla/5.0 (Windows NT 10.0; Win64; x64) AppleWebKit/537.36 (KHTML, like Gecko) Chrome/85.0.4183.121 Safari/537.36"
[2020-09-27T17:43:15.157] [DEBUG] net_none - ::1 - - "GET /project/get-all?account=slw HTTP/1.1" 200 5062 "http://localhost:8080/" "Mozilla/5.0 (Windows NT 10.0; Win64; x64) AppleWebKit/537.36 (KHTML, like Gecko) Chrome/85.0.4183.121 Safari/537.36"
